#
# There is insufficient memory for the Java Runtime Environment to continue.
# Native memory allocation (mmap) failed to map 130023424 bytes for G1 virtual space
# Possible reasons:
#   The system is out of physical RAM or swap space
#   The process is running with CompressedOops enabled, and the Java Heap may be blocking the growth of the native heap
# Possible solutions:
#   Reduce memory load on the system
#   Increase physical memory or swap space
#   Check if swap backing store is full
#   Decrease Java heap size (-Xmx/-Xms)
#   Decrease number of Java threads
#   Decrease Java thread stack sizes (-Xss)
#   Set larger code cache with -XX:ReservedCodeCacheSize=
#   JVM is running with Unscaled Compressed Oops mode in which the Java heap is
#     placed in the first 4GB address space. The Java Heap base address is the
#     maximum limit for the native heap growth. Please use -XX:HeapBaseMinAddress
#     to set the Java Heap base and to place the Java Heap above 4GB virtual address.
# This output file may be truncated or incomplete.
#
#  Out of Memory Error (os_windows.cpp:3825), pid=8820, tid=29312
#
# JRE version:  (17.0.8.1+7) (build )
# Java VM: OpenJDK 64-Bit Server VM (17.0.8.1+7-b1059.3, mixed mode, sharing, tiered, compressed oops, compressed class ptrs, g1 gc, windows-amd64)
# No core dump will be written. Minidumps are not enabled by default on client versions of Windows
#

---------------  S U M M A R Y ------------

Command Line: --module-path=C:\Users\DELL£\.m2\repository\org\openjfx\javafx-base\17\javafx-base-17-win.jar;C:\Users\DELL£\.m2\repository\org\openjfx\javafx-base\17\javafx-base-17.jar;C:\Users\DELL£\.m2\repository\org\openjfx\javafx-controls\17\javafx-controls-17-win.jar;C:\Users\DELL£\.m2\repository\org\openjfx\javafx-controls\17\javafx-controls-17.jar;C:\Users\DELL£\.m2\repository\org\openjfx\javafx-fxml\17\javafx-fxml-17-win.jar;C:\Users\DELL£\.m2\repository\org\openjfx\javafx-fxml\17\javafx-fxml-17.jar;C:\Users\DELL£\.m2\repository\org\openjfx\javafx-graphics\17\javafx-graphics-17-win.jar;C:\Users\DELL£\.m2\repository\org\openjfx\javafx-graphics\17\javafx-graphics-17.jar;C:\Users\DELL£\.m2\repository\org\openjfx\javafx-swing\17\javafx-swing-17-win.jar;C:\Users\DELL£\.m2\repository\org\openjfx\javafx-swing\17\javafx-swing-17.jar --add-modules=javafx.base,javafx.base,javafx.controls,javafx.controls,javafx.fxml,javafx.fxml,javafx.graphics,javafx.graphics,javafx.swing,javafx.swing tn.esprit.test.MainFX

Host: 11th Gen Intel(R) Core(TM) i5-1135G7 @ 2.40GHz, 8 cores, 7G,  Windows 10 , 64 bit Build 19041 (10.0.19041.3636)
Time: Sun Mar  3 21:15:35 2024 Paris, Madrid elapsed time: 0.014671 seconds (0d 0h 0m 0s)

---------------  T H R E A D  ---------------

Current thread (0x00000213eb2b7830):  JavaThread "Unknown thread" [_thread_in_vm, id=29312, stack(0x0000009851d00000,0x0000009851e00000)]

Stack: [0x0000009851d00000,0x0000009851e00000]
Native frames: (J=compiled Java code, j=interpreted, Vv=VM code, C=native code)
V  [jvm.dll+0x6852da]  os::platform_print_native_stack+0xca  (os_windows_x86.cpp:235)
V  [jvm.dll+0x844ad4]  VMError::report+0xc34  (vmError.cpp:741)
V  [jvm.dll+0x8463ee]  VMError::report_and_die+0x78e  (vmError.cpp:1582)
V  [jvm.dll+0x846a53]  VMError::report_and_die+0x43  (vmError.cpp:1368)
V  [jvm.dll+0x24b7cf]  report_vm_out_of_memory+0x8f  (debug.cpp:321)
V  [jvm.dll+0x682099]  os::pd_commit_memory_or_exit+0xc9  (os_windows.cpp:3833)
V  [jvm.dll+0x67677a]  os::commit_memory_or_exit+0x2a  (os.cpp:1750)
V  [jvm.dll+0x30be2b]  G1PageBasedVirtualSpace::commit+0x19b  (g1PageBasedVirtualSpace.cpp:204)
V  [jvm.dll+0x3132d6]  G1RegionsLargerThanCommitSizeMapper::commit_regions+0x96  (g1RegionToSpaceMapper.cpp:100)
V  [jvm.dll+0x36302e]  HeapRegionManager::expand_any+0xee  (heapRegionManager.cpp:363)
V  [jvm.dll+0x36325f]  HeapRegionManager::expand_by+0x7f  (heapRegionManager.cpp:380)
V  [jvm.dll+0x2e1f48]  G1CollectedHeap::expand+0xb8  (g1CollectedHeap.cpp:1298)
V  [jvm.dll+0x2e2eb4]  G1CollectedHeap::initialize+0x664  (g1CollectedHeap.cpp:1719)
V  [jvm.dll+0x815a61]  universe_init+0xb1  (universe.cpp:736)
V  [jvm.dll+0x370df1]  init_globals+0x31  (init.cpp:124)
V  [jvm.dll+0x7f4e2c]  Threads::create_vm+0x60c  (thread.cpp:2901)
V  [jvm.dll+0x3f3f1f]  JNI_CreateJavaVM_inner+0x8f  (jni.cpp:3635)
V  [jvm.dll+0x3f5b31]  JNI_CreateJavaVM+0x11  (jni.cpp:3727)
C  [jli.dll+0x528f]  JavaMain+0x113  (java.c:413)
C  [ucrtbase.dll+0x21bb2]
C  [KERNEL32.DLL+0x17344]
C  [ntdll.dll+0x526b1]


---------------  P R O C E S S  ---------------

Threads class SMR info:
_java_thread_list=0x00007ffd0c9100d8, length=0, elements={
}

Java Threads: ( => current thread )

Other Threads:
  0x00000213eb3114a0 GCTaskThread "GC Thread#0" [stack: 0x0000009851e00000,0x0000009851f00000] [id=18952]
  0x00000213eb321bf0 ConcurrentGCThread "G1 Main Marker" [stack: 0x0000009851f00000,0x0000009852000000] [id=23812]
  0x00000213eb322da0 ConcurrentGCThread "G1 Conc#0" [stack: 0x0000009852000000,0x0000009852100000] [id=15828]

[error occurred during error reporting (printing all threads), id 0xc0000005, EXCEPTION_ACCESS_VIOLATION (0xc0000005) at pc=0x00007ffd0c0c2ab7]

VM state: not at safepoint (not fully initialized)

VM Mutex/Monitor currently owned by a thread:  ([mutex/lock_event])
[0x00000213eb1ea440] Heap_lock - owner thread: 0x00000213eb2b7830

Heap address: 0x0000000084000000, size: 1984 MB, Compressed Oops mode: 32-bit

CDS archive(s) mapped at: [0x0000000000000000-0x0000000000000000-0x0000000000000000), size 0, SharedBaseAddress: 0x0000000800000000, ArchiveRelocationMode: 1.
Narrow klass base: 0x0000000000000000, Narrow klass shift: 0, Narrow klass range: 0x0

GC Precious Log:
<Empty>

Heap:
 garbage-first heap   total 0K, used 0K [0x0000000084000000, 0x0000000100000000)
  region size 1024K, 0 young (0K), 0 survivors (0K)
 Metaspace       used 0K, committed 0K, reserved 0K
  class space    used 0K, committed 0K, reserved 0K

Heap Regions: E=young(eden), S=young(survivor), O=old, HS=humongous(starts), HC=humongous(continues), CS=collection set, F=free, OA=open archive, CA=closed archive, TAMS=top-at-mark-start (previous, next)

Card table byte_map: [0x00000213803e0000,0x00000213807c0000] _byte_map_base: 0x000002137ffc0000

Marking Bits (Prev, Next): (CMBitMap*) 0x00000213eb311ac0, (CMBitMap*) 0x00000213eb311b00
 Prev Bits: [0x0000021380ba0000, 0x0000021382aa0000)
 Next Bits: [0x0000021382aa0000, 0x00000213849a0000)

GC Heap History (0 events):
No events

Dll operation events (1 events):
Event: 0.006 Loaded shared library C:\Users\DELL£\.jdks\jbr-17.0.8.1\bin\java.dll

Deoptimization events (0 events):
No events

Classes unloaded (0 events):
No events

Classes redefined (0 events):
No events

Internal exceptions (0 events):
No events

VM Operations (0 events):
No events

Events (0 events):
No events


Dynamic libraries:
0x00007ff6427c0000 - 0x00007ff6427ca000 	C:\Users\DELL£\.jdks\jbr-17.0.8.1\bin\java.exe
0x00007ffd67fb0000 - 0x00007ffd681a8000 	C:\Windows\SYSTEM32\ntdll.dll
0x00007ffd67330000 - 0x00007ffd673ed000 	C:\Windows\System32\KERNEL32.DLL
0x00007ffd65a10000 - 0x00007ffd65d06000 	C:\Windows\System32\KERNELBASE.dll
0x00007ffd65670000 - 0x00007ffd65770000 	C:\Windows\System32\ucrtbase.dll
0x00007ffd60d30000 - 0x00007ffd60d47000 	C:\Users\DELL£\.jdks\jbr-17.0.8.1\bin\jli.dll
0x00007ffd61470000 - 0x00007ffd6148b000 	C:\Users\DELL£\.jdks\jbr-17.0.8.1\bin\VCRUNTIME140.dll
0x00007ffd67190000 - 0x00007ffd6732e000 	C:\Windows\System32\USER32.dll
0x00007ffd4d320000 - 0x00007ffd4d5ba000 	C:\Windows\WinSxS\amd64_microsoft.windows.common-controls_6595b64144ccf1df_6.0.19041.3636_none_60b6a03d71f818d5\COMCTL32.dll
0x00007ffd65770000 - 0x00007ffd65792000 	C:\Windows\System32\win32u.dll
0x00007ffd65fc0000 - 0x00007ffd6605e000 	C:\Windows\System32\msvcrt.dll
0x00007ffd66590000 - 0x00007ffd665bb000 	C:\Windows\System32\GDI32.dll
0x00007ffd658f0000 - 0x00007ffd65a07000 	C:\Windows\System32\gdi32full.dll
0x00007ffd65850000 - 0x00007ffd658ed000 	C:\Windows\System32\msvcp_win.dll
0x00007ffd67dd0000 - 0x00007ffd67e02000 	C:\Windows\System32\IMM32.DLL
0x00007ffd60d20000 - 0x00007ffd60d2c000 	C:\Users\DELL£\.jdks\jbr-17.0.8.1\bin\vcruntime140_1.dll
0x00007ffd60c90000 - 0x00007ffd60d1d000 	C:\Users\DELL£\.jdks\jbr-17.0.8.1\bin\msvcp140.dll
0x00007ffd0bdd0000 - 0x00007ffd0ca53000 	C:\Users\DELL£\.jdks\jbr-17.0.8.1\bin\server\jvm.dll
0x00007ffd66420000 - 0x00007ffd664d3000 	C:\Windows\System32\ADVAPI32.dll
0x00007ffd67640000 - 0x00007ffd676df000 	C:\Windows\System32\sechost.dll
0x00007ffd67e10000 - 0x00007ffd67f36000 	C:\Windows\System32\RPCRT4.dll
0x00007ffd65640000 - 0x00007ffd65667000 	C:\Windows\System32\bcrypt.dll
0x00007ffd56580000 - 0x00007ffd565a7000 	C:\Windows\SYSTEM32\WINMM.dll
0x00007ffd64b90000 - 0x00007ffd64bdb000 	C:\Windows\SYSTEM32\POWRPROF.dll
0x00007ffd457a0000 - 0x00007ffd457a9000 	C:\Windows\SYSTEM32\WSOCK32.dll
0x00007ffd586a0000 - 0x00007ffd586aa000 	C:\Windows\SYSTEM32\VERSION.dll
0x00007ffd678f0000 - 0x00007ffd6795b000 	C:\Windows\System32\WS2_32.dll
0x00007ffd64a50000 - 0x00007ffd64a62000 	C:\Windows\SYSTEM32\UMPDC.dll
0x00007ffd63e80000 - 0x00007ffd63e92000 	C:\Windows\SYSTEM32\kernel.appcore.dll
0x00007ffd60700000 - 0x00007ffd6070a000 	C:\Users\DELL£\.jdks\jbr-17.0.8.1\bin\jimage.dll
0x00007ffd631c0000 - 0x00007ffd633a4000 	C:\Windows\SYSTEM32\DBGHELP.DLL
0x00007ffd4bcd0000 - 0x00007ffd4bd04000 	C:\Windows\SYSTEM32\dbgcore.DLL
0x00007ffd65dd0000 - 0x00007ffd65e52000 	C:\Windows\System32\bcryptPrimitives.dll
0x00007ffd5ed40000 - 0x00007ffd5ed65000 	C:\Users\DELL£\.jdks\jbr-17.0.8.1\bin\java.dll

dbghelp: loaded successfully - version: 4.0.5 - missing functions: none
symbol engine: initialized successfully - sym options: 0x614 - pdb path: .;C:\Users\DELL£\.jdks\jbr-17.0.8.1\bin;C:\Windows\SYSTEM32;C:\Windows\WinSxS\amd64_microsoft.windows.common-controls_6595b64144ccf1df_6.0.19041.3636_none_60b6a03d71f818d5;C:\Users\DELL£\.jdks\jbr-17.0.8.1\bin\server

VM Arguments:
jvm_args: --module-path=C:\Users\DELL£\.m2\repository\org\openjfx\javafx-base\17\javafx-base-17-win.jar;C:\Users\DELL£\.m2\repository\org\openjfx\javafx-base\17\javafx-base-17.jar;C:\Users\DELL£\.m2\repository\org\openjfx\javafx-controls\17\javafx-controls-17-win.jar;C:\Users\DELL£\.m2\repository\org\openjfx\javafx-controls\17\javafx-controls-17.jar;C:\Users\DELL£\.m2\repository\org\openjfx\javafx-fxml\17\javafx-fxml-17-win.jar;C:\Users\DELL£\.m2\repository\org\openjfx\javafx-fxml\17\javafx-fxml-17.jar;C:\Users\DELL£\.m2\repository\org\openjfx\javafx-graphics\17\javafx-graphics-17-win.jar;C:\Users\DELL£\.m2\repository\org\openjfx\javafx-graphics\17\javafx-graphics-17.jar;C:\Users\DELL£\.m2\repository\org\openjfx\javafx-swing\17\javafx-swing-17-win.jar;C:\Users\DELL£\.m2\repository\org\openjfx\javafx-swing\17\javafx-swing-17.jar --add-modules=javafx.base,javafx.base,javafx.controls,javafx.controls,javafx.fxml,javafx.fxml,javafx.graphics,javafx.graphics,javafx.swing,javafx.swing 
java_command: tn.esprit.test.MainFX
java_class_path (initial): D:\ProjetPDEV3A8-Smart-City-Codemasters\target\classes;C:\Users\DELL£\.m2\repository\com\beust\jcommander\1.48\jcommander-1.48.jar;C:\Users\DELL£\.m2\repository\com\fasterxml\jackson\core\jackson-annotations\2.14.0\jackson-annotations-2.14.0.jar;C:\Users\DELL£\.m2\repository\com\fasterxml\jackson\core\jackson-core\2.14.0\jackson-core-2.14.0.jar;C:\Users\DELL£\.m2\repository\com\fasterxml\jackson\core\jackson-databind\2.14.0\jackson-databind-2.14.0.jar;C:\Users\DELL£\.m2\repository\com\fasterxml\jackson\dataformat\jackson-dataformat-xml\2.14.0\jackson-dataformat-xml-2.14.0.jar;C:\Users\DELL£\.m2\repository\com\fasterxml\jackson\datatype\jackson-datatype-jsr310\2.14.0\jackson-datatype-jsr310-2.14.0.jar;C:\Users\DELL£\.m2\repository\com\fasterxml\woodstox\woodstox-core\6.4.0\woodstox-core-6.4.0.jar;C:\Users\DELL£\.m2\repository\com\github\jai-imageio\jai-imageio-core\1.3.1\jai-imageio-core-1.3.1.jar;C:\Users\DELL£\.m2\repository\com\github\kenglxn\qrgen\core\2.6.0\core-2.6.0.jar;C:\Users\DELL£\.m2\repository\com\github\kenglxn\qrgen\javase\2.6.0\javase-2.6.0.jar;C:\Users\DELL£\.m2\repository\com\google\code\gson\gson\2.8.6\gson-2.8.6.jar;C:\Users\DELL£\.m2\repository\com\google\protobuf\protobuf-java\3.21.9\protobuf-java-3.21.9.jar;C:\Users\DELL£\.m2\repository\com\google\zxing\core\3.4.1\core-3.4.1.jar;C:\Users\DELL£\.m2\repository\com\google\zxing\javase\3.3.0\javase-3.3.0.jar;C:\Users\DELL£\.m2\repository\com\itextpdf\itextpdf\5.5.13.3\itextpdf-5.5.13.3.jar;C:\Users\DELL£\.m2\repository\com\mysql\mysql-connector-j\8.0.33\mysql-connector-j-8.0.33.jar;C:\Users\DELL£\.m2\repository\com\stripe\stripe-java\20.63.0\stripe-java-20.63.0.jar;C:\Users\DELL£\.m2\repository\com\twilio\sdk\twilio\10.1.0\twilio-10.1.0.jar;C:\Users\DELL£\.m2\repository\commons-codec\commons-codec\1.15\commons-codec-1.15.jar;C:\Users\DELL£\.m2\repository\commons-io\commons-io\2.7\commons-io-2.7.jar;C:\Users\DELL£\.m2\repository\commons-logging\commons-logging\1.2\common
Launcher Type: SUN_STANDARD

[Global flags]
     intx CICompilerCount                          = 4                                         {product} {ergonomic}
     uint ConcGCThreads                            = 2                                         {product} {ergonomic}
     uint G1ConcRefinementThreads                  = 8                                         {product} {ergonomic}
   size_t G1HeapRegionSize                         = 1048576                                   {product} {ergonomic}
    uintx GCDrainStackTargetSize                   = 64                                        {product} {ergonomic}
   size_t InitialHeapSize                          = 130023424                                 {product} {ergonomic}
   size_t MarkStackSize                            = 4194304                                   {product} {ergonomic}
   size_t MaxHeapSize                              = 2080374784                                {product} {ergonomic}
   size_t MinHeapDeltaBytes                        = 1048576                                   {product} {ergonomic}
   size_t MinHeapSize                              = 8388608                                   {product} {ergonomic}
    uintx NonNMethodCodeHeapSize                   = 5839372                                {pd product} {ergonomic}
    uintx NonProfiledCodeHeapSize                  = 122909434                              {pd product} {ergonomic}
    uintx ProfiledCodeHeapSize                     = 122909434                              {pd product} {ergonomic}
    uintx ReservedCodeCacheSize                    = 251658240                              {pd product} {ergonomic}
     bool SegmentedCodeCache                       = true                                      {product} {ergonomic}
   size_t SoftMaxHeapSize                          = 2080374784                             {manageable} {ergonomic}
     bool UseCompressedClassPointers               = true                           {product lp64_product} {ergonomic}
     bool UseCompressedOops                        = true                           {product lp64_product} {ergonomic}
     bool UseG1GC                                  = true                                      {product} {ergonomic}
     bool UseLargePagesIndividualAllocation        = false                                  {pd product} {ergonomic}

Logging:
Log output configuration:
 #0: stdout all=warning uptime,level,tags
 #1: stderr all=off uptime,level,tags

Environment Variables:
PATH=C:\oraclexe\app\oracle\product\11.2.0\server\bin;;C:\Users\DELL£\.jdks\jbr-17.0.8.1\bin;C:\oraclexe\app\oracle\product\11.2.0\server\bin;C:\oraclexe\app\oracle\product\10.2.0\server\bin;C:\Program Files (x86)\Common Files\Intel\Shared Libraries\redist\intel64\compiler;C:\Windows\system32;C:\Windows;C:\Windows\System32\Wbem;C:\Windows\System32\WindowsPowerShell\v1.0\;C:\Windows\System32\OpenSSH\;C:\Program Files (x86)\dotnet\;C:\Program Files (x86)\Microchip\MPLAB C32 Suite\bin;C:\xampp\php;C:\xampp\php;C:\Strawberry\c\bin;C:\Strawberry\perl\site\bin;C:\Strawberry\perl\bin;C:\oraclexe\app\oracle\product\11.2.0\server\bin;C:\intantclient12_2;C:\oraclexe\app\oracle\admin\XE;C:\oraclexe;C:\Program Files\Git\cmd;C:\ProgramData\ComposerSetup\bin;C:\Users\DELL£\scoop\shims;C:\Users\DELL£\AppData\Local\Microsoft\WindowsApps;C:\Program Files\CodeBlocks\MinGW;C:\Users\DELL£\AppData\Local\Programs\Microsoft VS Code\bin;C:\Users\DELL£\AppData\Local\GitHubDesktop\bin;C:\Users\DELL£\composer;C:\Users\DELL£\AppData\Roaming\Composer\vendor\bin
USERNAME=DELL£
OS=Windows_NT
PROCESSOR_IDENTIFIER=Intel64 Family 6 Model 140 Stepping 1, GenuineIntel
TMP=C:\Users\DELL~1\AppData\Local\Temp
TEMP=C:\Users\DELL~1\AppData\Local\Temp


JNI global refs:
JNI global refs: 0, weak refs: 0

JNI global refs memory usage: 0, weak refs: 0

OOME stack traces (most recent first):
Classloader memory used:


---------------  S Y S T E M  ---------------

OS:
 Windows 10 , 64 bit Build 19041 (10.0.19041.3636)
OS uptime: 9 days 17:50 hours

CPU: total 8 (initial active 8) (4 cores per cpu, 2 threads per core) family 6 model 140 stepping 1 microcode 0xb4, cx8, cmov, fxsr, ht, mmx, 3dnowpref, sse, sse2, sse3, ssse3, sse4.1, sse4.2, popcnt, lzcnt, tsc, tscinvbit, avx, avx2, aes, erms, clmul, bmi1, bmi2, adx, avx512f, avx512dq, avx512cd, avx512bw, avx512vl, sha, fma, vzeroupper, avx512_vpopcntdq, avx512_vpclmulqdq, avx512_vaes, avx512_vnni, clflush, clflushopt, clwb, avx512_vbmi2, avx512_vbmi
Processor Information for all 8 processors :
  Max Mhz: 1382, Current Mhz: 1382, Mhz Limit: 1382

Memory: 4k page, system-wide physical 7934M (391M free)
TotalPageFile size 24312M (AvailPageFile size 68M)
current process WorkingSet (physical memory assigned to process): 37M, peak: 37M
current process commit charge ("private bytes"): 86M, peak: 184M

vm_info: OpenJDK 64-Bit Server VM (17.0.8.1+7-b1059.3) for windows-amd64 JRE (17.0.8.1+7-b1059.3), built on 2023-09-11 by "builduser" with MS VC++ 16.10 / 16.11 (VS2019)

END.
