#
# There is insufficient memory for the Java Runtime Environment to continue.
# Native memory allocation (malloc) failed to allocate 575536 bytes for Chunk::new
# Possible reasons:
#   The system is out of physical RAM or swap space
#   The process is running with CompressedOops enabled, and the Java Heap may be blocking the growth of the native heap
# Possible solutions:
#   Reduce memory load on the system
#   Increase physical memory or swap space
#   Check if swap backing store is full
#   Decrease Java heap size (-Xmx/-Xms)
#   Decrease number of Java threads
#   Decrease Java thread stack sizes (-Xss)
#   Set larger code cache with -XX:ReservedCodeCacheSize=
#   JVM is running with Unscaled Compressed Oops mode in which the Java heap is
#     placed in the first 4GB address space. The Java Heap base address is the
#     maximum limit for the native heap growth. Please use -XX:HeapBaseMinAddress
#     to set the Java Heap base and to place the Java Heap above 4GB virtual address.
# This output file may be truncated or incomplete.
#
#  Out of Memory Error (arena.cpp:189), pid=11016, tid=30048
#
# JRE version: OpenJDK Runtime Environment JBR-17.0.8.1+7-1059.3-nomod (17.0.8.1+7) (build 17.0.8.1+7-b1059.3)
# Java VM: OpenJDK 64-Bit Server VM JBR-17.0.8.1+7-1059.3-nomod (17.0.8.1+7-b1059.3, mixed mode, tiered, compressed oops, compressed class ptrs, g1 gc, windows-amd64)
# No core dump will be written. Minidumps are not enabled by default on client versions of Windows
#

---------------  S U M M A R Y ------------

Command Line: -Dmaven.multiModuleProjectDirectory=D:\version_final_projet\ProjetPDEV3A8-Smart-City-Codemasters -Djansi.passthrough=true -Dmaven.home=C:\Program Files\JetBrains\IntelliJ IDEA 2023.2.1\plugins\maven\lib\maven3 -Dclassworlds.conf=C:\Program Files\JetBrains\IntelliJ IDEA 2023.2.1\plugins\maven\lib\maven3\bin\m2.conf -Dmaven.ext.class.path=C:\Program Files\JetBrains\IntelliJ IDEA 2023.2.1\plugins\maven\lib\maven-event-listener.jar -javaagent:C:\Program Files\JetBrains\IntelliJ IDEA 2023.2.1\lib\idea_rt.jar=60258:C:\Program Files\JetBrains\IntelliJ IDEA 2023.2.1\bin -Dfile.encoding=UTF-8 org.codehaus.classworlds.Launcher -Didea.version=2023.2.1 org.openjfx:javafx-maven-plugin:0.0.8:run

Host: 12th Gen Intel(R) Core(TM) i7-12700H, 20 cores, 7G,  Windows 10 , 64 bit Build 19041 (10.0.19041.3636)
Time: Wed May 15 21:49:31 2024 Europe centrale elapsed time: 0.838970 seconds (0d 0h 0m 0s)

---------------  T H R E A D  ---------------

Current thread (0x00000204ab74f290):  JavaThread "C2 CompilerThread0" daemon [_thread_in_native, id=30048, stack(0x00000093a8900000,0x00000093a8a00000)]


Current CompileTask:
C2:    838 1941   !   4       java.net.URL::<init> (543 bytes)

Stack: [0x00000093a8900000,0x00000093a8a00000]
Native frames: (J=compiled Java code, j=interpreted, Vv=VM code, C=native code)
V  [jvm.dll+0x6852da]


---------------  P R O C E S S  ---------------

Threads class SMR info:
_java_thread_list=0x00000204aba60cb0, length=17, elements={
0x00000204907165f0, 0x00000204ab704370, 0x00000204ab704f00, 0x00000204ab70f2e0,
0x00000204ab74d400, 0x00000204ab74dcd0, 0x00000204ab74e5a0, 0x00000204ab74f290,
0x00000204ab74fc90, 0x00000204ab7526a0, 0x00000204aabc9400, 0x00000204ab9020f0,
0x00000204ab903270, 0x00000204ab903ba0, 0x00000204ab984bf0, 0x00000204aba7c570,
0x00000204aba242b0
}

Java Threads: ( => current thread )
  0x00000204907165f0 JavaThread "main" [_thread_in_vm, id=31416, stack(0x00000093a7c00000,0x00000093a7d00000)]
  0x00000204ab704370 JavaThread "Reference Handler" daemon [_thread_blocked, id=25624, stack(0x00000093a8300000,0x00000093a8400000)]
  0x00000204ab704f00 JavaThread "Finalizer" daemon [_thread_blocked, id=28692, stack(0x00000093a8400000,0x00000093a8500000)]
  0x00000204ab70f2e0 JavaThread "Signal Dispatcher" daemon [_thread_blocked, id=13608, stack(0x00000093a8500000,0x00000093a8600000)]
  0x00000204ab74d400 JavaThread "Attach Listener" daemon [_thread_blocked, id=16772, stack(0x00000093a8600000,0x00000093a8700000)]
  0x00000204ab74dcd0 JavaThread "Service Thread" daemon [_thread_blocked, id=9816, stack(0x00000093a8700000,0x00000093a8800000)]
  0x00000204ab74e5a0 JavaThread "Monitor Deflation Thread" daemon [_thread_blocked, id=18640, stack(0x00000093a8800000,0x00000093a8900000)]
=>0x00000204ab74f290 JavaThread "C2 CompilerThread0" daemon [_thread_in_native, id=30048, stack(0x00000093a8900000,0x00000093a8a00000)]
  0x00000204ab74fc90 JavaThread "C1 CompilerThread0" daemon [_thread_blocked, id=21132, stack(0x00000093a8a00000,0x00000093a8b00000)]
  0x00000204ab7526a0 JavaThread "Sweeper thread" daemon [_thread_blocked, id=28744, stack(0x00000093a8b00000,0x00000093a8c00000)]
  0x00000204aabc9400 JavaThread "Common-Cleaner" daemon [_thread_blocked, id=17552, stack(0x00000093a8c00000,0x00000093a8d00000)]
  0x00000204ab9020f0 JavaThread "C1 CompilerThread1" daemon [_thread_blocked, id=23564, stack(0x00000093a8d00000,0x00000093a8e00000)]
  0x00000204ab903270 JavaThread "C1 CompilerThread2" daemon [_thread_blocked, id=14504, stack(0x00000093a8e00000,0x00000093a8f00000)]
  0x00000204ab903ba0 JavaThread "C1 CompilerThread3" daemon [_thread_blocked, id=24496, stack(0x00000093a8f00000,0x00000093a9000000)]
  0x00000204ab984bf0 JavaThread "C2 CompilerThread1" daemon [_thread_blocked, id=12960, stack(0x00000093a9000000,0x00000093a9100000)]
  0x00000204aba7c570 JavaThread "Monitor Ctrl-Break" daemon [_thread_in_native, id=21480, stack(0x00000093a9100000,0x00000093a9200000)]
  0x00000204aba242b0 JavaThread "Notification Thread" daemon [_thread_blocked, id=6920, stack(0x00000093a9200000,0x00000093a9300000)]

Other Threads:
  0x00000204aabe2f90 VMThread "VM Thread" [stack: 0x00000093a8200000,0x00000093a8300000] [id=25264]
  0x00000204907175b0 WatcherThread [stack: 0x00000093a9300000,0x00000093a9400000] [id=7120]
  0x000002049076a950 GCTaskThread "GC Thread#0" [stack: 0x00000093a7d00000,0x00000093a7e00000] [id=39196]
  0x00000204b09ab2e0 GCTaskThread "GC Thread#1" [stack: 0x00000093a9400000,0x00000093a9500000] [id=39752]
  0x00000204b09d58c0 GCTaskThread "GC Thread#2" [stack: 0x00000093a9500000,0x00000093a9600000] [id=34764]
  0x00000204b0b55680 GCTaskThread "GC Thread#3" [stack: 0x00000093a9600000,0x00000093a9700000] [id=18256]
  0x00000204b0b55d50 GCTaskThread "GC Thread#4" [stack: 0x00000093a9700000,0x00000093a9800000] [id=10912]
  0x00000204b0b56010 GCTaskThread "GC Thread#5" [stack: 0x00000093a9800000,0x00000093a9900000] [id=18156]
  0x00000204b0b562d0 GCTaskThread "GC Thread#6" [stack: 0x00000093a9900000,0x00000093a9a00000] [id=28848]
  0x00000204b0b56590 GCTaskThread "GC Thread#7" [stack: 0x00000093a9a00000,0x00000093a9b00000] [id=18224]
  0x00000204b0bf5130 GCTaskThread "GC Thread#8" [stack: 0x00000093a9b00000,0x00000093a9c00000] [id=19484]
  0x00000204b0d09aa0 GCTaskThread "GC Thread#9" [stack: 0x00000093a9c00000,0x00000093a9d00000] [id=20348]
  0x000002049077ce00 ConcurrentGCThread "G1 Main Marker" [stack: 0x00000093a7e00000,0x00000093a7f00000] [id=37756]
  0x000002049077d720 ConcurrentGCThread "G1 Conc#0" [stack: 0x00000093a7f00000,0x00000093a8000000] [id=7976]
  0x00000204907cc0b0 ConcurrentGCThread "G1 Refine#0" [stack: 0x00000093a8000000,0x00000093a8100000] [id=30596]
  0x00000204907ccae0 ConcurrentGCThread "G1 Service" [stack: 0x00000093a8100000,0x00000093a8200000] [id=9036]

Threads with active compile tasks:
C2 CompilerThread0      890 1941   !   4       java.net.URL::<init> (543 bytes)
C1 CompilerThread3      890 2222       3       com.google.common.cache.LocalCache::recordsWrite (20 bytes)

VM state: not at safepoint (normal execution)

VM Mutex/Monitor currently owned by a thread: None

Heap address: 0x0000000084e00000, size: 1970 MB, Compressed Oops mode: 32-bit

CDS archive(s) not mapped
Compressed class space mapped at: 0x0000000100000000-0x0000000140000000, reserved size: 1073741824
Narrow klass base: 0x0000000000000000, Narrow klass shift: 3, Narrow klass range: 0x140000000

GC Precious Log:
 CPUs: 20 total, 20 available
 Memory: 7876M
 Large Page Support: Disabled
 NUMA Support: Disabled
 Compressed Oops: Enabled (32-bit)
 Heap Region Size: 1M
 Heap Min Capacity: 8M
 Heap Initial Capacity: 124M
 Heap Max Capacity: 1970M
 Pre-touch: Disabled
 Parallel Workers: 15
 Concurrent Workers: 4
 Concurrent Refinement Workers: 15
 Periodic GC: Disabled

Heap:
 garbage-first heap   total 126976K, used 14942K [0x0000000084e00000, 0x0000000100000000)
  region size 1024K, 12 young (12288K), 2 survivors (2048K)
 Metaspace       used 20552K, committed 20736K, reserved 1114112K
  class space    used 2280K, committed 2368K, reserved 1048576K

Heap Regions: E=young(eden), S=young(survivor), O=old, HS=humongous(starts), HC=humongous(continues), CS=collection set, F=free, OA=open archive, CA=closed archive, TAMS=top-at-mark-start (previous, next)
|   0|0x0000000084e00000, 0x0000000084f00000, 0x0000000084f00000|100%| O|  |TAMS 0x0000000084e00000, 0x0000000084e00000| Untracked 
|   1|0x0000000084f00000, 0x0000000085000000, 0x0000000085000000|100%| O|  |TAMS 0x0000000084f00000, 0x0000000084f00000| Untracked 
|   2|0x0000000085000000, 0x0000000085100000, 0x0000000085100000|100%| O|  |TAMS 0x0000000085000000, 0x0000000085000000| Untracked 
|   3|0x0000000085100000, 0x00000000851bfa00, 0x0000000085200000| 74%| O|  |TAMS 0x0000000085100000, 0x0000000085100000| Untracked 
|   4|0x0000000085200000, 0x0000000085200000, 0x0000000085300000|  0%| F|  |TAMS 0x0000000085200000, 0x0000000085200000| Untracked 
|   5|0x0000000085300000, 0x0000000085300000, 0x0000000085400000|  0%| F|  |TAMS 0x0000000085300000, 0x0000000085300000| Untracked 
|   6|0x0000000085400000, 0x0000000085400000, 0x0000000085500000|  0%| F|  |TAMS 0x0000000085400000, 0x0000000085400000| Untracked 
|   7|0x0000000085500000, 0x0000000085500000, 0x0000000085600000|  0%| F|  |TAMS 0x0000000085500000, 0x0000000085500000| Untracked 
|   8|0x0000000085600000, 0x0000000085600000, 0x0000000085700000|  0%| F|  |TAMS 0x0000000085600000, 0x0000000085600000| Untracked 
|   9|0x0000000085700000, 0x0000000085700000, 0x0000000085800000|  0%| F|  |TAMS 0x0000000085700000, 0x0000000085700000| Untracked 
|  10|0x0000000085800000, 0x0000000085800000, 0x0000000085900000|  0%| F|  |TAMS 0x0000000085800000, 0x0000000085800000| Untracked 
|  11|0x0000000085900000, 0x0000000085900000, 0x0000000085a00000|  0%| F|  |TAMS 0x0000000085900000, 0x0000000085900000| Untracked 
|  12|0x0000000085a00000, 0x0000000085a00000, 0x0000000085b00000|  0%| F|  |TAMS 0x0000000085a00000, 0x0000000085a00000| Untracked 
|  13|0x0000000085b00000, 0x0000000085b00000, 0x0000000085c00000|  0%| F|  |TAMS 0x0000000085b00000, 0x0000000085b00000| Untracked 
|  14|0x0000000085c00000, 0x0000000085c00000, 0x0000000085d00000|  0%| F|  |TAMS 0x0000000085c00000, 0x0000000085c00000| Untracked 
|  15|0x0000000085d00000, 0x0000000085d00000, 0x0000000085e00000|  0%| F|  |TAMS 0x0000000085d00000, 0x0000000085d00000| Untracked 
|  16|0x0000000085e00000, 0x0000000085e00000, 0x0000000085f00000|  0%| F|  |TAMS 0x0000000085e00000, 0x0000000085e00000| Untracked 
|  17|0x0000000085f00000, 0x0000000085f00000, 0x0000000086000000|  0%| F|  |TAMS 0x0000000085f00000, 0x0000000085f00000| Untracked 
|  18|0x0000000086000000, 0x0000000086000000, 0x0000000086100000|  0%| F|  |TAMS 0x0000000086000000, 0x0000000086000000| Untracked 
|  19|0x0000000086100000, 0x0000000086100000, 0x0000000086200000|  0%| F|  |TAMS 0x0000000086100000, 0x0000000086100000| Untracked 
|  20|0x0000000086200000, 0x0000000086200000, 0x0000000086300000|  0%| F|  |TAMS 0x0000000086200000, 0x0000000086200000| Untracked 
|  21|0x0000000086300000, 0x0000000086300000, 0x0000000086400000|  0%| F|  |TAMS 0x0000000086300000, 0x0000000086300000| Untracked 
|  22|0x0000000086400000, 0x0000000086400000, 0x0000000086500000|  0%| F|  |TAMS 0x0000000086400000, 0x0000000086400000| Untracked 
|  23|0x0000000086500000, 0x0000000086500000, 0x0000000086600000|  0%| F|  |TAMS 0x0000000086500000, 0x0000000086500000| Untracked 
|  24|0x0000000086600000, 0x0000000086600000, 0x0000000086700000|  0%| F|  |TAMS 0x0000000086600000, 0x0000000086600000| Untracked 
|  25|0x0000000086700000, 0x0000000086700000, 0x0000000086800000|  0%| F|  |TAMS 0x0000000086700000, 0x0000000086700000| Untracked 
|  26|0x0000000086800000, 0x0000000086800000, 0x0000000086900000|  0%| F|  |TAMS 0x0000000086800000, 0x0000000086800000| Untracked 
|  27|0x0000000086900000, 0x0000000086900000, 0x0000000086a00000|  0%| F|  |TAMS 0x0000000086900000, 0x0000000086900000| Untracked 
|  28|0x0000000086a00000, 0x0000000086a00000, 0x0000000086b00000|  0%| F|  |TAMS 0x0000000086a00000, 0x0000000086a00000| Untracked 
|  29|0x0000000086b00000, 0x0000000086b00000, 0x0000000086c00000|  0%| F|  |TAMS 0x0000000086b00000, 0x0000000086b00000| Untracked 
|  30|0x0000000086c00000, 0x0000000086c00000, 0x0000000086d00000|  0%| F|  |TAMS 0x0000000086c00000, 0x0000000086c00000| Untracked 
|  31|0x0000000086d00000, 0x0000000086d00000, 0x0000000086e00000|  0%| F|  |TAMS 0x0000000086d00000, 0x0000000086d00000| Untracked 
|  32|0x0000000086e00000, 0x0000000086e00000, 0x0000000086f00000|  0%| F|  |TAMS 0x0000000086e00000, 0x0000000086e00000| Untracked 
|  33|0x0000000086f00000, 0x0000000086f00000, 0x0000000087000000|  0%| F|  |TAMS 0x0000000086f00000, 0x0000000086f00000| Untracked 
|  34|0x0000000087000000, 0x0000000087000000, 0x0000000087100000|  0%| F|  |TAMS 0x0000000087000000, 0x0000000087000000| Untracked 
|  35|0x0000000087100000, 0x0000000087100000, 0x0000000087200000|  0%| F|  |TAMS 0x0000000087100000, 0x0000000087100000| Untracked 
|  36|0x0000000087200000, 0x0000000087200000, 0x0000000087300000|  0%| F|  |TAMS 0x0000000087200000, 0x0000000087200000| Untracked 
|  37|0x0000000087300000, 0x0000000087300000, 0x0000000087400000|  0%| F|  |TAMS 0x0000000087300000, 0x0000000087300000| Untracked 
|  38|0x0000000087400000, 0x0000000087400000, 0x0000000087500000|  0%| F|  |TAMS 0x0000000087400000, 0x0000000087400000| Untracked 
|  39|0x0000000087500000, 0x0000000087500000, 0x0000000087600000|  0%| F|  |TAMS 0x0000000087500000, 0x0000000087500000| Untracked 
|  40|0x0000000087600000, 0x0000000087600000, 0x0000000087700000|  0%| F|  |TAMS 0x0000000087600000, 0x0000000087600000| Untracked 
|  41|0x0000000087700000, 0x0000000087700000, 0x0000000087800000|  0%| F|  |TAMS 0x0000000087700000, 0x0000000087700000| Untracked 
|  42|0x0000000087800000, 0x0000000087800000, 0x0000000087900000|  0%| F|  |TAMS 0x0000000087800000, 0x0000000087800000| Untracked 
|  43|0x0000000087900000, 0x0000000087900000, 0x0000000087a00000|  0%| F|  |TAMS 0x0000000087900000, 0x0000000087900000| Untracked 
|  44|0x0000000087a00000, 0x0000000087a00000, 0x0000000087b00000|  0%| F|  |TAMS 0x0000000087a00000, 0x0000000087a00000| Untracked 
|  45|0x0000000087b00000, 0x0000000087b00000, 0x0000000087c00000|  0%| F|  |TAMS 0x0000000087b00000, 0x0000000087b00000| Untracked 
|  46|0x0000000087c00000, 0x0000000087c00000, 0x0000000087d00000|  0%| F|  |TAMS 0x0000000087c00000, 0x0000000087c00000| Untracked 
|  47|0x0000000087d00000, 0x0000000087d00000, 0x0000000087e00000|  0%| F|  |TAMS 0x0000000087d00000, 0x0000000087d00000| Untracked 
|  48|0x0000000087e00000, 0x0000000087e00000, 0x0000000087f00000|  0%| F|  |TAMS 0x0000000087e00000, 0x0000000087e00000| Untracked 
|  49|0x0000000087f00000, 0x0000000087f00000, 0x0000000088000000|  0%| F|  |TAMS 0x0000000087f00000, 0x0000000087f00000| Untracked 
|  50|0x0000000088000000, 0x0000000088000000, 0x0000000088100000|  0%| F|  |TAMS 0x0000000088000000, 0x0000000088000000| Untracked 
|  51|0x0000000088100000, 0x0000000088100000, 0x0000000088200000|  0%| F|  |TAMS 0x0000000088100000, 0x0000000088100000| Untracked 
|  52|0x0000000088200000, 0x0000000088200000, 0x0000000088300000|  0%| F|  |TAMS 0x0000000088200000, 0x0000000088200000| Untracked 
|  53|0x0000000088300000, 0x0000000088300000, 0x0000000088400000|  0%| F|  |TAMS 0x0000000088300000, 0x0000000088300000| Untracked 
|  54|0x0000000088400000, 0x0000000088400000, 0x0000000088500000|  0%| F|  |TAMS 0x0000000088400000, 0x0000000088400000| Untracked 
|  55|0x0000000088500000, 0x0000000088500000, 0x0000000088600000|  0%| F|  |TAMS 0x0000000088500000, 0x0000000088500000| Untracked 
|  56|0x0000000088600000, 0x0000000088600000, 0x0000000088700000|  0%| F|  |TAMS 0x0000000088600000, 0x0000000088600000| Untracked 
|  57|0x0000000088700000, 0x0000000088700000, 0x0000000088800000|  0%| F|  |TAMS 0x0000000088700000, 0x0000000088700000| Untracked 
|  58|0x0000000088800000, 0x0000000088800000, 0x0000000088900000|  0%| F|  |TAMS 0x0000000088800000, 0x0000000088800000| Untracked 
|  59|0x0000000088900000, 0x0000000088900000, 0x0000000088a00000|  0%| F|  |TAMS 0x0000000088900000, 0x0000000088900000| Untracked 
|  60|0x0000000088a00000, 0x0000000088a00000, 0x0000000088b00000|  0%| F|  |TAMS 0x0000000088a00000, 0x0000000088a00000| Untracked 
|  61|0x0000000088b00000, 0x0000000088b00000, 0x0000000088c00000|  0%| F|  |TAMS 0x0000000088b00000, 0x0000000088b00000| Untracked 
|  62|0x0000000088c00000, 0x0000000088c00000, 0x0000000088d00000|  0%| F|  |TAMS 0x0000000088c00000, 0x0000000088c00000| Untracked 
|  63|0x0000000088d00000, 0x0000000088d00000, 0x0000000088e00000|  0%| F|  |TAMS 0x0000000088d00000, 0x0000000088d00000| Untracked 
|  64|0x0000000088e00000, 0x0000000088e00000, 0x0000000088f00000|  0%| F|  |TAMS 0x0000000088e00000, 0x0000000088e00000| Untracked 
|  65|0x0000000088f00000, 0x0000000088f00000, 0x0000000089000000|  0%| F|  |TAMS 0x0000000088f00000, 0x0000000088f00000| Untracked 
|  66|0x0000000089000000, 0x0000000089000000, 0x0000000089100000|  0%| F|  |TAMS 0x0000000089000000, 0x0000000089000000| Untracked 
|  67|0x0000000089100000, 0x0000000089100000, 0x0000000089200000|  0%| F|  |TAMS 0x0000000089100000, 0x0000000089100000| Untracked 
|  68|0x0000000089200000, 0x0000000089200000, 0x0000000089300000|  0%| F|  |TAMS 0x0000000089200000, 0x0000000089200000| Untracked 
|  69|0x0000000089300000, 0x0000000089300000, 0x0000000089400000|  0%| F|  |TAMS 0x0000000089300000, 0x0000000089300000| Untracked 
|  70|0x0000000089400000, 0x0000000089400000, 0x0000000089500000|  0%| F|  |TAMS 0x0000000089400000, 0x0000000089400000| Untracked 
|  71|0x0000000089500000, 0x0000000089500000, 0x0000000089600000|  0%| F|  |TAMS 0x0000000089500000, 0x0000000089500000| Untracked 
|  72|0x0000000089600000, 0x0000000089600000, 0x0000000089700000|  0%| F|  |TAMS 0x0000000089600000, 0x0000000089600000| Untracked 
|  73|0x0000000089700000, 0x0000000089700000, 0x0000000089800000|  0%| F|  |TAMS 0x0000000089700000, 0x0000000089700000| Untracked 
|  74|0x0000000089800000, 0x0000000089800000, 0x0000000089900000|  0%| F|  |TAMS 0x0000000089800000, 0x0000000089800000| Untracked 
|  75|0x0000000089900000, 0x0000000089900000, 0x0000000089a00000|  0%| F|  |TAMS 0x0000000089900000, 0x0000000089900000| Untracked 
|  76|0x0000000089a00000, 0x0000000089a00000, 0x0000000089b00000|  0%| F|  |TAMS 0x0000000089a00000, 0x0000000089a00000| Untracked 
|  77|0x0000000089b00000, 0x0000000089b00000, 0x0000000089c00000|  0%| F|  |TAMS 0x0000000089b00000, 0x0000000089b00000| Untracked 
|  78|0x0000000089c00000, 0x0000000089c00000, 0x0000000089d00000|  0%| F|  |TAMS 0x0000000089c00000, 0x0000000089c00000| Untracked 
|  79|0x0000000089d00000, 0x0000000089d00000, 0x0000000089e00000|  0%| F|  |TAMS 0x0000000089d00000, 0x0000000089d00000| Untracked 
|  80|0x0000000089e00000, 0x0000000089e00000, 0x0000000089f00000|  0%| F|  |TAMS 0x0000000089e00000, 0x0000000089e00000| Untracked 
|  81|0x0000000089f00000, 0x0000000089f00000, 0x000000008a000000|  0%| F|  |TAMS 0x0000000089f00000, 0x0000000089f00000| Untracked 
|  82|0x000000008a000000, 0x000000008a000000, 0x000000008a100000|  0%| F|  |TAMS 0x000000008a000000, 0x000000008a000000| Untracked 
|  83|0x000000008a100000, 0x000000008a100000, 0x000000008a200000|  0%| F|  |TAMS 0x000000008a100000, 0x000000008a100000| Untracked 
|  84|0x000000008a200000, 0x000000008a200000, 0x000000008a300000|  0%| F|  |TAMS 0x000000008a200000, 0x000000008a200000| Untracked 
|  85|0x000000008a300000, 0x000000008a300000, 0x000000008a400000|  0%| F|  |TAMS 0x000000008a300000, 0x000000008a300000| Untracked 
|  86|0x000000008a400000, 0x000000008a400000, 0x000000008a500000|  0%| F|  |TAMS 0x000000008a400000, 0x000000008a400000| Untracked 
|  87|0x000000008a500000, 0x000000008a500000, 0x000000008a600000|  0%| F|  |TAMS 0x000000008a500000, 0x000000008a500000| Untracked 
|  88|0x000000008a600000, 0x000000008a6d8078, 0x000000008a700000| 84%| S|CS|TAMS 0x000000008a600000, 0x000000008a600000| Complete 
|  89|0x000000008a700000, 0x000000008a800000, 0x000000008a800000|100%| S|CS|TAMS 0x000000008a700000, 0x000000008a700000| Complete 
|  90|0x000000008a800000, 0x000000008a800000, 0x000000008a900000|  0%| F|  |TAMS 0x000000008a800000, 0x000000008a800000| Untracked 
|  91|0x000000008a900000, 0x000000008a900000, 0x000000008aa00000|  0%| F|  |TAMS 0x000000008a900000, 0x000000008a900000| Untracked 
|  92|0x000000008aa00000, 0x000000008aa00000, 0x000000008ab00000|  0%| F|  |TAMS 0x000000008aa00000, 0x000000008aa00000| Untracked 
|  93|0x000000008ab00000, 0x000000008ab00000, 0x000000008ac00000|  0%| F|  |TAMS 0x000000008ab00000, 0x000000008ab00000| Untracked 
|  94|0x000000008ac00000, 0x000000008ac00000, 0x000000008ad00000|  0%| F|  |TAMS 0x000000008ac00000, 0x000000008ac00000| Untracked 
|  95|0x000000008ad00000, 0x000000008ad00000, 0x000000008ae00000|  0%| F|  |TAMS 0x000000008ad00000, 0x000000008ad00000| Untracked 
|  96|0x000000008ae00000, 0x000000008ae00000, 0x000000008af00000|  0%| F|  |TAMS 0x000000008ae00000, 0x000000008ae00000| Untracked 
|  97|0x000000008af00000, 0x000000008af00000, 0x000000008b000000|  0%| F|  |TAMS 0x000000008af00000, 0x000000008af00000| Untracked 
|  98|0x000000008b000000, 0x000000008b000000, 0x000000008b100000|  0%| F|  |TAMS 0x000000008b000000, 0x000000008b000000| Untracked 
|  99|0x000000008b100000, 0x000000008b100000, 0x000000008b200000|  0%| F|  |TAMS 0x000000008b100000, 0x000000008b100000| Untracked 
| 100|0x000000008b200000, 0x000000008b200000, 0x000000008b300000|  0%| F|  |TAMS 0x000000008b200000, 0x000000008b200000| Untracked 
| 101|0x000000008b300000, 0x000000008b300000, 0x000000008b400000|  0%| F|  |TAMS 0x000000008b300000, 0x000000008b300000| Untracked 
| 102|0x000000008b400000, 0x000000008b400000, 0x000000008b500000|  0%| F|  |TAMS 0x000000008b400000, 0x000000008b400000| Untracked 
| 103|0x000000008b500000, 0x000000008b500000, 0x000000008b600000|  0%| F|  |TAMS 0x000000008b500000, 0x000000008b500000| Untracked 
| 104|0x000000008b600000, 0x000000008b600000, 0x000000008b700000|  0%| F|  |TAMS 0x000000008b600000, 0x000000008b600000| Untracked 
| 105|0x000000008b700000, 0x000000008b700000, 0x000000008b800000|  0%| F|  |TAMS 0x000000008b700000, 0x000000008b700000| Untracked 
| 106|0x000000008b800000, 0x000000008b800000, 0x000000008b900000|  0%| F|  |TAMS 0x000000008b800000, 0x000000008b800000| Untracked 
| 107|0x000000008b900000, 0x000000008b900000, 0x000000008ba00000|  0%| F|  |TAMS 0x000000008b900000, 0x000000008b900000| Untracked 
| 108|0x000000008ba00000, 0x000000008ba00000, 0x000000008bb00000|  0%| F|  |TAMS 0x000000008ba00000, 0x000000008ba00000| Untracked 
| 109|0x000000008bb00000, 0x000000008bb00000, 0x000000008bc00000|  0%| F|  |TAMS 0x000000008bb00000, 0x000000008bb00000| Untracked 
| 110|0x000000008bc00000, 0x000000008bc00000, 0x000000008bd00000|  0%| F|  |TAMS 0x000000008bc00000, 0x000000008bc00000| Untracked 
| 111|0x000000008bd00000, 0x000000008bd00000, 0x000000008be00000|  0%| F|  |TAMS 0x000000008bd00000, 0x000000008bd00000| Untracked 
| 112|0x000000008be00000, 0x000000008be00000, 0x000000008bf00000|  0%| F|  |TAMS 0x000000008be00000, 0x000000008be00000| Untracked 
| 113|0x000000008bf00000, 0x000000008bf00000, 0x000000008c000000|  0%| F|  |TAMS 0x000000008bf00000, 0x000000008bf00000| Untracked 
| 114|0x000000008c000000, 0x000000008c100000, 0x000000008c100000|100%| E|  |TAMS 0x000000008c000000, 0x000000008c000000| Complete 
| 115|0x000000008c100000, 0x000000008c200000, 0x000000008c200000|100%| E|CS|TAMS 0x000000008c100000, 0x000000008c100000| Complete 
| 116|0x000000008c200000, 0x000000008c300000, 0x000000008c300000|100%| E|CS|TAMS 0x000000008c200000, 0x000000008c200000| Complete 
| 117|0x000000008c300000, 0x000000008c400000, 0x000000008c400000|100%| E|CS|TAMS 0x000000008c300000, 0x000000008c300000| Complete 
| 118|0x000000008c400000, 0x000000008c500000, 0x000000008c500000|100%| E|CS|TAMS 0x000000008c400000, 0x000000008c400000| Complete 
| 119|0x000000008c500000, 0x000000008c600000, 0x000000008c600000|100%| E|CS|TAMS 0x000000008c500000, 0x000000008c500000| Complete 
| 120|0x000000008c600000, 0x000000008c700000, 0x000000008c700000|100%| E|CS|TAMS 0x000000008c600000, 0x000000008c600000| Complete 
| 121|0x000000008c700000, 0x000000008c800000, 0x000000008c800000|100%| E|CS|TAMS 0x000000008c700000, 0x000000008c700000| Complete 
| 122|0x000000008c800000, 0x000000008c900000, 0x000000008c900000|100%| E|CS|TAMS 0x000000008c800000, 0x000000008c800000| Complete 
| 123|0x000000008c900000, 0x000000008ca00000, 0x000000008ca00000|100%| E|CS|TAMS 0x000000008c900000, 0x000000008c900000| Complete 

Card table byte_map: [0x00000204a3d60000,0x00000204a4140000] _byte_map_base: 0x00000204a3939000

Marking Bits (Prev, Next): (CMBitMap*) 0x000002049076ae80, (CMBitMap*) 0x000002049076aec0
 Prev Bits: [0x00000204a4520000, 0x00000204a63e8000)
 Next Bits: [0x00000204a63f0000, 0x00000204a82b8000)

Polling page: 0x000002048e6d0000

Metaspace:

Usage:
  Non-class:     17.86 MB used.
      Class:      2.23 MB used.
       Both:     20.09 MB used.

Virtual space:
  Non-class space:       64.00 MB reserved,      17.94 MB ( 28%) committed,  1 nodes.
      Class space:        1.00 GB reserved,       2.31 MB ( <1%) committed,  1 nodes.
             Both:        1.06 GB reserved,      20.25 MB (  2%) committed. 

Chunk freelists:
   Non-Class:  13.81 MB
       Class:  13.66 MB
        Both:  27.47 MB

MaxMetaspaceSize: unlimited
CompressedClassSpaceSize: 1.00 GB
Initial GC threshold: 21.00 MB
Current GC threshold: 21.00 MB
CDS: off
MetaspaceReclaimPolicy: balanced
 - commit_granule_bytes: 65536.
 - commit_granule_words: 8192.
 - virtual_space_node_default_size: 8388608.
 - enlarge_chunks_in_place: 1.
 - new_chunks_are_fully_committed: 0.
 - uncommit_free_chunks: 1.
 - use_allocation_guard: 0.
 - handle_deallocations: 1.


Internal statistics:

num_allocs_failed_limit: 0.
num_arena_births: 64.
num_arena_deaths: 0.
num_vsnodes_births: 2.
num_vsnodes_deaths: 0.
num_space_committed: 324.
num_space_uncommitted: 0.
num_chunks_returned_to_freelist: 0.
num_chunks_taken_from_freelist: 499.
num_chunk_merges: 0.
num_chunk_splits: 329.
num_chunks_enlarged: 258.
num_inconsistent_stats: 0.

CodeHeap 'non-profiled nmethods': size=119168Kb used=830Kb max_used=830Kb free=118337Kb
 bounds [0x000002049ba80000, 0x000002049bcf0000, 0x00000204a2ee0000]
CodeHeap 'profiled nmethods': size=119104Kb used=4393Kb max_used=4393Kb free=114710Kb
 bounds [0x0000020493ee0000, 0x0000020494330000, 0x000002049b330000]
CodeHeap 'non-nmethods': size=7488Kb used=2856Kb max_used=2885Kb free=4631Kb
 bounds [0x000002049b330000, 0x000002049b610000, 0x000002049ba80000]
 total_blobs=2691 nmethods=2232 adapters=368
 compilation: enabled
              stopped_count=0, restarted_count=0
 full_count=0

Compilation events (20 events):
Event: 0.829 Thread 0x00000204ab9020f0 nmethod 1964 0x00000204942a7690 code [0x00000204942a7840, 0x00000204942a7bd8]
Event: 0.829 Thread 0x00000204ab903270 nmethod 1965 0x00000204942a9010 code [0x00000204942a91a0, 0x00000204942a9358]
Event: 0.829 Thread 0x00000204ab74fc90 nmethod 1962 0x00000204942a7d10 code [0x00000204942a7fa0, 0x00000204942a8be8]
Event: 0.830 Thread 0x00000204ab903ba0 1967       3       java.util.stream.Collectors$$Lambda$56/0x00000001001509d0::get (8 bytes)
Event: 0.830 Thread 0x00000204ab903270 1966       3       java.util.stream.Collectors::toList (26 bytes)
Event: 0.830 Thread 0x00000204ab9020f0 1968       3       com.google.common.collect.Iterators$9::hasNext (13 bytes)
Event: 0.830 Thread 0x00000204ab9020f0 nmethod 1968 0x00000204942a9410 code [0x00000204942a95a0, 0x00000204942a9718]
Event: 0.830 Thread 0x00000204ab903ba0 nmethod 1967 0x00000204942a9790 code [0x00000204942a9940, 0x00000204942a9c78]
Event: 0.830 Thread 0x00000204ab984bf0 nmethod 1942 0x000002049bb3ea10 code [0x000002049bb3ebc0, 0x000002049bb3f6e8]
Event: 0.830 Thread 0x00000204ab903270 nmethod 1966 0x00000204942a9d90 code [0x00000204942a9f80, 0x00000204942aa5a8]
Event: 0.830 Thread 0x00000204ab984bf0 1949       4       java.lang.String::indexOf (64 bytes)
Event: 0.831 Thread 0x00000204ab984bf0 nmethod 1949 0x000002049bb3fb10 code [0x000002049bb3fc80, 0x000002049bb3feb8]
Event: 0.833 Thread 0x00000204ab903ba0 1969       3       com.google.inject.spi.InjectionPoint::forInstanceMethodsAndFields (8 bytes)
Event: 0.833 Thread 0x00000204ab74fc90 1970       3       com.google.common.collect.ImmutableList::copyOf (50 bytes)
Event: 0.834 Thread 0x00000204ab903ba0 nmethod 1969 0x00000204942aa790 code [0x00000204942aa940, 0x00000204942aab38]
Event: 0.834 Thread 0x00000204ab74fc90 nmethod 1970 0x00000204942aac10 code [0x00000204942aae80, 0x00000204942ab978]
Event: 0.837 Thread 0x00000204ab74fc90 1971       3       java.lang.ref.ReferenceQueue::<init> (21 bytes)
Event: 0.837 Thread 0x00000204ab903ba0 1972       3       java.lang.ref.ReferenceQueue$Lock::<init> (5 bytes)
Event: 0.837 Thread 0x00000204ab903ba0 nmethod 1972 0x00000204942abd10 code [0x00000204942abea0, 0x00000204942abff8]
Event: 0.837 Thread 0x00000204ab74fc90 nmethod 1971 0x00000204942ac090 code [0x00000204942ac240, 0x00000204942ac518]

GC Heap History (4 events):
Event: 0.498 GC heap before
{Heap before GC invocations=0 (full 0):
 garbage-first heap   total 126976K, used 23552K [0x0000000084e00000, 0x0000000100000000)
  region size 1024K, 23 young (23552K), 0 survivors (0K)
 Metaspace       used 14569K, committed 14784K, reserved 1114112K
  class space    used 1502K, committed 1600K, reserved 1048576K
}
Event: 0.502 GC heap after
{Heap after GC invocations=1 (full 0):
 garbage-first heap   total 126976K, used 3860K [0x0000000084e00000, 0x0000000100000000)
  region size 1024K, 3 young (3072K), 3 survivors (3072K)
 Metaspace       used 14569K, committed 14784K, reserved 1114112K
  class space    used 1502K, committed 1600K, reserved 1048576K
}
Event: 0.780 GC heap before
{Heap before GC invocations=1 (full 0):
 garbage-first heap   total 126976K, used 35604K [0x0000000084e00000, 0x0000000100000000)
  region size 1024K, 34 young (34816K), 3 survivors (3072K)
 Metaspace       used 18688K, committed 18816K, reserved 1114112K
  class space    used 2033K, committed 2112K, reserved 1048576K
}
Event: 0.784 GC heap after
{Heap after GC invocations=2 (full 0):
 garbage-first heap   total 126976K, used 5726K [0x0000000084e00000, 0x0000000100000000)
  region size 1024K, 2 young (2048K), 2 survivors (2048K)
 Metaspace       used 18688K, committed 18816K, reserved 1114112K
  class space    used 2033K, committed 2112K, reserved 1048576K
}

Dll operation events (4 events):
Event: 0.004 Loaded shared library C:\Users\Ferdaws\.jdks\jbr-17.0.8.1\bin\java.dll
Event: 0.020 Loaded shared library C:\Users\Ferdaws\.jdks\jbr-17.0.8.1\bin\jsvml.dll
Event: 0.069 Loaded shared library C:\Users\Ferdaws\.jdks\jbr-17.0.8.1\bin\zip.dll
Event: 0.214 Loaded shared library C:\Users\Ferdaws\.jdks\jbr-17.0.8.1\bin\verify.dll

Deoptimization events (20 events):
Event: 0.632 Thread 0x00000204907165f0 Uncommon trap: trap_request=0xffffff45 fr.pc=0x000002049bb0f874 relative=0x00000000000014b4
Event: 0.632 Thread 0x00000204907165f0 Uncommon trap: reason=unstable_if action=reinterpret pc=0x000002049bb0f874 method=jdk.internal.jimage.ImageStringsReader.stringFromByteBufferMatches(Ljava/nio/ByteBuffer;ILjava/lang/String;I)I @ 48 c2
Event: 0.632 Thread 0x00000204907165f0 DEOPT PACKING pc=0x000002049bb0f874 sp=0x00000093a7cfd6e0
Event: 0.632 Thread 0x00000204907165f0 DEOPT UNPACKING pc=0x000002049b3869a3 sp=0x00000093a7cfd438 mode 2
Event: 0.810 Thread 0x00000204907165f0 Uncommon trap: trap_request=0xffffffd6 fr.pc=0x000002049bb3c368 relative=0x0000000000000148
Event: 0.810 Thread 0x00000204907165f0 Uncommon trap: reason=array_check action=maybe_recompile pc=0x000002049bb3c368 method=java.util.stream.Nodes$FixedNodeBuilder.accept(Ljava/lang/Object;)V @ 28 c2
Event: 0.810 Thread 0x00000204907165f0 DEOPT PACKING pc=0x000002049bb3c368 sp=0x00000093a7cfda20
Event: 0.810 Thread 0x00000204907165f0 DEOPT UNPACKING pc=0x000002049b3869a3 sp=0x00000093a7cfd9d0 mode 2
Event: 0.810 Thread 0x00000204907165f0 Uncommon trap: trap_request=0xffffffd6 fr.pc=0x000002049bb3c368 relative=0x0000000000000148
Event: 0.810 Thread 0x00000204907165f0 Uncommon trap: reason=array_check action=maybe_recompile pc=0x000002049bb3c368 method=java.util.stream.Nodes$FixedNodeBuilder.accept(Ljava/lang/Object;)V @ 28 c2
Event: 0.810 Thread 0x00000204907165f0 DEOPT PACKING pc=0x000002049bb3c368 sp=0x00000093a7cfda20
Event: 0.810 Thread 0x00000204907165f0 DEOPT UNPACKING pc=0x000002049b3869a3 sp=0x00000093a7cfd9d0 mode 2
Event: 0.810 Thread 0x00000204907165f0 Uncommon trap: trap_request=0xffffffd6 fr.pc=0x000002049bb3c368 relative=0x0000000000000148
Event: 0.810 Thread 0x00000204907165f0 Uncommon trap: reason=array_check action=maybe_recompile pc=0x000002049bb3c368 method=java.util.stream.Nodes$FixedNodeBuilder.accept(Ljava/lang/Object;)V @ 28 c2
Event: 0.810 Thread 0x00000204907165f0 DEOPT PACKING pc=0x000002049bb3c368 sp=0x00000093a7cfda00
Event: 0.810 Thread 0x00000204907165f0 DEOPT UNPACKING pc=0x000002049b3869a3 sp=0x00000093a7cfd9b0 mode 2
Event: 0.810 Thread 0x00000204907165f0 Uncommon trap: trap_request=0xffffffd6 fr.pc=0x000002049bb3c368 relative=0x0000000000000148
Event: 0.810 Thread 0x00000204907165f0 Uncommon trap: reason=array_check action=maybe_recompile pc=0x000002049bb3c368 method=java.util.stream.Nodes$FixedNodeBuilder.accept(Ljava/lang/Object;)V @ 28 c2
Event: 0.810 Thread 0x00000204907165f0 DEOPT PACKING pc=0x000002049bb3c368 sp=0x00000093a7cfda00
Event: 0.810 Thread 0x00000204907165f0 DEOPT UNPACKING pc=0x000002049b3869a3 sp=0x00000093a7cfd9b0 mode 2

Classes unloaded (0 events):
No events

Classes redefined (0 events):
No events

Internal exceptions (17 events):
Event: 0.091 Thread 0x00000204aba7c570 Exception <a 'java/lang/NoSuchMethodError'{0x000000008c8f09e0}: 'java.lang.Object java.lang.invoke.DirectMethodHandle$Holder.invokeStaticInit(java.lang.Object)'> (0x000000008c8f09e0) 
thrown [s\src\hotspot\share\interpreter\linkResolver.cpp, line 771]
Event: 0.096 Thread 0x00000204aba7c570 Exception <a 'java/lang/NoSuchMethodError'{0x000000008c8fda98}: 'void java.lang.invoke.DirectMethodHandle$Holder.invokeStatic(java.lang.Object, java.lang.Object)'> (0x000000008c8fda98) 
thrown [s\src\hotspot\share\interpreter\linkResolver.cpp, line 771]
Event: 0.102 Thread 0x00000204907165f0 Exception <a 'java/lang/NoSuchMethodError'{0x000000008c7d7b60}: 'int java.lang.invoke.DirectMethodHandle$Holder.invokeSpecial(java.lang.Object, java.lang.Object, java.lang.Object)'> (0x000000008c7d7b60) 
thrown [s\src\hotspot\share\interpreter\linkResolver.cpp, line 771]
Event: 0.137 Thread 0x00000204907165f0 Exception <a 'java/lang/NullPointerException'{0x000000008c329578}> (0x000000008c329578) 
thrown [s\src\hotspot\share\interpreter\linkResolver.cpp, line 1362]
Event: 0.213 Thread 0x00000204907165f0 Exception <a 'sun/nio/fs/WindowsException'{0x000000008c3e93c0}> (0x000000008c3e93c0) 
thrown [s\src\hotspot\share\prims\jni.cpp, line 517]
Event: 0.214 Thread 0x00000204907165f0 Exception <a 'sun/nio/fs/WindowsException'{0x000000008c3e9a68}> (0x000000008c3e9a68) 
thrown [s\src\hotspot\share\prims\jni.cpp, line 517]
Event: 0.214 Thread 0x00000204907165f0 Exception <a 'sun/nio/fs/WindowsException'{0x000000008c3e9f30}> (0x000000008c3e9f30) 
thrown [s\src\hotspot\share\prims\jni.cpp, line 517]
Event: 0.225 Thread 0x00000204907165f0 Exception <a 'java/lang/NoSuchMethodError'{0x000000008c268608}: 'void java.lang.invoke.DirectMethodHandle$Holder.invokeStatic(java.lang.Object, java.lang.Object, java.lang.Object)'> (0x000000008c268608) 
thrown [s\src\hotspot\share\interpreter\linkResolver.cpp, line 771]
Event: 0.230 Thread 0x00000204907165f0 Exception <a 'java/lang/NoSuchMethodError'{0x000000008c2c60b8}: 'int java.lang.invoke.DirectMethodHandle$Holder.invokeStatic(java.lang.Object, java.lang.Object, int)'> (0x000000008c2c60b8) 
thrown [s\src\hotspot\share\interpreter\linkResolver.cpp, line 771]
Event: 0.267 Thread 0x00000204907165f0 Exception <a 'java/lang/NoSuchMethodError'{0x000000008c041a88}: 'java.lang.Object java.lang.invoke.DirectMethodHandle$Holder.invokeSpecialIFC(java.lang.Object, java.lang.Object, java.lang.Object, java.lang.Object)'> (0x000000008c041a88) 
thrown [s\src\hotspot\share\interpreter\linkResolver.cpp, line 771]
Event: 0.389 Thread 0x00000204907165f0 Exception <a 'java/lang/NoSuchMethodError'{0x000000008ba27b48}: 'void java.lang.invoke.DirectMethodHandle$Holder.invokeSpecial(java.lang.Object, java.lang.Object, java.lang.Object)'> (0x000000008ba27b48) 
thrown [s\src\hotspot\share\interpreter\linkResolver.cpp, line 771]
Event: 0.409 Thread 0x00000204907165f0 Exception <a 'java/lang/NoSuchMethodError'{0x000000008b9877f0}: 'java.lang.Object java.lang.invoke.DirectMethodHandle$Holder.invokeInterface(java.lang.Object, java.lang.Object)'> (0x000000008b9877f0) 
thrown [s\src\hotspot\share\interpreter\linkResolver.cpp, line 771]
Event: 0.418 Thread 0x00000204907165f0 Exception <a 'java/lang/NoSuchMethodError'{0x000000008b832b98}: 'java.lang.Object java.lang.invoke.Invokers$Holder.invokeExact_MT(java.lang.Object, java.lang.Object, java.lang.Object, java.lang.Object, java.lang.Object, java.lang.Object)'> (0x000000008b832b98) 
thrown [s\src\hotspot\share\interpreter\linkResolver.cpp, line 771]
Event: 0.419 Thread 0x00000204907165f0 Exception <a 'java/lang/NoSuchMethodError'{0x000000008b843ff8}: 'int java.lang.invoke.DirectMethodHandle$Holder.invokeSpecialIFC(java.lang.Object, java.lang.Object, java.lang.Object, java.lang.Object, java.lang.Object)'> (0x000000008b843ff8) 
thrown [s\src\hotspot\share\interpreter\linkResolver.cpp, line 771]
Event: 0.457 Thread 0x00000204907165f0 Exception <a 'java/lang/NoSuchMethodError'{0x000000008b7f53a8}: 'java.lang.Object java.lang.invoke.DirectMethodHandle$Holder.newInvokeSpecial(java.lang.Object, java.lang.Object, java.lang.Object, java.lang.Object, java.lang.Object)'> (0x000000008b7f53a8) 
thrown [s\src\hotspot\share\interpreter\linkResolver.cpp, line 771]
Event: 0.473 Thread 0x00000204907165f0 Exception <a 'java/lang/NoSuchMethodError'{0x000000008b6fb7a8}: 'int java.lang.invoke.DirectMethodHandle$Holder.invokeStaticInit(java.lang.Object, java.lang.Object)'> (0x000000008b6fb7a8) 
thrown [s\src\hotspot\share\interpreter\linkResolver.cpp, line 771]
Event: 0.478 Thread 0x00000204907165f0 Exception <a 'java/lang/NoClassDefFoundError'{0x000000008b535570}: javax/enterprise/inject/Typed> (0x000000008b535570) 
thrown [s\src\hotspot\share\classfile\systemDictionary.cpp, line 245]

VM Operations (20 events):
Event: 0.063 Executing VM operation: HandshakeAllThreads
Event: 0.063 Executing VM operation: HandshakeAllThreads done
Event: 0.090 Executing VM operation: HandshakeAllThreads
Event: 0.090 Executing VM operation: HandshakeAllThreads done
Event: 0.137 Executing VM operation: HandshakeAllThreads
Event: 0.137 Executing VM operation: HandshakeAllThreads done
Event: 0.142 Executing VM operation: HandshakeAllThreads
Event: 0.142 Executing VM operation: HandshakeAllThreads done
Event: 0.476 Executing VM operation: ICBufferFull
Event: 0.476 Executing VM operation: ICBufferFull done
Event: 0.498 Executing VM operation: G1CollectForAllocation
Event: 0.502 Executing VM operation: G1CollectForAllocation done
Event: 0.687 Executing VM operation: HandshakeAllThreads
Event: 0.687 Executing VM operation: HandshakeAllThreads done
Event: 0.701 Executing VM operation: HandshakeAllThreads
Event: 0.701 Executing VM operation: HandshakeAllThreads done
Event: 0.731 Executing VM operation: ICBufferFull
Event: 0.732 Executing VM operation: ICBufferFull done
Event: 0.780 Executing VM operation: G1CollectForAllocation
Event: 0.784 Executing VM operation: G1CollectForAllocation done

Events (20 events):
Event: 0.724 loading class java/util/concurrent/locks/ReadWriteLock done
Event: 0.724 loading class java/util/concurrent/locks/ReentrantReadWriteLock done
Event: 0.742 loading class java/util/concurrent/CompletionService
Event: 0.743 loading class java/util/concurrent/CompletionService done
Event: 0.766 loading class sun/reflect/generics/scope/ConstructorScope
Event: 0.766 loading class sun/reflect/generics/scope/ConstructorScope done
Event: 0.766 loading class sun/reflect/generics/repository/ConstructorRepository
Event: 0.766 loading class sun/reflect/generics/repository/ConstructorRepository done
Event: 0.766 loading class sun/reflect/generics/tree/VoidDescriptor
Event: 0.766 loading class sun/reflect/generics/tree/VoidDescriptor done
Event: 0.766 loading class sun/reflect/generics/tree/MethodTypeSignature
Event: 0.766 loading class sun/reflect/generics/tree/MethodTypeSignature done
Event: 0.803 loading class sun/reflect/generics/repository/FieldRepository
Event: 0.803 loading class sun/reflect/generics/repository/FieldRepository done
Event: 0.808 loading class java/io/UncheckedIOException
Event: 0.808 loading class java/io/UncheckedIOException done
Event: 0.812 loading class java/util/concurrent/atomic/AtomicBoolean
Event: 0.812 loading class java/util/concurrent/atomic/AtomicBoolean done
Event: 0.824 loading class java/nio/file/AccessDeniedException
Event: 0.824 loading class java/nio/file/AccessDeniedException done


Dynamic libraries:
0x00007ff631360000 - 0x00007ff63136a000 	C:\Users\Ferdaws\.jdks\jbr-17.0.8.1\bin\java.exe
0x00007ffc78150000 - 0x00007ffc78348000 	C:\WINDOWS\SYSTEM32\ntdll.dll
0x00007ffc77460000 - 0x00007ffc7751d000 	C:\WINDOWS\System32\KERNEL32.DLL
0x00007ffc75a50000 - 0x00007ffc75d46000 	C:\WINDOWS\System32\KERNELBASE.dll
0x00007ffc75d50000 - 0x00007ffc75e50000 	C:\WINDOWS\System32\ucrtbase.dll
0x00007ffc63540000 - 0x00007ffc63557000 	C:\Users\Ferdaws\.jdks\jbr-17.0.8.1\bin\jli.dll
0x00007ffc63570000 - 0x00007ffc6358b000 	C:\Users\Ferdaws\.jdks\jbr-17.0.8.1\bin\VCRUNTIME140.dll
0x00007ffc77c50000 - 0x00007ffc77def000 	C:\WINDOWS\System32\USER32.dll
0x00007ffc75fa0000 - 0x00007ffc75fc2000 	C:\WINDOWS\System32\win32u.dll
0x00007ffc5aea0000 - 0x00007ffc5b13a000 	C:\WINDOWS\WinSxS\amd64_microsoft.windows.common-controls_6595b64144ccf1df_6.0.19041.4355_none_60b8b9eb71f62e16\COMCTL32.dll
0x00007ffc775f0000 - 0x00007ffc7761b000 	C:\WINDOWS\System32\GDI32.dll
0x00007ffc78000000 - 0x00007ffc7809e000 	C:\WINDOWS\System32\msvcrt.dll
0x00007ffc75930000 - 0x00007ffc75a47000 	C:\WINDOWS\System32\gdi32full.dll
0x00007ffc75e50000 - 0x00007ffc75eed000 	C:\WINDOWS\System32\msvcp_win.dll
0x00007ffc76740000 - 0x00007ffc76772000 	C:\WINDOWS\System32\IMM32.DLL
0x00007ffc6b160000 - 0x00007ffc6b16c000 	C:\Users\Ferdaws\.jdks\jbr-17.0.8.1\bin\vcruntime140_1.dll
0x00007ffc451e0000 - 0x00007ffc4526d000 	C:\Users\Ferdaws\.jdks\jbr-17.0.8.1\bin\msvcp140.dll
0x00007ffc2b900000 - 0x00007ffc2c583000 	C:\Users\Ferdaws\.jdks\jbr-17.0.8.1\bin\server\jvm.dll
0x00007ffc77650000 - 0x00007ffc77700000 	C:\WINDOWS\System32\ADVAPI32.dll
0x00007ffc77df0000 - 0x00007ffc77e90000 	C:\WINDOWS\System32\sechost.dll
0x00007ffc76ef0000 - 0x00007ffc77013000 	C:\WINDOWS\System32\RPCRT4.dll
0x00007ffc75870000 - 0x00007ffc75897000 	C:\WINDOWS\System32\bcrypt.dll
0x00007ffc74d30000 - 0x00007ffc74d7b000 	C:\WINDOWS\SYSTEM32\POWRPROF.dll
0x00007ffc6a640000 - 0x00007ffc6a64a000 	C:\WINDOWS\SYSTEM32\VERSION.dll
0x00007ffc56360000 - 0x00007ffc56369000 	C:\WINDOWS\SYSTEM32\WSOCK32.dll
0x00007ffc68f40000 - 0x00007ffc68f67000 	C:\WINDOWS\SYSTEM32\WINMM.dll
0x00007ffc780a0000 - 0x00007ffc7810b000 	C:\WINDOWS\System32\WS2_32.dll
0x00007ffc74bf0000 - 0x00007ffc74c02000 	C:\WINDOWS\SYSTEM32\UMPDC.dll
0x00007ffc74010000 - 0x00007ffc74022000 	C:\WINDOWS\SYSTEM32\kernel.appcore.dll
0x00007ffc639f0000 - 0x00007ffc639fa000 	C:\Users\Ferdaws\.jdks\jbr-17.0.8.1\bin\jimage.dll
0x00007ffc73420000 - 0x00007ffc73604000 	C:\WINDOWS\SYSTEM32\DBGHELP.DLL
0x00007ffc63b70000 - 0x00007ffc63ba4000 	C:\WINDOWS\SYSTEM32\dbgcore.DLL
0x00007ffc758a0000 - 0x00007ffc75922000 	C:\WINDOWS\System32\bcryptPrimitives.dll
0x00007ffc6c750000 - 0x00007ffc6c75e000 	C:\Users\Ferdaws\.jdks\jbr-17.0.8.1\bin\instrument.dll
0x00007ffc61920000 - 0x00007ffc61945000 	C:\Users\Ferdaws\.jdks\jbr-17.0.8.1\bin\java.dll
0x00007ffc61fd0000 - 0x00007ffc61fe8000 	C:\Users\Ferdaws\.jdks\jbr-17.0.8.1\bin\zip.dll
0x00007ffc3e830000 - 0x00007ffc3e907000 	C:\Users\Ferdaws\.jdks\jbr-17.0.8.1\bin\jsvml.dll
0x00007ffc76780000 - 0x00007ffc76eed000 	C:\WINDOWS\System32\SHELL32.dll
0x00007ffc73860000 - 0x00007ffc73ffd000 	C:\WINDOWS\SYSTEM32\windows.storage.dll
0x00007ffc777b0000 - 0x00007ffc77b03000 	C:\WINDOWS\System32\combase.dll
0x00007ffc75220000 - 0x00007ffc7524e000 	C:\WINDOWS\SYSTEM32\Wldp.dll
0x00007ffc77520000 - 0x00007ffc775ed000 	C:\WINDOWS\System32\OLEAUT32.dll
0x00007ffc77700000 - 0x00007ffc777ad000 	C:\WINDOWS\System32\SHCORE.dll
0x00007ffc77f40000 - 0x00007ffc77f95000 	C:\WINDOWS\System32\shlwapi.dll
0x00007ffc75730000 - 0x00007ffc75754000 	C:\WINDOWS\SYSTEM32\profapi.dll
0x00007ffc5a880000 - 0x00007ffc5a899000 	C:\Users\Ferdaws\.jdks\jbr-17.0.8.1\bin\net.dll
0x00007ffc6d6f0000 - 0x00007ffc6d7fa000 	C:\WINDOWS\SYSTEM32\WINHTTP.dll
0x00007ffc74f80000 - 0x00007ffc74fea000 	C:\WINDOWS\system32\mswsock.dll
0x00007ffc5a740000 - 0x00007ffc5a756000 	C:\Users\Ferdaws\.jdks\jbr-17.0.8.1\bin\nio.dll
0x00007ffc6c730000 - 0x00007ffc6c74a000 	C:\Program Files\JetBrains\IntelliJ IDEA 2023.2.1\bin\breakgen64.dll
0x0000000069ac0000 - 0x0000000069ae4000 	C:\Users\Ferdaws\AppData\Local\Temp\jansi-2.4.0-99023abb14635e7-jansi.dll
0x00007ffc62920000 - 0x00007ffc62930000 	C:\Users\Ferdaws\.jdks\jbr-17.0.8.1\bin\verify.dll

dbghelp: loaded successfully - version: 4.0.5 - missing functions: none
symbol engine: initialized successfully - sym options: 0x614 - pdb path: .;C:\Users\Ferdaws\.jdks\jbr-17.0.8.1\bin;C:\WINDOWS\SYSTEM32;C:\WINDOWS\WinSxS\amd64_microsoft.windows.common-controls_6595b64144ccf1df_6.0.19041.4355_none_60b8b9eb71f62e16;C:\Users\Ferdaws\.jdks\jbr-17.0.8.1\bin\server;C:\Program Files\JetBrains\IntelliJ IDEA 2023.2.1\bin;C:\Users\Ferdaws\AppData\Local\Temp

VM Arguments:
jvm_args: -Dmaven.multiModuleProjectDirectory=D:\version_final_projet\ProjetPDEV3A8-Smart-City-Codemasters -Djansi.passthrough=true -Dmaven.home=C:\Program Files\JetBrains\IntelliJ IDEA 2023.2.1\plugins\maven\lib\maven3 -Dclassworlds.conf=C:\Program Files\JetBrains\IntelliJ IDEA 2023.2.1\plugins\maven\lib\maven3\bin\m2.conf -Dmaven.ext.class.path=C:\Program Files\JetBrains\IntelliJ IDEA 2023.2.1\plugins\maven\lib\maven-event-listener.jar -javaagent:C:\Program Files\JetBrains\IntelliJ IDEA 2023.2.1\lib\idea_rt.jar=60258:C:\Program Files\JetBrains\IntelliJ IDEA 2023.2.1\bin -Dfile.encoding=UTF-8 
java_command: org.codehaus.classworlds.Launcher -Didea.version=2023.2.1 org.openjfx:javafx-maven-plugin:0.0.8:run
java_class_path (initial): C:\Program Files\JetBrains\IntelliJ IDEA 2023.2.1\plugins\maven\lib\maven3\boot\plexus-classworlds-2.7.0.jar;C:\Program Files\JetBrains\IntelliJ IDEA 2023.2.1\plugins\maven\lib\maven3\boot\plexus-classworlds.license
Launcher Type: SUN_STANDARD

[Global flags]
     intx CICompilerCount                          = 12                                        {product} {ergonomic}
     uint ConcGCThreads                            = 4                                         {product} {ergonomic}
     uint G1ConcRefinementThreads                  = 15                                        {product} {ergonomic}
   size_t G1HeapRegionSize                         = 1048576                                   {product} {ergonomic}
    uintx GCDrainStackTargetSize                   = 64                                        {product} {ergonomic}
   size_t InitialHeapSize                          = 130023424                                 {product} {ergonomic}
   size_t MarkStackSize                            = 4194304                                   {product} {ergonomic}
   size_t MaxHeapSize                              = 2065694720                                {product} {ergonomic}
   size_t MaxNewSize                               = 1239416832                                {product} {ergonomic}
   size_t MinHeapDeltaBytes                        = 1048576                                   {product} {ergonomic}
   size_t MinHeapSize                              = 8388608                                   {product} {ergonomic}
    uintx NonNMethodCodeHeapSize                   = 7602480                                {pd product} {ergonomic}
    uintx NonProfiledCodeHeapSize                  = 122027880                              {pd product} {ergonomic}
    uintx ProfiledCodeHeapSize                     = 122027880                              {pd product} {ergonomic}
    uintx ReservedCodeCacheSize                    = 251658240                              {pd product} {ergonomic}
     bool SegmentedCodeCache                       = true                                      {product} {ergonomic}
   size_t SoftMaxHeapSize                          = 2065694720                             {manageable} {ergonomic}
     bool UseCompressedClassPointers               = true                           {product lp64_product} {ergonomic}
     bool UseCompressedOops                        = true                           {product lp64_product} {ergonomic}
     bool UseG1GC                                  = true                                      {product} {ergonomic}
     bool UseLargePagesIndividualAllocation        = false                                  {pd product} {ergonomic}

Logging:
Log output configuration:
 #0: stdout all=warning uptime,level,tags
 #1: stderr all=off uptime,level,tags

Environment Variables:
PATH=C:\oraclexe\app\oracle\product\11.2.0\server\bin;C:\Users\Ferdaws\.jdks\jbr-17.0.9\bin;C:\WINDOWS\system32;C:\WINDOWS;C:\WINDOWS\System32\Wbem;C:\WINDOWS\System32\WindowsPowerShell\v1.0\;C:\WINDOWS\System32\OpenSSH\;D:\Git\cmd;C:\xampp\php;C:\Program Files (x86)\CodeBlocks\MinGW\bin;C:\Program Files (x86)\GnuWin32\bin;C:\composer;C:\Program Files\Pandoc\;C:\Users\Ferdaws\scoop\shims;C:\Users\Ferdaws\AppData\Local\Microsoft\WindowsApps;C:\Users\Ferdaws\AppData\Local\Programs\Microsoft VS Code\bin;C:\Users\Ferdaws\AppData\Roaming\Composer\vendor\bin;C:\Users\Ferdaws\AppData\Local\GitHubDesktop\bin
USERNAME=Ferdaws
OS=Windows_NT
PROCESSOR_IDENTIFIER=Intel64 Family 6 Model 154 Stepping 3, GenuineIntel
TMP=C:\Users\Ferdaws\AppData\Local\Temp
TEMP=C:\Users\Ferdaws\AppData\Local\Temp


JNI global refs:
JNI global refs: 26, weak refs: 0

JNI global refs memory usage: 843, weak refs: 841

OOME stack traces (most recent first):
Classloader memory used:
Loader bootstrap                                                                       : 1485K
Loader org.codehaus.plexus.classworlds.realm.ClassRealm                                : 1070K
Loader jdk.internal.loader.ClassLoaders$AppClassLoader                                 : 13772B
Loader org.eclipse.sisu.space.CloningClassSpace$CloningClassLoader                     : 3047B
Loader jdk.internal.reflect.DelegatingClassLoader                                      : 2592B
Loader jdk.internal.loader.ClassLoaders$PlatformClassLoader                            : 335B


---------------  S Y S T E M  ---------------

OS:
 Windows 10 , 64 bit Build 19041 (10.0.19041.3636)
OS uptime: 6 days 10:49 hours

CPU: total 20 (initial active 20) (20 cores per cpu, 1 threads per core) family 6 model 154 stepping 3 microcode 0x432, cx8, cmov, fxsr, mmx, 3dnowpref, sse, sse2, sse3, ssse3, sse4.1, sse4.2, popcnt, lzcnt, tsc, tscinvbit, avx, avx2, aes, erms, clmul, bmi1, bmi2, adx, sha, fma, vzeroupper, clflush, clflushopt, clwb
Processor Information for processor 0
  Max Mhz: 2300, Current Mhz: 2300, Mhz Limit: 2300
Processor Information for processor 1
  Max Mhz: 2300, Current Mhz: 2300, Mhz Limit: 2300
Processor Information for processor 2
  Max Mhz: 2300, Current Mhz: 2300, Mhz Limit: 2300
Processor Information for processor 3
  Max Mhz: 2300, Current Mhz: 2300, Mhz Limit: 2300
Processor Information for processor 4
  Max Mhz: 2300, Current Mhz: 2300, Mhz Limit: 2300
Processor Information for processor 5
  Max Mhz: 2300, Current Mhz: 2300, Mhz Limit: 2300
Processor Information for processor 6
  Max Mhz: 2300, Current Mhz: 2300, Mhz Limit: 2300
Processor Information for processor 7
  Max Mhz: 2300, Current Mhz: 2300, Mhz Limit: 2300
Processor Information for processor 8
  Max Mhz: 2300, Current Mhz: 2300, Mhz Limit: 2300
Processor Information for processor 9
  Max Mhz: 2300, Current Mhz: 2300, Mhz Limit: 2300
Processor Information for processor 10
  Max Mhz: 2300, Current Mhz: 2300, Mhz Limit: 2300
Processor Information for processor 11
  Max Mhz: 2300, Current Mhz: 2300, Mhz Limit: 2300
Processor Information for processor 12
  Max Mhz: 2300, Current Mhz: 1700, Mhz Limit: 1679
Processor Information for processor 13
  Max Mhz: 2300, Current Mhz: 1700, Mhz Limit: 1679
Processor Information for processor 14
  Max Mhz: 2300, Current Mhz: 1700, Mhz Limit: 1679
Processor Information for processor 15
  Max Mhz: 2300, Current Mhz: 1700, Mhz Limit: 1679
Processor Information for processor 16
  Max Mhz: 2300, Current Mhz: 1700, Mhz Limit: 1679
Processor Information for processor 17
  Max Mhz: 2300, Current Mhz: 1700, Mhz Limit: 1679
Processor Information for processor 18
  Max Mhz: 2300, Current Mhz: 1700, Mhz Limit: 1679
Processor Information for processor 19
  Max Mhz: 2300, Current Mhz: 1700, Mhz Limit: 1679

Memory: 4k page, system-wide physical 7876M (477M free)
TotalPageFile size 23163M (AvailPageFile size 2M)
current process WorkingSet (physical memory assigned to process): 116M, peak: 116M
current process commit charge ("private bytes"): 256M, peak: 258M

vm_info: OpenJDK 64-Bit Server VM (17.0.8.1+7-b1059.3) for windows-amd64 JRE (17.0.8.1+7-b1059.3), built on 2023-09-11 by "builduser" with MS VC++ 16.10 / 16.11 (VS2019)

END.
