#
# There is insufficient memory for the Java Runtime Environment to continue.
# Native memory allocation (malloc) failed to allocate 475536 bytes for Chunk::new
# Possible reasons:
#   The system is out of physical RAM or swap space
#   The process is running with CompressedOops enabled, and the Java Heap may be blocking the growth of the native heap
# Possible solutions:
#   Reduce memory load on the system
#   Increase physical memory or swap space
#   Check if swap backing store is full
#   Decrease Java heap size (-Xmx/-Xms)
#   Decrease number of Java threads
#   Decrease Java thread stack sizes (-Xss)
#   Set larger code cache with -XX:ReservedCodeCacheSize=
#   JVM is running with Unscaled Compressed Oops mode in which the Java heap is
#     placed in the first 4GB address space. The Java Heap base address is the
#     maximum limit for the native heap growth. Please use -XX:HeapBaseMinAddress
#     to set the Java Heap base and to place the Java Heap above 4GB virtual address.
# This output file may be truncated or incomplete.
#
#  Out of Memory Error (arena.cpp:189), pid=24868, tid=20412
#
# JRE version: OpenJDK Runtime Environment JBR-17.0.8.1+7-1059.3-nomod (17.0.8.1+7) (build 17.0.8.1+7-b1059.3)
# Java VM: OpenJDK 64-Bit Server VM JBR-17.0.8.1+7-1059.3-nomod (17.0.8.1+7-b1059.3, mixed mode, tiered, compressed oops, compressed class ptrs, g1 gc, windows-amd64)
# No core dump will be written. Minidumps are not enabled by default on client versions of Windows
#

---------------  S U M M A R Y ------------

Command Line: --module-path=C:\Users\DELL£\.m2\repository\org\openjfx\javafx-base\17\javafx-base-17-win.jar;C:\Users\DELL£\.m2\repository\org\openjfx\javafx-base\17\javafx-base-17.jar;C:\Users\DELL£\.m2\repository\org\openjfx\javafx-controls\17\javafx-controls-17-win.jar;C:\Users\DELL£\.m2\repository\org\openjfx\javafx-controls\17\javafx-controls-17.jar;C:\Users\DELL£\.m2\repository\org\openjfx\javafx-fxml\17\javafx-fxml-17-win.jar;C:\Users\DELL£\.m2\repository\org\openjfx\javafx-fxml\17\javafx-fxml-17.jar;C:\Users\DELL£\.m2\repository\org\openjfx\javafx-graphics\17\javafx-graphics-17-win.jar;C:\Users\DELL£\.m2\repository\org\openjfx\javafx-graphics\17\javafx-graphics-17.jar;C:\Users\DELL£\.m2\repository\org\openjfx\javafx-swing\17\javafx-swing-17-win.jar;C:\Users\DELL£\.m2\repository\org\openjfx\javafx-swing\17\javafx-swing-17.jar --add-modules=javafx.base,javafx.base,javafx.controls,javafx.controls,javafx.fxml,javafx.fxml,javafx.graphics,javafx.graphics,javafx.swing,javafx.swing tn.esprit.test.MainFX

Host: 11th Gen Intel(R) Core(TM) i5-1135G7 @ 2.40GHz, 8 cores, 7G,  Windows 10 , 64 bit Build 19041 (10.0.19041.3636)
Time: Sun Mar  3 21:17:41 2024 Paris, Madrid elapsed time: 1.593512 seconds (0d 0h 0m 1s)

---------------  T H R E A D  ---------------

Current thread (0x00000165257a53c0):  JavaThread "C2 CompilerThread1" daemon [_thread_in_native, id=20412, stack(0x00000015f8e00000,0x00000015f8f00000)]


Current CompileTask:
C2:   1593 1427 %     4       com.sun.javafx.image.impl.BaseByteToByteConverter$FourByteReorderer::doConvert @ 27 (138 bytes)

Stack: [0x00000015f8e00000,0x00000015f8f00000]
Native frames: (J=compiled Java code, j=interpreted, Vv=VM code, C=native code)
V  [jvm.dll+0x6852da]  os::platform_print_native_stack+0xca  (os_windows_x86.cpp:235)
V  [jvm.dll+0x844ad4]  VMError::report+0xc34  (vmError.cpp:741)
V  [jvm.dll+0x8463ee]  VMError::report_and_die+0x78e  (vmError.cpp:1582)
V  [jvm.dll+0x846a53]  VMError::report_and_die+0x43  (vmError.cpp:1368)
V  [jvm.dll+0x24b7cf]  report_vm_out_of_memory+0x8f  (debug.cpp:321)
V  [jvm.dll+0xac3bc]  Chunk::operator new+0xcc  (arena.cpp:189)
V  [jvm.dll+0xac98c]  Arena::grow+0x3c  (arena.cpp:350)
V  [jvm.dll+0x2b2cef]  PhaseIdealLoop::Dominators+0x8f  (domgraph.cpp:397)
V  [jvm.dll+0x58d677]  PhaseIdealLoop::build_and_optimize+0x417  (loopnode.cpp:3846)
V  [jvm.dll+0x226182]  PhaseIdealLoop::optimize+0x132  (loopnode.hpp:1153)
V  [jvm.dll+0x22655f]  Compile::optimize_loops+0xbf  (compile.cpp:2026)
V  [jvm.dll+0x21f655]  Compile::Optimize+0x1045  (compile.cpp:2248)
V  [jvm.dll+0x21cb0b]  Compile::Compile+0xd4b  (compile.cpp:791)
V  [jvm.dll+0x1a660d]  C2Compiler::compile_method+0xad  (c2compiler.cpp:110)
V  [jvm.dll+0x22c9c8]  CompileBroker::invoke_compiler_on_method+0x878  (compileBroker.cpp:2372)
V  [jvm.dll+0x22a990]  CompileBroker::compiler_thread_loop+0x2d0  (compileBroker.cpp:2030)
V  [jvm.dll+0x7f9b8c]  JavaThread::run+0x13c  (thread.cpp:1296)
V  [jvm.dll+0x7f3faa]  Thread::call_run+0x8a  (thread.cpp:404)
V  [jvm.dll+0x684165]  thread_native_entry+0x75  (os_windows.cpp:550)
C  [ucrtbase.dll+0x21bb2]
C  [KERNEL32.DLL+0x17344]
C  [ntdll.dll+0x526b1]


---------------  P R O C E S S  ---------------

Threads class SMR info:
_java_thread_list=0x0000016525836e60, length=19, elements={
0x00000165021b8960, 0x000001651c0bf320, 0x000001651c0bfce0, 0x000001651c23a680,
0x000001651c23b040, 0x000001651c23da10, 0x000001651c23e3d0, 0x000001651c23f0c0,
0x000001651c241e10, 0x000001651c261cc0, 0x000001651c3c3420, 0x000001651c86c3e0,
0x000001651c5ee770, 0x000001651cd3e2d0, 0x000001651cd3f6f0, 0x000001651c47f990,
0x000001651ce5cec0, 0x000001651cd73570, 0x00000165257a53c0
}

Java Threads: ( => current thread )
  0x00000165021b8960 JavaThread "main" [_thread_blocked, id=24468, stack(0x00000015f7000000,0x00000015f7100000)]
  0x000001651c0bf320 JavaThread "Reference Handler" daemon [_thread_blocked, id=23332, stack(0x00000015f7700000,0x00000015f7800000)]
  0x000001651c0bfce0 JavaThread "Finalizer" daemon [_thread_blocked, id=11044, stack(0x00000015f7800000,0x00000015f7900000)]
  0x000001651c23a680 JavaThread "Signal Dispatcher" daemon [_thread_blocked, id=28872, stack(0x00000015f7900000,0x00000015f7a00000)]
  0x000001651c23b040 JavaThread "Attach Listener" daemon [_thread_blocked, id=4324, stack(0x00000015f7a00000,0x00000015f7b00000)]
  0x000001651c23da10 JavaThread "Service Thread" daemon [_thread_blocked, id=20544, stack(0x00000015f7b00000,0x00000015f7c00000)]
  0x000001651c23e3d0 JavaThread "Monitor Deflation Thread" daemon [_thread_blocked, id=22980, stack(0x00000015f7c00000,0x00000015f7d00000)]
  0x000001651c23f0c0 JavaThread "C2 CompilerThread0" daemon [_thread_in_native, id=23372, stack(0x00000015f7d00000,0x00000015f7e00000)]
  0x000001651c241e10 JavaThread "C1 CompilerThread0" daemon [_thread_blocked, id=13912, stack(0x00000015f7e00000,0x00000015f7f00000)]
  0x000001651c261cc0 JavaThread "Sweeper thread" daemon [_thread_blocked, id=7896, stack(0x00000015f7f00000,0x00000015f8000000)]
  0x000001651c3c3420 JavaThread "Common-Cleaner" daemon [_thread_blocked, id=13408, stack(0x00000015f8000000,0x00000015f8100000)]
  0x000001651c86c3e0 JavaThread "Notification Thread" daemon [_thread_blocked, id=19564, stack(0x00000015f8200000,0x00000015f8300000)]
  0x000001651c5ee770 JavaThread "QuantumRenderer-0" daemon [_thread_blocked, id=8816, stack(0x00000015f8400000,0x00000015f8500000)]
  0x000001651cd3e2d0 JavaThread "InvokeLaterDispatcher" daemon [_thread_blocked, id=19788, stack(0x00000015f8500000,0x00000015f8600000)]
  0x000001651cd3f6f0 JavaThread "JavaFX Application Thread" [_thread_in_vm, id=19484, stack(0x00000015f8600000,0x00000015f8700000)]
  0x000001651c47f990 JavaThread "JavaFX-Launcher" [_thread_blocked, id=4104, stack(0x00000015f8100000,0x00000015f8200000)]
  0x000001651ce5cec0 JavaThread "Thread-2" daemon [_thread_in_native, id=25892, stack(0x00000015f8700000,0x00000015f8800000)]
  0x000001651cd73570 JavaThread "mysql-cj-abandoned-connection-cleanup" daemon [_thread_blocked, id=628, stack(0x00000015f8d00000,0x00000015f8e00000)]
=>0x00000165257a53c0 JavaThread "C2 CompilerThread1" daemon [_thread_in_native, id=20412, stack(0x00000015f8e00000,0x00000015f8f00000)]

Other Threads:
  0x000001651c0bb950 VMThread "VM Thread" [stack: 0x00000015f7600000,0x00000015f7700000] [id=10736]
  0x000001650223f4b0 WatcherThread [stack: 0x00000015f8300000,0x00000015f8400000] [id=23956]
  0x0000016502211890 GCTaskThread "GC Thread#0" [stack: 0x00000015f7100000,0x00000015f7200000] [id=1796]
  0x000001651cf17680 GCTaskThread "GC Thread#1" [stack: 0x00000015f8800000,0x00000015f8900000] [id=600]
  0x000001651cf17940 GCTaskThread "GC Thread#2" [stack: 0x00000015f8900000,0x00000015f8a00000] [id=3500]
  0x000001651cf17c00 GCTaskThread "GC Thread#3" [stack: 0x00000015f8a00000,0x00000015f8b00000] [id=14676]
  0x000001651ce89320 GCTaskThread "GC Thread#4" [stack: 0x00000015f8b00000,0x00000015f8c00000] [id=26508]
  0x000001651ce895e0 GCTaskThread "GC Thread#5" [stack: 0x00000015f8c00000,0x00000015f8d00000] [id=4968]
  0x000001652628db70 GCTaskThread "GC Thread#6" [stack: 0x00000015f8f00000,0x00000015f9000000] [id=10588]
  0x000001652628de30 GCTaskThread "GC Thread#7" [stack: 0x00000015f9000000,0x00000015f9100000] [id=23344]
  0x0000016502221ee0 ConcurrentGCThread "G1 Main Marker" [stack: 0x00000015f7200000,0x00000015f7300000] [id=27988]
  0x00000165022227f0 ConcurrentGCThread "G1 Conc#0" [stack: 0x00000015f7300000,0x00000015f7400000] [id=22960]
  0x000001652628e0f0 ConcurrentGCThread "G1 Conc#1" [stack: 0x00000015f9100000,0x00000015f9200000] [id=13108]
  0x000001650226df10 ConcurrentGCThread "G1 Refine#0" [stack: 0x00000015f7400000,0x00000015f7500000] [id=14724]
  0x000001650226e840 ConcurrentGCThread "G1 Service" [stack: 0x00000015f7500000,0x00000015f7600000] [id=21284]

Threads with active compile tasks:
C2 CompilerThread0     1775 1446       4       java.io.DataInputStream::readUTF (501 bytes)
C2 CompilerThread1     1775 1427 %     4       com.sun.javafx.image.impl.BaseByteToByteConverter$FourByteReorderer::doConvert @ 27 (138 bytes)

VM state: not at safepoint (normal execution)

VM Mutex/Monitor currently owned by a thread: None

Heap address: 0x0000000084000000, size: 1984 MB, Compressed Oops mode: 32-bit

CDS archive(s) not mapped
Compressed class space mapped at: 0x0000000100000000-0x0000000140000000, reserved size: 1073741824
Narrow klass base: 0x0000000000000000, Narrow klass shift: 3, Narrow klass range: 0x140000000

GC Precious Log:
 CPUs: 8 total, 8 available
 Memory: 7934M
 Large Page Support: Disabled
 NUMA Support: Disabled
 Compressed Oops: Enabled (32-bit)
 Heap Region Size: 1M
 Heap Min Capacity: 8M
 Heap Initial Capacity: 124M
 Heap Max Capacity: 1984M
 Pre-touch: Disabled
 Parallel Workers: 8
 Concurrent Workers: 2
 Concurrent Refinement Workers: 8
 Periodic GC: Disabled

Heap:
 garbage-first heap   total 58368K, used 21760K [0x0000000084000000, 0x0000000100000000)
  region size 1024K, 11 young (11264K), 4 survivors (4096K)
 Metaspace       used 22745K, committed 22912K, reserved 1114112K
  class space    used 2656K, committed 2752K, reserved 1048576K

Heap Regions: E=young(eden), S=young(survivor), O=old, HS=humongous(starts), HC=humongous(continues), CS=collection set, F=free, OA=open archive, CA=closed archive, TAMS=top-at-mark-start (previous, next)
|   0|0x0000000084000000, 0x0000000084100000, 0x0000000084100000|100%| O|  |TAMS 0x0000000084100000, 0x0000000084000000| Untracked 
|   1|0x0000000084100000, 0x0000000084200000, 0x0000000084200000|100%| O|  |TAMS 0x0000000084198e00, 0x0000000084100000| Untracked 
|   2|0x0000000084200000, 0x0000000084300000, 0x0000000084300000|100%|HS|  |TAMS 0x0000000084300000, 0x0000000084200000| Complete 
|   3|0x0000000084300000, 0x0000000084400000, 0x0000000084400000|100%|HC|  |TAMS 0x0000000084400000, 0x0000000084300000| Complete 
|   4|0x0000000084400000, 0x0000000084500000, 0x0000000084500000|100%|HC|  |TAMS 0x0000000084500000, 0x0000000084400000| Complete 
|   5|0x0000000084500000, 0x0000000084600000, 0x0000000084600000|100%|HC|  |TAMS 0x0000000084600000, 0x0000000084500000| Complete 
|   6|0x0000000084600000, 0x0000000084700000, 0x0000000084700000|100%|HC|  |TAMS 0x0000000084700000, 0x0000000084600000| Complete 
|   7|0x0000000084700000, 0x0000000084800000, 0x0000000084800000|100%|HS|  |TAMS 0x0000000084800000, 0x0000000084700000| Complete 
|   8|0x0000000084800000, 0x0000000084900000, 0x0000000084900000|100%|HC|  |TAMS 0x0000000084900000, 0x0000000084800000| Complete 
|   9|0x0000000084900000, 0x0000000084a00000, 0x0000000084a00000|100%| O|  |TAMS 0x0000000084900000, 0x0000000084900000| Untracked 
|  10|0x0000000084a00000, 0x0000000084b00000, 0x0000000084b00000|100%| O|  |TAMS 0x0000000084a00000, 0x0000000084a00000| Untracked 
|  11|0x0000000084b00000, 0x0000000084b73200, 0x0000000084c00000| 44%| O|  |TAMS 0x0000000084b00000, 0x0000000084b00000| Complete 
|  12|0x0000000084c00000, 0x0000000084c00000, 0x0000000084d00000|  0%| F|  |TAMS 0x0000000084c00000, 0x0000000084c00000| Untracked 
|  13|0x0000000084d00000, 0x0000000084d00000, 0x0000000084e00000|  0%| F|  |TAMS 0x0000000084d00000, 0x0000000084d00000| Untracked 
|  14|0x0000000084e00000, 0x0000000084e00000, 0x0000000084f00000|  0%| F|  |TAMS 0x0000000084e00000, 0x0000000084e00000| Untracked 
|  15|0x0000000084f00000, 0x0000000084f00000, 0x0000000085000000|  0%| F|  |TAMS 0x0000000084f00000, 0x0000000084f00000| Untracked 
|  16|0x0000000085000000, 0x0000000085000000, 0x0000000085100000|  0%| F|  |TAMS 0x0000000085000000, 0x0000000085000000| Untracked 
|  17|0x0000000085100000, 0x0000000085100000, 0x0000000085200000|  0%| F|  |TAMS 0x0000000085100000, 0x0000000085100000| Untracked 
|  18|0x0000000085200000, 0x0000000085200000, 0x0000000085300000|  0%| F|  |TAMS 0x0000000085200000, 0x0000000085200000| Untracked 
|  19|0x0000000085300000, 0x0000000085300000, 0x0000000085400000|  0%| F|  |TAMS 0x0000000085300000, 0x0000000085300000| Untracked 
|  20|0x0000000085400000, 0x0000000085400000, 0x0000000085500000|  0%| F|  |TAMS 0x0000000085400000, 0x0000000085400000| Untracked 
|  21|0x0000000085500000, 0x0000000085500000, 0x0000000085600000|  0%| F|  |TAMS 0x0000000085500000, 0x0000000085500000| Untracked 
|  22|0x0000000085600000, 0x0000000085600000, 0x0000000085700000|  0%| F|  |TAMS 0x0000000085600000, 0x0000000085600000| Untracked 
|  23|0x0000000085700000, 0x0000000085700000, 0x0000000085800000|  0%| F|  |TAMS 0x0000000085700000, 0x0000000085700000| Untracked 
|  24|0x0000000085800000, 0x0000000085800000, 0x0000000085900000|  0%| F|  |TAMS 0x0000000085800000, 0x0000000085800000| Untracked 
|  25|0x0000000085900000, 0x0000000085900000, 0x0000000085a00000|  0%| F|  |TAMS 0x0000000085900000, 0x0000000085900000| Untracked 
|  26|0x0000000085a00000, 0x0000000085a00000, 0x0000000085b00000|  0%| F|  |TAMS 0x0000000085a00000, 0x0000000085a00000| Untracked 
|  27|0x0000000085b00000, 0x0000000085b00000, 0x0000000085c00000|  0%| F|  |TAMS 0x0000000085b00000, 0x0000000085b00000| Untracked 
|  28|0x0000000085c00000, 0x0000000085c00000, 0x0000000085d00000|  0%| F|  |TAMS 0x0000000085c00000, 0x0000000085c00000| Untracked 
|  29|0x0000000085d00000, 0x0000000085d00000, 0x0000000085e00000|  0%| F|  |TAMS 0x0000000085d00000, 0x0000000085d00000| Untracked 
|  30|0x0000000085e00000, 0x0000000085e00000, 0x0000000085f00000|  0%| F|  |TAMS 0x0000000085e00000, 0x0000000085e00000| Untracked 
|  31|0x0000000085f00000, 0x0000000085f00000, 0x0000000086000000|  0%| F|  |TAMS 0x0000000085f00000, 0x0000000085f00000| Untracked 
|  32|0x0000000086000000, 0x0000000086000000, 0x0000000086100000|  0%| F|  |TAMS 0x0000000086000000, 0x0000000086000000| Untracked 
|  33|0x0000000086100000, 0x0000000086100000, 0x0000000086200000|  0%| F|  |TAMS 0x0000000086100000, 0x0000000086100000| Untracked 
|  34|0x0000000086200000, 0x0000000086200000, 0x0000000086300000|  0%| F|  |TAMS 0x0000000086200000, 0x0000000086200000| Untracked 
|  35|0x0000000086300000, 0x0000000086300000, 0x0000000086400000|  0%| F|  |TAMS 0x0000000086300000, 0x0000000086300000| Untracked 
|  36|0x0000000086400000, 0x0000000086400000, 0x0000000086500000|  0%| F|  |TAMS 0x0000000086400000, 0x0000000086400000| Untracked 
|  37|0x0000000086500000, 0x0000000086500000, 0x0000000086600000|  0%| F|  |TAMS 0x0000000086500000, 0x0000000086500000| Untracked 
|  38|0x0000000086600000, 0x0000000086600000, 0x0000000086700000|  0%| F|  |TAMS 0x0000000086600000, 0x0000000086600000| Untracked 
|  39|0x0000000086700000, 0x0000000086700000, 0x0000000086800000|  0%| F|  |TAMS 0x0000000086700000, 0x0000000086700000| Untracked 
|  40|0x0000000086800000, 0x0000000086800000, 0x0000000086900000|  0%| F|  |TAMS 0x0000000086800000, 0x0000000086800000| Untracked 
|  41|0x0000000086900000, 0x0000000086900000, 0x0000000086a00000|  0%| F|  |TAMS 0x0000000086900000, 0x0000000086900000| Untracked 
|  42|0x0000000086a00000, 0x0000000086a00000, 0x0000000086b00000|  0%| F|  |TAMS 0x0000000086a00000, 0x0000000086a00000| Untracked 
|  43|0x0000000086b00000, 0x0000000086b00000, 0x0000000086c00000|  0%| F|  |TAMS 0x0000000086b00000, 0x0000000086b00000| Untracked 
|  44|0x0000000086c00000, 0x0000000086c00000, 0x0000000086d00000|  0%| F|  |TAMS 0x0000000086c00000, 0x0000000086c00000| Untracked 
|  45|0x0000000086d00000, 0x0000000086d00000, 0x0000000086e00000|  0%| F|  |TAMS 0x0000000086d00000, 0x0000000086d00000| Untracked 
|  46|0x0000000086e00000, 0x0000000086e80800, 0x0000000086f00000| 50%| E|  |TAMS 0x0000000086e00000, 0x0000000086e00000| Complete 
|  47|0x0000000086f00000, 0x0000000087000000, 0x0000000087000000|100%| E|CS|TAMS 0x0000000086f00000, 0x0000000086f00000| Complete 
|  48|0x0000000087000000, 0x0000000087100000, 0x0000000087100000|100%| E|CS|TAMS 0x0000000087000000, 0x0000000087000000| Complete 
|  49|0x0000000087100000, 0x0000000087200000, 0x0000000087200000|100%| E|CS|TAMS 0x0000000087100000, 0x0000000087100000| Complete 
|  50|0x0000000087200000, 0x0000000087300000, 0x0000000087300000|100%| E|CS|TAMS 0x0000000087200000, 0x0000000087200000| Complete 
|  51|0x0000000087300000, 0x0000000087400000, 0x0000000087400000|100%| E|CS|TAMS 0x0000000087300000, 0x0000000087300000| Complete 
|  89|0x0000000089900000, 0x00000000899cced8, 0x0000000089a00000| 80%| S|CS|TAMS 0x0000000089900000, 0x0000000089900000| Complete 
|  90|0x0000000089a00000, 0x0000000089b00000, 0x0000000089b00000|100%| S|CS|TAMS 0x0000000089a00000, 0x0000000089a00000| Complete 
|  91|0x0000000089b00000, 0x0000000089c00000, 0x0000000089c00000|100%| S|CS|TAMS 0x0000000089b00000, 0x0000000089b00000| Complete 
|  92|0x0000000089c00000, 0x0000000089d00000, 0x0000000089d00000|100%| S|CS|TAMS 0x0000000089c00000, 0x0000000089c00000| Complete 
| 123|0x000000008bb00000, 0x000000008bc00000, 0x000000008bc00000|100%| E|CS|TAMS 0x000000008bb00000, 0x000000008bb00000| Complete 

Card table byte_map: [0x0000016515090000,0x0000016515470000] _byte_map_base: 0x0000016514c70000

Marking Bits (Prev, Next): (CMBitMap*) 0x0000016502211df0, (CMBitMap*) 0x0000016502211db0
 Prev Bits: [0x0000016517750000, 0x0000016519650000)
 Next Bits: [0x0000016515850000, 0x0000016517750000)

Polling page: 0x0000016500140000

Metaspace:

Usage:
  Non-class:     19.65 MB used.
      Class:      2.60 MB used.
       Both:     22.25 MB used.

Virtual space:
  Non-class space:       64.00 MB reserved,      19.75 MB ( 31%) committed,  1 nodes.
      Class space:        1.00 GB reserved,       2.75 MB ( <1%) committed,  1 nodes.
             Both:        1.06 GB reserved,      22.50 MB (  2%) committed. 

Chunk freelists:
   Non-Class:  11.72 MB
       Class:  13.17 MB
        Both:  24.89 MB

MaxMetaspaceSize: unlimited
CompressedClassSpaceSize: 1.00 GB
Initial GC threshold: 21.00 MB
Current GC threshold: 35.12 MB
CDS: off
MetaspaceReclaimPolicy: balanced
 - commit_granule_bytes: 65536.
 - commit_granule_words: 8192.
 - virtual_space_node_default_size: 8388608.
 - enlarge_chunks_in_place: 1.
 - new_chunks_are_fully_committed: 0.
 - uncommit_free_chunks: 1.
 - use_allocation_guard: 0.
 - handle_deallocations: 1.


Internal statistics:

num_allocs_failed_limit: 3.
num_arena_births: 196.
num_arena_deaths: 0.
num_vsnodes_births: 2.
num_vsnodes_deaths: 0.
num_space_committed: 360.
num_space_uncommitted: 0.
num_chunks_returned_to_freelist: 3.
num_chunks_taken_from_freelist: 683.
num_chunk_merges: 3.
num_chunk_splits: 470.
num_chunks_enlarged: 348.
num_inconsistent_stats: 0.

CodeHeap 'non-profiled nmethods': size=120000Kb used=577Kb max_used=577Kb free=119423Kb
 bounds [0x000001650d450000, 0x000001650d6c0000, 0x0000016514980000]
CodeHeap 'profiled nmethods': size=120000Kb used=3386Kb max_used=3386Kb free=116613Kb
 bounds [0x0000016505980000, 0x0000016505cd0000, 0x000001650ceb0000]
CodeHeap 'non-nmethods': size=5760Kb used=1296Kb max_used=1296Kb free=4463Kb
 bounds [0x000001650ceb0000, 0x000001650d120000, 0x000001650d450000]
 total_blobs=2458 nmethods=1843 adapters=528
 compilation: enabled
              stopped_count=0, restarted_count=0
 full_count=0

Compilation events (20 events):
Event: 1.577 Thread 0x000001651c241e10 1626       3       com.ctc.wstx.sr.BasicStreamReader::next (383 bytes)
Event: 1.579 Thread 0x000001651c241e10 nmethod 1626 0x0000016505c58590 code [0x0000016505c588a0, 0x0000016505c59c68]
Event: 1.580 Thread 0x000001651c241e10 1627       3       java.io.InputStream::readNBytes (292 bytes)
Event: 1.581 Thread 0x000001651c241e10 nmethod 1627 0x0000016505c5a210 code [0x0000016505c5a540, 0x0000016505c5bf08]
Event: 1.586 Thread 0x000001651c241e10 1628       3       java.lang.invoke.InnerClassLambdaMetafactory::getLoadOpcode (26 bytes)
Event: 1.586 Thread 0x000001651c241e10 nmethod 1628 0x0000016505c5c710 code [0x0000016505c5c8c0, 0x0000016505c5caf8]
Event: 1.586 Thread 0x000001651c241e10 1629       3       jdk.internal.org.objectweb.asm.MethodVisitor::visitVarInsn (17 bytes)
Event: 1.587 Thread 0x000001651c241e10 nmethod 1629 0x0000016505c5cc10 code [0x0000016505c5cdc0, 0x0000016505c5cfc8]
Event: 1.587 Thread 0x000001651c241e10 1630       3       java.util.HashMap::<init> (8 bytes)
Event: 1.587 Thread 0x000001651c241e10 nmethod 1630 0x0000016505c5d090 code [0x0000016505c5d260, 0x0000016505c5d3a8]
Event: 1.588 Thread 0x000001651c241e10 1631   !   3       com.sun.javafx.fxml.ModuleHelper::getModule (30 bytes)
Event: 1.588 Thread 0x000001651c241e10 nmethod 1631 0x0000016505c5d490 code [0x0000016505c5d6a0, 0x0000016505c5dc48]
Event: 1.588 Thread 0x000001651c241e10 1632       3       javafx.fxml.FXMLLoader$Element::getValueAdapter (27 bytes)
Event: 1.589 Thread 0x000001651c241e10 nmethod 1632 0x0000016505c5df90 code [0x0000016505c5e160, 0x0000016505c5e5a8]
Event: 1.589 Thread 0x000001651c241e10 1633       3       javafx.fxml.FXMLLoader$Element::isTyped (16 bytes)
Event: 1.589 Thread 0x000001651c241e10 nmethod 1633 0x0000016505c5e710 code [0x0000016505c5e8a0, 0x0000016505c5eb18]
Event: 1.589 Thread 0x000001651c241e10 1635       3       java.lang.Module::implIsExportedOrOpen (92 bytes)
Event: 1.589 Thread 0x000001651c241e10 nmethod 1635 0x0000016505c5eb90 code [0x0000016505c5edc0, 0x0000016505c5f4d8]
Event: 1.589 Thread 0x000001651c241e10 1634       1       com.ctc.wstx.util.StringVector::size (5 bytes)
Event: 1.589 Thread 0x000001651c241e10 nmethod 1634 0x000001650d4d8f90 code [0x000001650d4d9120, 0x000001650d4d91f8]

GC Heap History (2 events):
Event: 0.853 GC heap before
{Heap before GC invocations=0 (full 0):
 garbage-first heap   total 126976K, used 22528K [0x0000000084000000, 0x0000000100000000)
  region size 1024K, 23 young (23552K), 0 survivors (0K)
 Metaspace       used 12035K, committed 12160K, reserved 1114112K
  class space    used 1247K, committed 1280K, reserved 1048576K
}
Event: 0.857 GC heap after
{Heap after GC invocations=1 (full 0):
 garbage-first heap   total 126976K, used 4707K [0x0000000084000000, 0x0000000100000000)
  region size 1024K, 3 young (3072K), 3 survivors (3072K)
 Metaspace       used 12035K, committed 12160K, reserved 1114112K
  class space    used 1247K, committed 1280K, reserved 1048576K
}

Dll operation events (2 events):
Event: 0.006 Loaded shared library C:\Users\DELL£\.jdks\jbr-17.0.8.1\bin\java.dll
Event: 0.034 Loaded shared library C:\Users\DELL£\.jdks\jbr-17.0.8.1\bin\jsvml.dll

Deoptimization events (20 events):
Event: 1.490 Thread 0x000001651cd3f6f0 Uncommon trap: trap_request=0xffffffde fr.pc=0x000001650d4b9f1c relative=0x00000000000004dc
Event: 1.490 Thread 0x000001651cd3f6f0 Uncommon trap: reason=class_check action=maybe_recompile pc=0x000001650d4b9f1c method=java.util.HashMap.getNode(Ljava/lang/Object;)Ljava/util/HashMap$Node; @ 128 c2
Event: 1.490 Thread 0x000001651cd3f6f0 DEOPT PACKING pc=0x000001650d4b9f1c sp=0x00000015f86fca90
Event: 1.490 Thread 0x000001651cd3f6f0 DEOPT UNPACKING pc=0x000001650cf0a1a3 sp=0x00000015f86fca08 mode 2
Event: 1.490 Thread 0x000001651cd3f6f0 Uncommon trap: trap_request=0xffffffde fr.pc=0x000001650d4b9f1c relative=0x00000000000004dc
Event: 1.490 Thread 0x000001651cd3f6f0 Uncommon trap: reason=class_check action=maybe_recompile pc=0x000001650d4b9f1c method=java.util.HashMap.getNode(Ljava/lang/Object;)Ljava/util/HashMap$Node; @ 128 c2
Event: 1.490 Thread 0x000001651cd3f6f0 DEOPT PACKING pc=0x000001650d4b9f1c sp=0x00000015f86fca90
Event: 1.490 Thread 0x000001651cd3f6f0 DEOPT UNPACKING pc=0x000001650cf0a1a3 sp=0x00000015f86fca08 mode 2
Event: 1.490 Thread 0x000001651cd3f6f0 Uncommon trap: trap_request=0xffffffde fr.pc=0x000001650d4b9f1c relative=0x00000000000004dc
Event: 1.490 Thread 0x000001651cd3f6f0 Uncommon trap: reason=class_check action=maybe_recompile pc=0x000001650d4b9f1c method=java.util.HashMap.getNode(Ljava/lang/Object;)Ljava/util/HashMap$Node; @ 128 c2
Event: 1.490 Thread 0x000001651cd3f6f0 DEOPT PACKING pc=0x000001650d4b9f1c sp=0x00000015f86fca90
Event: 1.490 Thread 0x000001651cd3f6f0 DEOPT UNPACKING pc=0x000001650cf0a1a3 sp=0x00000015f86fca08 mode 2
Event: 1.490 Thread 0x000001651cd3f6f0 Uncommon trap: trap_request=0xffffffde fr.pc=0x000001650d4b9f1c relative=0x00000000000004dc
Event: 1.490 Thread 0x000001651cd3f6f0 Uncommon trap: reason=class_check action=maybe_recompile pc=0x000001650d4b9f1c method=java.util.HashMap.getNode(Ljava/lang/Object;)Ljava/util/HashMap$Node; @ 128 c2
Event: 1.490 Thread 0x000001651cd3f6f0 DEOPT PACKING pc=0x000001650d4b9f1c sp=0x00000015f86fca90
Event: 1.490 Thread 0x000001651cd3f6f0 DEOPT UNPACKING pc=0x000001650cf0a1a3 sp=0x00000015f86fca08 mode 2
Event: 1.490 Thread 0x000001651cd3f6f0 Uncommon trap: trap_request=0xffffff45 fr.pc=0x000001650d4837a8 relative=0x00000000000004a8
Event: 1.490 Thread 0x000001651cd3f6f0 Uncommon trap: reason=unstable_if action=reinterpret pc=0x000001650d4837a8 method=java.util.HashMap.putVal(ILjava/lang/Object;Ljava/lang/Object;ZZ)Ljava/lang/Object; @ 162 c2
Event: 1.490 Thread 0x000001651cd3f6f0 DEOPT PACKING pc=0x000001650d4837a8 sp=0x00000015f86fc9c0
Event: 1.490 Thread 0x000001651cd3f6f0 DEOPT UNPACKING pc=0x000001650cf0a1a3 sp=0x00000015f86fc960 mode 2

Classes unloaded (0 events):
No events

Classes redefined (0 events):
No events

Internal exceptions (20 events):
Event: 0.288 Thread 0x00000165021b8960 Exception <a 'java/lang/NoSuchMethodError'{0x000000008b4692e0}: 'void java.lang.invoke.DirectMethodHandle$Holder.invokeStatic(java.lang.Object, java.lang.Object)'> (0x000000008b4692e0) 
thrown [s\src\hotspot\share\interpreter\linkResolver.cpp, line 771]
Event: 0.540 Thread 0x00000165021b8960 Exception <a 'java/lang/NoSuchMethodError'{0x000000008ae3af20}: 'void java.lang.invoke.DirectMethodHandle$Holder.invokeSpecial(java.lang.Object, java.lang.Object, java.lang.Object)'> (0x000000008ae3af20) 
thrown [s\src\hotspot\share\interpreter\linkResolver.cpp, line 771]
Event: 0.547 Thread 0x00000165021b8960 Exception <a 'java/lang/NoSuchMethodError'{0x000000008ae71bb8}: 'void java.lang.invoke.DirectMethodHandle$Holder.invokeStatic(java.lang.Object, java.lang.Object, java.lang.Object)'> (0x000000008ae71bb8) 
thrown [s\src\hotspot\share\interpreter\linkResolver.cpp, line 771]
Event: 0.613 Thread 0x00000165021b8960 Exception <a 'java/lang/NoSuchMethodError'{0x000000008ae8e8d0}: 'int java.lang.invoke.DirectMethodHandle$Holder.invokeStaticInit(java.lang.Object, java.lang.Object, java.lang.Object)'> (0x000000008ae8e8d0) 
thrown [s\src\hotspot\share\interpreter\linkResolver.cpp, line 771]
Event: 0.639 Thread 0x00000165021b8960 Exception <a 'java/lang/NoSuchMethodError'{0x000000008adda260}: 'java.lang.Object java.lang.invoke.DirectMethodHandle$Holder.newInvokeSpecial(java.lang.Object, java.lang.Object, int, java.lang.Object)'> (0x000000008adda260) 
thrown [s\src\hotspot\share\interpreter\linkResolver.cpp, line 771]
Event: 0.639 Thread 0x00000165021b8960 Exception <a 'java/lang/NoSuchMethodError'{0x000000008adde640}: 'java.lang.Object java.lang.invoke.DirectMethodHandle$Holder.invokeSpecial(java.lang.Object, java.lang.Object, java.lang.Object, int, java.lang.Object)'> (0x000000008adde640) 
thrown [s\src\hotspot\share\interpreter\linkResolver.cpp, line 771]
Event: 0.733 Thread 0x000001651cd3f6f0 Exception <a 'java/lang/NoSuchMethodError'{0x000000008ab17368}: 'void java.lang.invoke.DirectMethodHandle$Holder.invokeStaticInit(java.lang.Object)'> (0x000000008ab17368) 
thrown [s\src\hotspot\share\interpreter\linkResolver.cpp, line 771]
Event: 0.736 Thread 0x00000165021b8960 Exception <a 'java/lang/NoSuchMethodError'{0x000000008ab7a898}: 'java.lang.Object java.lang.invoke.DirectMethodHandle$Holder.newInvokeSpecial(java.lang.Object, java.lang.Object, java.lang.Object, java.lang.Object, java.lang.Object, java.lang.Object)'> (0x000000008ab7a898) 
thrown [s\src\hotspot\share\interpreter\linkResolver.cpp, line 771]
Event: 0.744 Thread 0x00000165021b8960 Exception <a 'java/lang/NoSuchMethodError'{0x000000008abaad48}: 'java.lang.Object java.lang.invoke.DirectMethodHandle$Holder.newInvokeSpecial(java.lang.Object, java.lang.Object, java.lang.Object, java.lang.Object, java.lang.Object)'> (0x000000008abaad48) 
thrown [s\src\hotspot\share\interpreter\linkResolver.cpp, line 771]
Event: 0.746 Thread 0x000001651c47f990 Exception <a 'java/lang/NoSuchMethodError'{0x000000008abf0388}: 'void java.lang.invoke.DirectMethodHandle$Holder.invokeStatic(java.lang.Object, java.lang.Object, java.lang.Object, java.lang.Object)'> (0x000000008abf0388) 
thrown [s\src\hotspot\share\interpreter\linkResolver.cpp, line 771]
Event: 0.782 Thread 0x000001651cd3f6f0 Exception <a 'java/lang/NoSuchMethodError'{0x000000008a817ff8}: 'java.lang.Object java.lang.invoke.Invokers$Holder.invoke_MT(java.lang.Object, java.lang.Object, java.lang.Object)'> (0x000000008a817ff8) 
thrown [s\src\hotspot\share\interpreter\linkResolver.cpp, line 771]
Event: 0.951 Thread 0x000001651cd3f6f0 Exception <a 'java/lang/NoSuchMethodError'{0x000000008b73c988}: 'java.lang.Object java.lang.invoke.DirectMethodHandle$Holder.invokeInterface(java.lang.Object, java.lang.Object)'> (0x000000008b73c988) 
thrown [s\src\hotspot\share\interpreter\linkResolver.cpp, line 771]
Event: 0.981 Thread 0x000001651cd3f6f0 Exception <a 'java/lang/NoSuchMethodError'{0x000000008b7c99f8}: 'java.lang.Object java.lang.invoke.DirectMethodHandle$Holder.invokeVirtual(java.lang.Object, java.lang.Object, java.lang.Object)'> (0x000000008b7c99f8) 
thrown [s\src\hotspot\share\interpreter\linkResolver.cpp, line 771]
Event: 1.277 Thread 0x000001651cd3f6f0 Exception <a 'java/lang/NoSuchMethodError'{0x000000008ad858b0}: 'java.lang.Object java.lang.invoke.DirectMethodHandle$Holder.invokeStaticInit(java.lang.Object, java.lang.Object, java.lang.Object, java.lang.Object)'> (0x000000008ad858b0) 
thrown [s\src\hotspot\share\interpreter\linkResolver.cpp, line 771]
Event: 1.278 Thread 0x000001651cd3f6f0 Exception <a 'java/lang/NullPointerException'{0x000000008ad91540}> (0x000000008ad91540) 
thrown [s\src\hotspot\share\interpreter\linkResolver.cpp, line 1362]
Event: 1.427 Thread 0x000001651cd3f6f0 Exception <a 'java/lang/ClassNotFoundException'{0x000000008a9a89b0}: com/sun/glass/ui/win/themes> (0x000000008a9a89b0) 
thrown [s\src\hotspot\share\prims\jni.cpp, line 536]
Event: 1.428 Thread 0x000001651cd3f6f0 Exception <a 'java/lang/ClassNotFoundException'{0x000000008a9b4610}: com/sun/glass/ui/win/themes_fr> (0x000000008a9b4610) 
thrown [s\src\hotspot\share\prims\jni.cpp, line 536]
Event: 1.428 Thread 0x000001651cd3f6f0 Exception <a 'java/lang/ClassNotFoundException'{0x000000008a9bc6c0}: com/sun/glass/ui/win/themes_fr_FR> (0x000000008a9bc6c0) 
thrown [s\src\hotspot\share\prims\jni.cpp, line 536]
Event: 1.514 Thread 0x000001651cd3f6f0 Exception <a 'java/lang/NoSuchMethodError'{0x000000008a1c01a0}: 'void java.lang.invoke.DirectMethodHandle$Holder.invokeStaticInit(java.lang.Object, java.lang.Object)'> (0x000000008a1c01a0) 
thrown [s\src\hotspot\share\interpreter\linkResolver.cpp, line 771]
Event: 1.574 Thread 0x000001651cd3f6f0 Exception <a 'java/lang/NoSuchMethodError'{0x0000000089e029e0}: 'void java.lang.invoke.DirectMethodHandle$Holder.invokeSpecial(java.lang.Object, java.lang.Object, java.lang.Object, java.lang.Object, java.lang.Object)'> (0x0000000089e029e0) 
thrown [s\src\hotspot\share\interpreter\linkResolver.cpp, line 771]

VM Operations (20 events):
Event: 0.839 Executing VM operation: HandshakeAllThreads
Event: 0.839 Executing VM operation: HandshakeAllThreads done
Event: 0.839 Executing VM operation: HandshakeAllThreads
Event: 0.840 Executing VM operation: HandshakeAllThreads done
Event: 0.853 Executing VM operation: G1CollectForAllocation
Event: 0.857 Executing VM operation: G1CollectForAllocation done
Event: 0.889 Executing VM operation: HandshakeAllThreads
Event: 0.890 Executing VM operation: HandshakeAllThreads done
Event: 0.928 Executing VM operation: HandshakeAllThreads
Event: 0.928 Executing VM operation: HandshakeAllThreads done
Event: 0.952 Executing VM operation: HandshakeAllThreads
Event: 0.952 Executing VM operation: HandshakeAllThreads done
Event: 1.073 Executing VM operation: HandshakeAllThreads
Event: 1.073 Executing VM operation: HandshakeAllThreads done
Event: 1.173 Executing VM operation: HandshakeAllThreads
Event: 1.173 Executing VM operation: HandshakeAllThreads done
Event: 1.189 Executing VM operation: HandshakeAllThreads
Event: 1.189 Executing VM operation: HandshakeAllThreads done
Event: 1.558 Executing VM operation: HandshakeAllThreads
Event: 1.558 Executing VM operation: HandshakeAllThreads done

Events (20 events):
Event: 1.472 loading class java/util/AbstractList$ListItr
Event: 1.472 loading class java/util/AbstractList$ListItr done
Event: 1.514 loading class java/util/WeakHashMap$Values
Event: 1.514 loading class java/util/WeakHashMap$Values done
Event: 1.514 loading class java/util/WeakHashMap$ValueIterator
Event: 1.514 loading class java/util/WeakHashMap$ValueIterator done
Event: 1.515 loading class java/lang/CloneNotSupportedException
Event: 1.515 loading class java/lang/CloneNotSupportedException done
Event: 1.520 loading class java/lang/Menu
Event: 1.520 loading class java/lang/Menu done
Event: 1.525 loading class java/lang/MenuItem
Event: 1.525 loading class java/lang/MenuItem done
Event: 1.550 loading class java/lang/HBox
Event: 1.550 loading class java/lang/HBox done
Event: 1.555 loading class java/lang/Byte$ByteCache
Event: 1.555 loading class java/lang/Byte$ByteCache done
Event: 1.555 loading class java/lang/Short$ShortCache
Event: 1.556 loading class java/lang/Short$ShortCache done
Event: 1.556 loading class java/lang/Character$CharacterCache
Event: 1.556 loading class java/lang/Character$CharacterCache done


Dynamic libraries:
0x00007ff6427c0000 - 0x00007ff6427ca000 	C:\Users\DELL£\.jdks\jbr-17.0.8.1\bin\java.exe
0x00007ffd67fb0000 - 0x00007ffd681a8000 	C:\Windows\SYSTEM32\ntdll.dll
0x00007ffd67330000 - 0x00007ffd673ed000 	C:\Windows\System32\KERNEL32.DLL
0x00007ffd65a10000 - 0x00007ffd65d06000 	C:\Windows\System32\KERNELBASE.dll
0x00007ffd65670000 - 0x00007ffd65770000 	C:\Windows\System32\ucrtbase.dll
0x00007ffd60d30000 - 0x00007ffd60d47000 	C:\Users\DELL£\.jdks\jbr-17.0.8.1\bin\jli.dll
0x00007ffd67190000 - 0x00007ffd6732e000 	C:\Windows\System32\USER32.dll
0x00007ffd4d320000 - 0x00007ffd4d5ba000 	C:\Windows\WinSxS\amd64_microsoft.windows.common-controls_6595b64144ccf1df_6.0.19041.3636_none_60b6a03d71f818d5\COMCTL32.dll
0x00007ffd65770000 - 0x00007ffd65792000 	C:\Windows\System32\win32u.dll
0x00007ffd65fc0000 - 0x00007ffd6605e000 	C:\Windows\System32\msvcrt.dll
0x00007ffd66590000 - 0x00007ffd665bb000 	C:\Windows\System32\GDI32.dll
0x00007ffd61470000 - 0x00007ffd6148b000 	C:\Users\DELL£\.jdks\jbr-17.0.8.1\bin\VCRUNTIME140.dll
0x00007ffd658f0000 - 0x00007ffd65a07000 	C:\Windows\System32\gdi32full.dll
0x00007ffd65850000 - 0x00007ffd658ed000 	C:\Windows\System32\msvcp_win.dll
0x00007ffd67dd0000 - 0x00007ffd67e02000 	C:\Windows\System32\IMM32.DLL
0x00007ffd60d20000 - 0x00007ffd60d2c000 	C:\Users\DELL£\.jdks\jbr-17.0.8.1\bin\vcruntime140_1.dll
0x00007ffd60c90000 - 0x00007ffd60d1d000 	C:\Users\DELL£\.jdks\jbr-17.0.8.1\bin\msvcp140.dll
0x00007ffd0bdd0000 - 0x00007ffd0ca53000 	C:\Users\DELL£\.jdks\jbr-17.0.8.1\bin\server\jvm.dll
0x00007ffd66420000 - 0x00007ffd664d3000 	C:\Windows\System32\ADVAPI32.dll
0x00007ffd67640000 - 0x00007ffd676df000 	C:\Windows\System32\sechost.dll
0x00007ffd67e10000 - 0x00007ffd67f36000 	C:\Windows\System32\RPCRT4.dll
0x00007ffd65640000 - 0x00007ffd65667000 	C:\Windows\System32\bcrypt.dll
0x00007ffd457a0000 - 0x00007ffd457a9000 	C:\Windows\SYSTEM32\WSOCK32.dll
0x00007ffd586a0000 - 0x00007ffd586aa000 	C:\Windows\SYSTEM32\VERSION.dll
0x00007ffd64b90000 - 0x00007ffd64bdb000 	C:\Windows\SYSTEM32\POWRPROF.dll
0x00007ffd678f0000 - 0x00007ffd6795b000 	C:\Windows\System32\WS2_32.dll
0x00007ffd56580000 - 0x00007ffd565a7000 	C:\Windows\SYSTEM32\WINMM.dll
0x00007ffd64a50000 - 0x00007ffd64a62000 	C:\Windows\SYSTEM32\UMPDC.dll
0x00007ffd63e80000 - 0x00007ffd63e92000 	C:\Windows\SYSTEM32\kernel.appcore.dll
0x00007ffd60700000 - 0x00007ffd6070a000 	C:\Users\DELL£\.jdks\jbr-17.0.8.1\bin\jimage.dll
0x00007ffd631c0000 - 0x00007ffd633a4000 	C:\Windows\SYSTEM32\DBGHELP.DLL
0x00007ffd4bcd0000 - 0x00007ffd4bd04000 	C:\Windows\SYSTEM32\dbgcore.DLL
0x00007ffd65dd0000 - 0x00007ffd65e52000 	C:\Windows\System32\bcryptPrimitives.dll
0x00007ffd5ed40000 - 0x00007ffd5ed65000 	C:\Users\DELL£\.jdks\jbr-17.0.8.1\bin\java.dll
0x00007ffd606d0000 - 0x00007ffd606e8000 	C:\Users\DELL£\.jdks\jbr-17.0.8.1\bin\zip.dll
0x00007ffd48650000 - 0x00007ffd48727000 	C:\Users\DELL£\.jdks\jbr-17.0.8.1\bin\jsvml.dll
0x00007ffd66a40000 - 0x00007ffd67185000 	C:\Windows\System32\SHELL32.dll
0x00007ffd636d0000 - 0x00007ffd63e6c000 	C:\Windows\SYSTEM32\windows.storage.dll
0x00007ffd660c0000 - 0x00007ffd66414000 	C:\Windows\System32\combase.dll
0x00007ffd65070000 - 0x00007ffd6509e000 	C:\Windows\SYSTEM32\Wldp.dll
0x00007ffd676e0000 - 0x00007ffd677ad000 	C:\Windows\System32\OLEAUT32.dll
0x00007ffd67b70000 - 0x00007ffd67c1d000 	C:\Windows\System32\SHCORE.dll
0x00007ffd677b0000 - 0x00007ffd67805000 	C:\Windows\System32\shlwapi.dll
0x00007ffd65570000 - 0x00007ffd65595000 	C:\Windows\SYSTEM32\profapi.dll
0x00007ffd5ed20000 - 0x00007ffd5ed39000 	C:\Users\DELL£\.jdks\jbr-17.0.8.1\bin\net.dll
0x00007ffd600b0000 - 0x00007ffd601ba000 	C:\Windows\SYSTEM32\WINHTTP.dll
0x00007ffd64dd0000 - 0x00007ffd64e3a000 	C:\Windows\system32\mswsock.dll
0x00007ffd5e890000 - 0x00007ffd5e8a6000 	C:\Users\DELL£\.jdks\jbr-17.0.8.1\bin\nio.dll
0x0000016500180000 - 0x0000016500183000 	C:\Users\DELL£\.openjfx\cache\17\api-ms-win-core-console-l1-1-0.dll
0x0000016500190000 - 0x0000016500193000 	C:\Users\DELL£\.openjfx\cache\17\api-ms-win-core-console-l1-2-0.dll
0x00000165001a0000 - 0x00000165001a3000 	C:\Users\DELL£\.openjfx\cache\17\api-ms-win-core-datetime-l1-1-0.dll
0x00000165001b0000 - 0x00000165001b3000 	C:\Users\DELL£\.openjfx\cache\17\api-ms-win-core-debug-l1-1-0.dll
0x0000016502120000 - 0x0000016502123000 	C:\Users\DELL£\.openjfx\cache\17\api-ms-win-core-errorhandling-l1-1-0.dll
0x0000016502130000 - 0x0000016502134000 	C:\Users\DELL£\.openjfx\cache\17\api-ms-win-core-file-l1-1-0.dll
0x0000016502140000 - 0x0000016502143000 	C:\Users\DELL£\.openjfx\cache\17\api-ms-win-core-file-l1-2-0.dll
0x0000016502150000 - 0x0000016502153000 	C:\Users\DELL£\.openjfx\cache\17\api-ms-win-core-file-l2-1-0.dll
0x0000016502160000 - 0x0000016502163000 	C:\Users\DELL£\.openjfx\cache\17\api-ms-win-core-handle-l1-1-0.dll
0x000001651cf20000 - 0x000001651cf23000 	C:\Users\DELL£\.openjfx\cache\17\api-ms-win-core-heap-l1-1-0.dll
0x000001651cf30000 - 0x000001651cf33000 	C:\Users\DELL£\.openjfx\cache\17\api-ms-win-core-interlocked-l1-1-0.dll
0x000001651cf40000 - 0x000001651cf43000 	C:\Users\DELL£\.openjfx\cache\17\api-ms-win-core-libraryloader-l1-1-0.dll
0x000001651cf50000 - 0x000001651cf53000 	C:\Users\DELL£\.openjfx\cache\17\api-ms-win-core-localization-l1-2-0.dll
0x000001651cf60000 - 0x000001651cf63000 	C:\Users\DELL£\.openjfx\cache\17\api-ms-win-core-memory-l1-1-0.dll
0x000001651cf70000 - 0x000001651cf73000 	C:\Users\DELL£\.openjfx\cache\17\api-ms-win-core-namedpipe-l1-1-0.dll
0x000001651cf80000 - 0x000001651cf83000 	C:\Users\DELL£\.openjfx\cache\17\api-ms-win-core-processenvironment-l1-1-0.dll
0x000001651cf90000 - 0x000001651cf93000 	C:\Users\DELL£\.openjfx\cache\17\api-ms-win-core-processthreads-l1-1-0.dll
0x000001651cfa0000 - 0x000001651cfa3000 	C:\Users\DELL£\.openjfx\cache\17\api-ms-win-core-processthreads-l1-1-1.dll
0x000001651cfb0000 - 0x000001651cfb3000 	C:\Users\DELL£\.openjfx\cache\17\api-ms-win-core-profile-l1-1-0.dll
0x000001651cfc0000 - 0x000001651cfc3000 	C:\Users\DELL£\.openjfx\cache\17\api-ms-win-core-rtlsupport-l1-1-0.dll
0x000001651cfd0000 - 0x000001651cfd3000 	C:\Users\DELL£\.openjfx\cache\17\api-ms-win-core-string-l1-1-0.dll
0x000001651cfe0000 - 0x000001651cfe3000 	C:\Users\DELL£\.openjfx\cache\17\api-ms-win-core-synch-l1-1-0.dll
0x000001651cff0000 - 0x000001651cff3000 	C:\Users\DELL£\.openjfx\cache\17\api-ms-win-core-synch-l1-2-0.dll
0x0000016521000000 - 0x0000016521003000 	C:\Users\DELL£\.openjfx\cache\17\api-ms-win-core-sysinfo-l1-1-0.dll
0x0000016521010000 - 0x0000016521013000 	C:\Users\DELL£\.openjfx\cache\17\api-ms-win-core-timezone-l1-1-0.dll
0x0000016521020000 - 0x0000016521023000 	C:\Users\DELL£\.openjfx\cache\17\api-ms-win-core-util-l1-1-0.dll
0x0000016521030000 - 0x0000016521033000 	C:\Users\DELL£\.openjfx\cache\17\api-ms-win-crt-conio-l1-1-0.dll
0x0000016521040000 - 0x0000016521044000 	C:\Users\DELL£\.openjfx\cache\17\api-ms-win-crt-convert-l1-1-0.dll
0x0000016521050000 - 0x0000016521053000 	C:\Users\DELL£\.openjfx\cache\17\api-ms-win-crt-environment-l1-1-0.dll
0x0000016521060000 - 0x0000016521063000 	C:\Users\DELL£\.openjfx\cache\17\api-ms-win-crt-filesystem-l1-1-0.dll
0x0000016521070000 - 0x0000016521073000 	C:\Users\DELL£\.openjfx\cache\17\api-ms-win-crt-heap-l1-1-0.dll
0x0000016521080000 - 0x0000016521083000 	C:\Users\DELL£\.openjfx\cache\17\api-ms-win-crt-locale-l1-1-0.dll
0x0000016521090000 - 0x0000016521095000 	C:\Users\DELL£\.openjfx\cache\17\api-ms-win-crt-math-l1-1-0.dll
0x00000165210a0000 - 0x00000165210a5000 	C:\Users\DELL£\.openjfx\cache\17\api-ms-win-crt-multibyte-l1-1-0.dll
0x00000165210b0000 - 0x00000165210c0000 	C:\Users\DELL£\.openjfx\cache\17\api-ms-win-crt-private-l1-1-0.dll
0x00000165210c0000 - 0x00000165210c3000 	C:\Users\DELL£\.openjfx\cache\17\api-ms-win-crt-process-l1-1-0.dll
0x00000165210d0000 - 0x00000165210d4000 	C:\Users\DELL£\.openjfx\cache\17\api-ms-win-crt-runtime-l1-1-0.dll
0x00000165210e0000 - 0x00000165210e4000 	C:\Users\DELL£\.openjfx\cache\17\api-ms-win-crt-stdio-l1-1-0.dll
0x00000165210f0000 - 0x00000165210f4000 	C:\Users\DELL£\.openjfx\cache\17\api-ms-win-crt-string-l1-1-0.dll
0x0000016521100000 - 0x0000016521103000 	C:\Users\DELL£\.openjfx\cache\17\api-ms-win-crt-time-l1-1-0.dll
0x0000016521110000 - 0x0000016521113000 	C:\Users\DELL£\.openjfx\cache\17\api-ms-win-crt-utility-l1-1-0.dll
0x00007ffd22a40000 - 0x00007ffd22b3c000 	C:\Users\DELL£\.openjfx\cache\17\ucrtbase.dll
0x00007ffd53680000 - 0x00007ffd5369a000 	C:\Users\DELL£\.openjfx\cache\17\vcruntime140.dll
0x00007ffd51d90000 - 0x00007ffd51d9c000 	C:\Users\DELL£\.openjfx\cache\17\vcruntime140_1.dll
0x00007ffd28c70000 - 0x00007ffd28cfd000 	C:\Users\DELL£\.openjfx\cache\17\msvcp140.dll
0x00007ffd51d60000 - 0x00007ffd51d8a000 	C:\Users\DELL£\.openjfx\cache\17\prism_d3d.dll
0x00007ffd452f0000 - 0x00007ffd454bd000 	C:\Windows\system32\d3d9.dll
0x00007ffd62d60000 - 0x00007ffd62d8f000 	C:\Windows\SYSTEM32\dwmapi.dll
0x00007ffd62980000 - 0x00007ffd62a1e000 	C:\Windows\system32\uxtheme.dll
0x00007ffd12640000 - 0x00007ffd12878000 	C:\Windows\System32\DriverStore\FileRepository\iigd_dch.inf_amd64_3fd734cf72127ac9\igdumdim64.dll
0x00007ffd67c20000 - 0x00007ffd67d4b000 	C:\Windows\System32\ole32.dll
0x00007ffcdcfb0000 - 0x00007ffcde320000 	C:\Windows\System32\DriverStore\FileRepository\iigd_dch.inf_amd64_3fd734cf72127ac9\igd9dxva64.dll
0x00007ffd665c0000 - 0x00007ffd66a2e000 	C:\Windows\System32\SETUPAPI.dll
0x00007ffd65d10000 - 0x00007ffd65d5e000 	C:\Windows\System32\cfgmgr32.dll
0x00007ffd038d0000 - 0x00007ffd055f1000 	C:\Windows\System32\DriverStore\FileRepository\iigd_dch.inf_amd64_3fd734cf72127ac9\media_bin_64.dll
0x00007ffd55920000 - 0x00007ffd55d58000 	C:\Windows\System32\DriverStore\FileRepository\iigd_dch.inf_amd64_3fd734cf72127ac9\igdgmm64.dll
0x00007ffd2c520000 - 0x00007ffd2c562000 	C:\Users\DELL£\.openjfx\cache\17\glass.dll
0x00007ffd67810000 - 0x00007ffd678ea000 	C:\Windows\System32\COMDLG32.dll
0x00007ffd67410000 - 0x00007ffd67524000 	C:\Windows\System32\MSCTF.dll
0x00007ffd58620000 - 0x00007ffd5865b000 	C:\Windows\SYSTEM32\dxcore.dll
0x00007ffd64ab0000 - 0x00007ffd64b7b000 	C:\Windows\SYSTEM32\DNSAPI.dll
0x00007ffd64a70000 - 0x00007ffd64aab000 	C:\Windows\SYSTEM32\IPHLPAPI.DLL
0x00007ffd66a30000 - 0x00007ffd66a38000 	C:\Windows\System32\NSI.dll
0x00007ffd5a470000 - 0x00007ffd5a47a000 	C:\Windows\System32\rasadhlp.dll
0x00007ffd58540000 - 0x00007ffd585c0000 	C:\Windows\System32\fwpuclnt.dll
0x00007ffd485b0000 - 0x00007ffd485c4000 	C:\Users\DELL£\.openjfx\cache\17\javafx_font.dll

dbghelp: loaded successfully - version: 4.0.5 - missing functions: none
symbol engine: initialized successfully - sym options: 0x614 - pdb path: .;C:\Users\DELL£\.jdks\jbr-17.0.8.1\bin;C:\Windows\SYSTEM32;C:\Windows\WinSxS\amd64_microsoft.windows.common-controls_6595b64144ccf1df_6.0.19041.3636_none_60b6a03d71f818d5;C:\Users\DELL£\.jdks\jbr-17.0.8.1\bin\server;C:\Users\DELL£\.openjfx\cache\17;C:\Windows\System32\DriverStore\FileRepository\iigd_dch.inf_amd64_3fd734cf72127ac9

VM Arguments:
jvm_args: --module-path=C:\Users\DELL£\.m2\repository\org\openjfx\javafx-base\17\javafx-base-17-win.jar;C:\Users\DELL£\.m2\repository\org\openjfx\javafx-base\17\javafx-base-17.jar;C:\Users\DELL£\.m2\repository\org\openjfx\javafx-controls\17\javafx-controls-17-win.jar;C:\Users\DELL£\.m2\repository\org\openjfx\javafx-controls\17\javafx-controls-17.jar;C:\Users\DELL£\.m2\repository\org\openjfx\javafx-fxml\17\javafx-fxml-17-win.jar;C:\Users\DELL£\.m2\repository\org\openjfx\javafx-fxml\17\javafx-fxml-17.jar;C:\Users\DELL£\.m2\repository\org\openjfx\javafx-graphics\17\javafx-graphics-17-win.jar;C:\Users\DELL£\.m2\repository\org\openjfx\javafx-graphics\17\javafx-graphics-17.jar;C:\Users\DELL£\.m2\repository\org\openjfx\javafx-swing\17\javafx-swing-17-win.jar;C:\Users\DELL£\.m2\repository\org\openjfx\javafx-swing\17\javafx-swing-17.jar --add-modules=javafx.base,javafx.base,javafx.controls,javafx.controls,javafx.fxml,javafx.fxml,javafx.graphics,javafx.graphics,javafx.swing,javafx.swing 
java_command: tn.esprit.test.MainFX
java_class_path (initial): D:\ProjetPDEV3A8-Smart-City-Codemasters\target\classes;C:\Users\DELL£\.m2\repository\com\beust\jcommander\1.48\jcommander-1.48.jar;C:\Users\DELL£\.m2\repository\com\fasterxml\jackson\core\jackson-annotations\2.14.0\jackson-annotations-2.14.0.jar;C:\Users\DELL£\.m2\repository\com\fasterxml\jackson\core\jackson-core\2.14.0\jackson-core-2.14.0.jar;C:\Users\DELL£\.m2\repository\com\fasterxml\jackson\core\jackson-databind\2.14.0\jackson-databind-2.14.0.jar;C:\Users\DELL£\.m2\repository\com\fasterxml\jackson\dataformat\jackson-dataformat-xml\2.14.0\jackson-dataformat-xml-2.14.0.jar;C:\Users\DELL£\.m2\repository\com\fasterxml\jackson\datatype\jackson-datatype-jsr310\2.14.0\jackson-datatype-jsr310-2.14.0.jar;C:\Users\DELL£\.m2\repository\com\fasterxml\woodstox\woodstox-core\6.4.0\woodstox-core-6.4.0.jar;C:\Users\DELL£\.m2\repository\com\github\jai-imageio\jai-imageio-core\1.3.1\jai-imageio-core-1.3.1.jar;C:\Users\DELL£\.m2\repository\com\github\kenglxn\qrgen\core\2.6.0\core-2.6.0.jar;C:\Users\DELL£\.m2\repository\com\github\kenglxn\qrgen\javase\2.6.0\javase-2.6.0.jar;C:\Users\DELL£\.m2\repository\com\google\code\gson\gson\2.8.6\gson-2.8.6.jar;C:\Users\DELL£\.m2\repository\com\google\protobuf\protobuf-java\3.21.9\protobuf-java-3.21.9.jar;C:\Users\DELL£\.m2\repository\com\google\zxing\core\3.4.1\core-3.4.1.jar;C:\Users\DELL£\.m2\repository\com\google\zxing\javase\3.3.0\javase-3.3.0.jar;C:\Users\DELL£\.m2\repository\com\itextpdf\itextpdf\5.5.13.3\itextpdf-5.5.13.3.jar;C:\Users\DELL£\.m2\repository\com\mysql\mysql-connector-j\8.0.33\mysql-connector-j-8.0.33.jar;C:\Users\DELL£\.m2\repository\com\stripe\stripe-java\20.63.0\stripe-java-20.63.0.jar;C:\Users\DELL£\.m2\repository\com\twilio\sdk\twilio\10.1.0\twilio-10.1.0.jar;C:\Users\DELL£\.m2\repository\commons-codec\commons-codec\1.15\commons-codec-1.15.jar;C:\Users\DELL£\.m2\repository\commons-io\commons-io\2.7\commons-io-2.7.jar;C:\Users\DELL£\.m2\repository\commons-logging\commons-logging\1.2\common
Launcher Type: SUN_STANDARD

[Global flags]
     intx CICompilerCount                          = 4                                         {product} {ergonomic}
     uint ConcGCThreads                            = 2                                         {product} {ergonomic}
     uint G1ConcRefinementThreads                  = 8                                         {product} {ergonomic}
   size_t G1HeapRegionSize                         = 1048576                                   {product} {ergonomic}
    uintx GCDrainStackTargetSize                   = 64                                        {product} {ergonomic}
   size_t InitialHeapSize                          = 130023424                                 {product} {ergonomic}
   size_t MarkStackSize                            = 4194304                                   {product} {ergonomic}
   size_t MaxHeapSize                              = 2080374784                                {product} {ergonomic}
   size_t MaxNewSize                               = 1247805440                                {product} {ergonomic}
   size_t MinHeapDeltaBytes                        = 1048576                                   {product} {ergonomic}
   size_t MinHeapSize                              = 8388608                                   {product} {ergonomic}
    uintx NonNMethodCodeHeapSize                   = 5839372                                {pd product} {ergonomic}
    uintx NonProfiledCodeHeapSize                  = 122909434                              {pd product} {ergonomic}
    uintx ProfiledCodeHeapSize                     = 122909434                              {pd product} {ergonomic}
    uintx ReservedCodeCacheSize                    = 251658240                              {pd product} {ergonomic}
     bool SegmentedCodeCache                       = true                                      {product} {ergonomic}
   size_t SoftMaxHeapSize                          = 2080374784                             {manageable} {ergonomic}
     bool UseCompressedClassPointers               = true                           {product lp64_product} {ergonomic}
     bool UseCompressedOops                        = true                           {product lp64_product} {ergonomic}
     bool UseG1GC                                  = true                                      {product} {ergonomic}
     bool UseLargePagesIndividualAllocation        = false                                  {pd product} {ergonomic}

Logging:
Log output configuration:
 #0: stdout all=warning uptime,level,tags
 #1: stderr all=off uptime,level,tags

Environment Variables:
PATH=C:\oraclexe\app\oracle\product\11.2.0\server\bin;;C:\Users\DELL£\.jdks\jbr-17.0.8.1\bin;C:\oraclexe\app\oracle\product\11.2.0\server\bin;C:\oraclexe\app\oracle\product\10.2.0\server\bin;C:\Program Files (x86)\Common Files\Intel\Shared Libraries\redist\intel64\compiler;C:\Windows\system32;C:\Windows;C:\Windows\System32\Wbem;C:\Windows\System32\WindowsPowerShell\v1.0\;C:\Windows\System32\OpenSSH\;C:\Program Files (x86)\dotnet\;C:\Program Files (x86)\Microchip\MPLAB C32 Suite\bin;C:\xampp\php;C:\xampp\php;C:\Strawberry\c\bin;C:\Strawberry\perl\site\bin;C:\Strawberry\perl\bin;C:\oraclexe\app\oracle\product\11.2.0\server\bin;C:\intantclient12_2;C:\oraclexe\app\oracle\admin\XE;C:\oraclexe;C:\Program Files\Git\cmd;C:\ProgramData\ComposerSetup\bin;C:\Users\DELL£\scoop\shims;C:\Users\DELL£\AppData\Local\Microsoft\WindowsApps;C:\Program Files\CodeBlocks\MinGW;C:\Users\DELL£\AppData\Local\Programs\Microsoft VS Code\bin;C:\Users\DELL£\AppData\Local\GitHubDesktop\bin;C:\Users\DELL£\composer;C:\Users\DELL£\AppData\Roaming\Composer\vendor\bin
USERNAME=DELL£
OS=Windows_NT
PROCESSOR_IDENTIFIER=Intel64 Family 6 Model 140 Stepping 1, GenuineIntel
TMP=C:\Users\DELL~1\AppData\Local\Temp
TEMP=C:\Users\DELL~1\AppData\Local\Temp


JNI global refs:
JNI global refs: 22, weak refs: 8

JNI global refs memory usage: 843, weak refs: 841

OOME stack traces (most recent first):
Classloader memory used:
Loader bootstrap                                                                       : 1625K
Loader jdk.internal.loader.ClassLoaders$AppClassLoader                                 : 1202K
Loader jdk.internal.loader.ClassLoaders$PlatformClassLoader                            : 43842B
Loader jdk.internal.reflect.DelegatingClassLoader                                      : 1807B
Loader com.sun.javafx.reflect.MethodUtil                                               : 364B


---------------  S Y S T E M  ---------------

OS:
 Windows 10 , 64 bit Build 19041 (10.0.19041.3636)
OS uptime: 9 days 17:52 hours

CPU: total 8 (initial active 8) (4 cores per cpu, 2 threads per core) family 6 model 140 stepping 1 microcode 0xb4, cx8, cmov, fxsr, ht, mmx, 3dnowpref, sse, sse2, sse3, ssse3, sse4.1, sse4.2, popcnt, lzcnt, tsc, tscinvbit, avx, avx2, aes, erms, clmul, bmi1, bmi2, adx, avx512f, avx512dq, avx512cd, avx512bw, avx512vl, sha, fma, vzeroupper, avx512_vpopcntdq, avx512_vpclmulqdq, avx512_vaes, avx512_vnni, clflush, clflushopt, clwb, avx512_vbmi2, avx512_vbmi
Processor Information for all 8 processors :
  Max Mhz: 1382, Current Mhz: 1382, Mhz Limit: 1382

Memory: 4k page, system-wide physical 7934M (441M free)
TotalPageFile size 24312M (AvailPageFile size 52M)
current process WorkingSet (physical memory assigned to process): 143M, peak: 143M
current process commit charge ("private bytes"): 222M, peak: 271M

vm_info: OpenJDK 64-Bit Server VM (17.0.8.1+7-b1059.3) for windows-amd64 JRE (17.0.8.1+7-b1059.3), built on 2023-09-11 by "builduser" with MS VC++ 16.10 / 16.11 (VS2019)

END.
