#
# There is insufficient memory for the Java Runtime Environment to continue.
# Native memory allocation (mmap) failed to map 130023424 bytes for G1 virtual space
# Possible reasons:
#   The system is out of physical RAM or swap space
#   The process is running with CompressedOops enabled, and the Java Heap may be blocking the growth of the native heap
# Possible solutions:
#   Reduce memory load on the system
#   Increase physical memory or swap space
#   Check if swap backing store is full
#   Decrease Java heap size (-Xmx/-Xms)
#   Decrease number of Java threads
#   Decrease Java thread stack sizes (-Xss)
#   Set larger code cache with -XX:ReservedCodeCacheSize=
#   JVM is running with Unscaled Compressed Oops mode in which the Java heap is
#     placed in the first 4GB address space. The Java Heap base address is the
#     maximum limit for the native heap growth. Please use -XX:HeapBaseMinAddress
#     to set the Java Heap base and to place the Java Heap above 4GB virtual address.
# This output file may be truncated or incomplete.
#
#  Out of Memory Error (os_windows.cpp:3825), pid=22372, tid=13384
#
# JRE version:  (17.0.8.1+7) (build )
# Java VM: OpenJDK 64-Bit Server VM (17.0.8.1+7-b1059.3, mixed mode, sharing, tiered, compressed oops, compressed class ptrs, g1 gc, windows-amd64)
# No core dump will be written. Minidumps are not enabled by default on client versions of Windows
#

---------------  S U M M A R Y ------------

Command Line: -Dmaven.multiModuleProjectDirectory=D:\version_final_projet\ProjetPDEV3A8-Smart-City-Codemasters -Djansi.passthrough=true -Dmaven.home=C:\Program Files\JetBrains\IntelliJ IDEA 2023.2.1\plugins\maven\lib\maven3 -Dclassworlds.conf=C:\Program Files\JetBrains\IntelliJ IDEA 2023.2.1\plugins\maven\lib\maven3\bin\m2.conf -Dmaven.ext.class.path=C:\Program Files\JetBrains\IntelliJ IDEA 2023.2.1\plugins\maven\lib\maven-event-listener.jar -javaagent:C:\Program Files\JetBrains\IntelliJ IDEA 2023.2.1\lib\idea_rt.jar=60317:C:\Program Files\JetBrains\IntelliJ IDEA 2023.2.1\bin -Dfile.encoding=UTF-8 org.codehaus.classworlds.Launcher -Didea.version=2023.2.1 org.openjfx:javafx-maven-plugin:0.0.8:run

Host: 12th Gen Intel(R) Core(TM) i7-12700H, 20 cores, 7G,  Windows 10 , 64 bit Build 19041 (10.0.19041.3636)
Time: Wed May 15 21:50:32 2024 Europe centrale elapsed time: 0.007301 seconds (0d 0h 0m 0s)

---------------  T H R E A D  ---------------

Current thread (0x000002bff353e9f0):  JavaThread "Unknown thread" [_thread_in_vm, id=13384, stack(0x000000d5f1800000,0x000000d5f1900000)]

Stack: [0x000000d5f1800000,0x000000d5f1900000]
Native frames: (J=compiled Java code, j=interpreted, Vv=VM code, C=native code)
V  [jvm.dll+0x6852da]  os::platform_print_native_stack+0xca  (os_windows_x86.cpp:235)
V  [jvm.dll+0x844ad4]  VMError::report+0xc34  (vmError.cpp:741)
V  [jvm.dll+0x8463ee]  VMError::report_and_die+0x78e  (vmError.cpp:1582)
V  [jvm.dll+0x846a53]  VMError::report_and_die+0x43  (vmError.cpp:1368)
V  [jvm.dll+0x24b7cf]  report_vm_out_of_memory+0x8f  (debug.cpp:321)
V  [jvm.dll+0x682099]  os::pd_commit_memory_or_exit+0xc9  (os_windows.cpp:3833)
V  [jvm.dll+0x67677a]  os::commit_memory_or_exit+0x2a  (os.cpp:1750)
V  [jvm.dll+0x30be2b]  G1PageBasedVirtualSpace::commit+0x19b  (g1PageBasedVirtualSpace.cpp:204)
V  [jvm.dll+0x3132d6]  G1RegionsLargerThanCommitSizeMapper::commit_regions+0x96  (g1RegionToSpaceMapper.cpp:100)
V  [jvm.dll+0x36302e]  HeapRegionManager::expand_any+0xee  (heapRegionManager.cpp:363)
V  [jvm.dll+0x36325f]  HeapRegionManager::expand_by+0x7f  (heapRegionManager.cpp:380)
V  [jvm.dll+0x2e1f48]  G1CollectedHeap::expand+0xb8  (g1CollectedHeap.cpp:1298)
V  [jvm.dll+0x2e2eb4]  G1CollectedHeap::initialize+0x664  (g1CollectedHeap.cpp:1719)
V  [jvm.dll+0x815a61]  universe_init+0xb1  (universe.cpp:736)
V  [jvm.dll+0x370df1]  init_globals+0x31  (init.cpp:124)
V  [jvm.dll+0x7f4e2c]  Threads::create_vm+0x60c  (thread.cpp:2901)
V  [jvm.dll+0x3f3f1f]  JNI_CreateJavaVM_inner+0x8f  (jni.cpp:3635)
V  [jvm.dll+0x3f5b31]  JNI_CreateJavaVM+0x11  (jni.cpp:3727)
C  [jli.dll+0x528f]  JavaMain+0x113  (java.c:413)
C  [ucrtbase.dll+0x21bb2]
C  [KERNEL32.DLL+0x17344]
C  [ntdll.dll+0x526b1]


---------------  P R O C E S S  ---------------

Threads class SMR info:
_java_thread_list=0x00007ffc2c4400d8, length=0, elements={
}

Java Threads: ( => current thread )

Other Threads:
  0x000002bff3598370 GCTaskThread "GC Thread#0" [stack: 0x000000d5f1900000,0x000000d5f1a00000] [id=1280]
  0x000002bff35aa910 ConcurrentGCThread "G1 Main Marker" [stack: 0x000000d5f1a00000,0x000000d5f1b00000] [id=39020]
  0x000002bff35ab320 ConcurrentGCThread "G1 Conc#0" [stack: 0x000000d5f1b00000,0x000000d5f1c00000] [id=23236]

[error occurred during error reporting (printing all threads), id 0xc0000005, EXCEPTION_ACCESS_VIOLATION (0xc0000005) at pc=0x00007ffc2bbf2ab7]

VM state: not at safepoint (not fully initialized)

VM Mutex/Monitor currently owned by a thread:  ([mutex/lock_event])
[0x000002bff3539360] Heap_lock - owner thread: 0x000002bff353e9f0

Heap address: 0x0000000084e00000, size: 1970 MB, Compressed Oops mode: 32-bit

CDS archive(s) mapped at: [0x0000000000000000-0x0000000000000000-0x0000000000000000), size 0, SharedBaseAddress: 0x0000000800000000, ArchiveRelocationMode: 1.
Narrow klass base: 0x0000000000000000, Narrow klass shift: 0, Narrow klass range: 0x0

GC Precious Log:
<Empty>

Heap:
 garbage-first heap   total 0K, used 0K [0x0000000084e00000, 0x0000000100000000)
  region size 1024K, 0 young (0K), 0 survivors (0K)
 Metaspace       used 0K, committed 0K, reserved 0K
  class space    used 0K, committed 0K, reserved 0K

Heap Regions: E=young(eden), S=young(survivor), O=old, HS=humongous(starts), HC=humongous(continues), CS=collection set, F=free, OA=open archive, CA=closed archive, TAMS=top-at-mark-start (previous, next)

Card table byte_map: [0x000002bff7ba0000,0x000002bff7f80000] _byte_map_base: 0x000002bff7779000

Marking Bits (Prev, Next): (CMBitMap*) 0x000002bff3598990, (CMBitMap*) 0x000002bff35989d0
 Prev Bits: [0x000002bff8360000, 0x000002bffa228000)
 Next Bits: [0x000002bffa230000, 0x000002bffc0f8000)

GC Heap History (0 events):
No events

Dll operation events (1 events):
Event: 0.004 Loaded shared library C:\Users\Ferdaws\.jdks\jbr-17.0.8.1\bin\java.dll

Deoptimization events (0 events):
No events

Classes unloaded (0 events):
No events

Classes redefined (0 events):
No events

Internal exceptions (0 events):
No events

VM Operations (0 events):
No events

Events (0 events):
No events


Dynamic libraries:
0x00007ff631360000 - 0x00007ff63136a000 	C:\Users\Ferdaws\.jdks\jbr-17.0.8.1\bin\java.exe
0x00007ffc78150000 - 0x00007ffc78348000 	C:\WINDOWS\SYSTEM32\ntdll.dll
0x00007ffc77460000 - 0x00007ffc7751d000 	C:\WINDOWS\System32\KERNEL32.DLL
0x00007ffc75a50000 - 0x00007ffc75d46000 	C:\WINDOWS\System32\KERNELBASE.dll
0x00007ffc75d50000 - 0x00007ffc75e50000 	C:\WINDOWS\System32\ucrtbase.dll
0x00007ffc63540000 - 0x00007ffc63557000 	C:\Users\Ferdaws\.jdks\jbr-17.0.8.1\bin\jli.dll
0x00007ffc63570000 - 0x00007ffc6358b000 	C:\Users\Ferdaws\.jdks\jbr-17.0.8.1\bin\VCRUNTIME140.dll
0x00007ffc77c50000 - 0x00007ffc77def000 	C:\WINDOWS\System32\USER32.dll
0x00007ffc75fa0000 - 0x00007ffc75fc2000 	C:\WINDOWS\System32\win32u.dll
0x00007ffc5aea0000 - 0x00007ffc5b13a000 	C:\WINDOWS\WinSxS\amd64_microsoft.windows.common-controls_6595b64144ccf1df_6.0.19041.4355_none_60b8b9eb71f62e16\COMCTL32.dll
0x00007ffc775f0000 - 0x00007ffc7761b000 	C:\WINDOWS\System32\GDI32.dll
0x00007ffc75930000 - 0x00007ffc75a47000 	C:\WINDOWS\System32\gdi32full.dll
0x00007ffc78000000 - 0x00007ffc7809e000 	C:\WINDOWS\System32\msvcrt.dll
0x00007ffc75e50000 - 0x00007ffc75eed000 	C:\WINDOWS\System32\msvcp_win.dll
0x00007ffc76740000 - 0x00007ffc76772000 	C:\WINDOWS\System32\IMM32.DLL
0x00007ffc6b160000 - 0x00007ffc6b16c000 	C:\Users\Ferdaws\.jdks\jbr-17.0.8.1\bin\vcruntime140_1.dll
0x00007ffc451e0000 - 0x00007ffc4526d000 	C:\Users\Ferdaws\.jdks\jbr-17.0.8.1\bin\msvcp140.dll
0x00007ffc2b900000 - 0x00007ffc2c583000 	C:\Users\Ferdaws\.jdks\jbr-17.0.8.1\bin\server\jvm.dll
0x00007ffc77650000 - 0x00007ffc77700000 	C:\WINDOWS\System32\ADVAPI32.dll
0x00007ffc77df0000 - 0x00007ffc77e90000 	C:\WINDOWS\System32\sechost.dll
0x00007ffc76ef0000 - 0x00007ffc77013000 	C:\WINDOWS\System32\RPCRT4.dll
0x00007ffc75870000 - 0x00007ffc75897000 	C:\WINDOWS\System32\bcrypt.dll
0x00007ffc74d30000 - 0x00007ffc74d7b000 	C:\WINDOWS\SYSTEM32\POWRPROF.dll
0x00007ffc56360000 - 0x00007ffc56369000 	C:\WINDOWS\SYSTEM32\WSOCK32.dll
0x00007ffc68f40000 - 0x00007ffc68f67000 	C:\WINDOWS\SYSTEM32\WINMM.dll
0x00007ffc6a640000 - 0x00007ffc6a64a000 	C:\WINDOWS\SYSTEM32\VERSION.dll
0x00007ffc780a0000 - 0x00007ffc7810b000 	C:\WINDOWS\System32\WS2_32.dll
0x00007ffc74bf0000 - 0x00007ffc74c02000 	C:\WINDOWS\SYSTEM32\UMPDC.dll
0x00007ffc74010000 - 0x00007ffc74022000 	C:\WINDOWS\SYSTEM32\kernel.appcore.dll
0x00007ffc639f0000 - 0x00007ffc639fa000 	C:\Users\Ferdaws\.jdks\jbr-17.0.8.1\bin\jimage.dll
0x00007ffc73420000 - 0x00007ffc73604000 	C:\WINDOWS\SYSTEM32\DBGHELP.DLL
0x00007ffc63b70000 - 0x00007ffc63ba4000 	C:\WINDOWS\SYSTEM32\dbgcore.DLL
0x00007ffc758a0000 - 0x00007ffc75922000 	C:\WINDOWS\System32\bcryptPrimitives.dll
0x00007ffc6c6e0000 - 0x00007ffc6c6ee000 	C:\Users\Ferdaws\.jdks\jbr-17.0.8.1\bin\instrument.dll
0x00007ffc61920000 - 0x00007ffc61945000 	C:\Users\Ferdaws\.jdks\jbr-17.0.8.1\bin\java.dll

dbghelp: loaded successfully - version: 4.0.5 - missing functions: none
symbol engine: initialized successfully - sym options: 0x614 - pdb path: .;C:\Users\Ferdaws\.jdks\jbr-17.0.8.1\bin;C:\WINDOWS\SYSTEM32;C:\WINDOWS\WinSxS\amd64_microsoft.windows.common-controls_6595b64144ccf1df_6.0.19041.4355_none_60b8b9eb71f62e16;C:\Users\Ferdaws\.jdks\jbr-17.0.8.1\bin\server

VM Arguments:
jvm_args: -Dmaven.multiModuleProjectDirectory=D:\version_final_projet\ProjetPDEV3A8-Smart-City-Codemasters -Djansi.passthrough=true -Dmaven.home=C:\Program Files\JetBrains\IntelliJ IDEA 2023.2.1\plugins\maven\lib\maven3 -Dclassworlds.conf=C:\Program Files\JetBrains\IntelliJ IDEA 2023.2.1\plugins\maven\lib\maven3\bin\m2.conf -Dmaven.ext.class.path=C:\Program Files\JetBrains\IntelliJ IDEA 2023.2.1\plugins\maven\lib\maven-event-listener.jar -javaagent:C:\Program Files\JetBrains\IntelliJ IDEA 2023.2.1\lib\idea_rt.jar=60317:C:\Program Files\JetBrains\IntelliJ IDEA 2023.2.1\bin -Dfile.encoding=UTF-8 
java_command: org.codehaus.classworlds.Launcher -Didea.version=2023.2.1 org.openjfx:javafx-maven-plugin:0.0.8:run
java_class_path (initial): C:\Program Files\JetBrains\IntelliJ IDEA 2023.2.1\plugins\maven\lib\maven3\boot\plexus-classworlds-2.7.0.jar;C:\Program Files\JetBrains\IntelliJ IDEA 2023.2.1\plugins\maven\lib\maven3\boot\plexus-classworlds.license
Launcher Type: SUN_STANDARD

[Global flags]
     intx CICompilerCount                          = 12                                        {product} {ergonomic}
     uint ConcGCThreads                            = 4                                         {product} {ergonomic}
     uint G1ConcRefinementThreads                  = 15                                        {product} {ergonomic}
   size_t G1HeapRegionSize                         = 1048576                                   {product} {ergonomic}
    uintx GCDrainStackTargetSize                   = 64                                        {product} {ergonomic}
   size_t InitialHeapSize                          = 130023424                                 {product} {ergonomic}
   size_t MarkStackSize                            = 4194304                                   {product} {ergonomic}
   size_t MaxHeapSize                              = 2065694720                                {product} {ergonomic}
   size_t MinHeapDeltaBytes                        = 1048576                                   {product} {ergonomic}
   size_t MinHeapSize                              = 8388608                                   {product} {ergonomic}
    uintx NonNMethodCodeHeapSize                   = 7602480                                {pd product} {ergonomic}
    uintx NonProfiledCodeHeapSize                  = 122027880                              {pd product} {ergonomic}
    uintx ProfiledCodeHeapSize                     = 122027880                              {pd product} {ergonomic}
    uintx ReservedCodeCacheSize                    = 251658240                              {pd product} {ergonomic}
     bool SegmentedCodeCache                       = true                                      {product} {ergonomic}
   size_t SoftMaxHeapSize                          = 2065694720                             {manageable} {ergonomic}
     bool UseCompressedClassPointers               = true                           {product lp64_product} {ergonomic}
     bool UseCompressedOops                        = true                           {product lp64_product} {ergonomic}
     bool UseG1GC                                  = true                                      {product} {ergonomic}
     bool UseLargePagesIndividualAllocation        = false                                  {pd product} {ergonomic}

Logging:
Log output configuration:
 #0: stdout all=warning uptime,level,tags
 #1: stderr all=off uptime,level,tags

Environment Variables:
PATH=C:\oraclexe\app\oracle\product\11.2.0\server\bin;C:\Users\Ferdaws\.jdks\jbr-17.0.9\bin;C:\WINDOWS\system32;C:\WINDOWS;C:\WINDOWS\System32\Wbem;C:\WINDOWS\System32\WindowsPowerShell\v1.0\;C:\WINDOWS\System32\OpenSSH\;D:\Git\cmd;C:\xampp\php;C:\Program Files (x86)\CodeBlocks\MinGW\bin;C:\Program Files (x86)\GnuWin32\bin;C:\composer;C:\Program Files\Pandoc\;C:\Users\Ferdaws\scoop\shims;C:\Users\Ferdaws\AppData\Local\Microsoft\WindowsApps;C:\Users\Ferdaws\AppData\Local\Programs\Microsoft VS Code\bin;C:\Users\Ferdaws\AppData\Roaming\Composer\vendor\bin;C:\Users\Ferdaws\AppData\Local\GitHubDesktop\bin
USERNAME=Ferdaws
OS=Windows_NT
PROCESSOR_IDENTIFIER=Intel64 Family 6 Model 154 Stepping 3, GenuineIntel
TMP=C:\Users\Ferdaws\AppData\Local\Temp
TEMP=C:\Users\Ferdaws\AppData\Local\Temp


JNI global refs:
JNI global refs: 0, weak refs: 0

JNI global refs memory usage: 0, weak refs: 0

OOME stack traces (most recent first):
Classloader memory used:


---------------  S Y S T E M  ---------------

OS:
 Windows 10 , 64 bit Build 19041 (10.0.19041.3636)
OS uptime: 6 days 10:50 hours

CPU: total 20 (initial active 20) (20 cores per cpu, 1 threads per core) family 6 model 154 stepping 3 microcode 0x432, cx8, cmov, fxsr, mmx, 3dnowpref, sse, sse2, sse3, ssse3, sse4.1, sse4.2, popcnt, lzcnt, tsc, tscinvbit, avx, avx2, aes, erms, clmul, bmi1, bmi2, adx, sha, fma, vzeroupper, clflush, clflushopt, clwb
Processor Information for processor 0
  Max Mhz: 2300, Current Mhz: 2300, Mhz Limit: 2300
Processor Information for processor 1
  Max Mhz: 2300, Current Mhz: 2300, Mhz Limit: 2300
Processor Information for processor 2
  Max Mhz: 2300, Current Mhz: 2300, Mhz Limit: 2300
Processor Information for processor 3
  Max Mhz: 2300, Current Mhz: 2300, Mhz Limit: 2300
Processor Information for processor 4
  Max Mhz: 2300, Current Mhz: 2300, Mhz Limit: 2300
Processor Information for processor 5
  Max Mhz: 2300, Current Mhz: 2300, Mhz Limit: 2300
Processor Information for processor 6
  Max Mhz: 2300, Current Mhz: 2300, Mhz Limit: 2300
Processor Information for processor 7
  Max Mhz: 2300, Current Mhz: 2300, Mhz Limit: 2300
Processor Information for processor 8
  Max Mhz: 2300, Current Mhz: 2300, Mhz Limit: 2300
Processor Information for processor 9
  Max Mhz: 2300, Current Mhz: 2300, Mhz Limit: 2300
Processor Information for processor 10
  Max Mhz: 2300, Current Mhz: 2300, Mhz Limit: 2300
Processor Information for processor 11
  Max Mhz: 2300, Current Mhz: 2300, Mhz Limit: 2300
Processor Information for processor 12
  Max Mhz: 2300, Current Mhz: 1700, Mhz Limit: 1679
Processor Information for processor 13
  Max Mhz: 2300, Current Mhz: 1700, Mhz Limit: 1679
Processor Information for processor 14
  Max Mhz: 2300, Current Mhz: 1700, Mhz Limit: 1679
Processor Information for processor 15
  Max Mhz: 2300, Current Mhz: 1700, Mhz Limit: 1679
Processor Information for processor 16
  Max Mhz: 2300, Current Mhz: 1700, Mhz Limit: 1679
Processor Information for processor 17
  Max Mhz: 2300, Current Mhz: 1700, Mhz Limit: 1679
Processor Information for processor 18
  Max Mhz: 2300, Current Mhz: 1700, Mhz Limit: 1679
Processor Information for processor 19
  Max Mhz: 2300, Current Mhz: 1700, Mhz Limit: 1679

Memory: 4k page, system-wide physical 7876M (978M free)
TotalPageFile size 23163M (AvailPageFile size 79M)
current process WorkingSet (physical memory assigned to process): 37M, peak: 37M
current process commit charge ("private bytes"): 101M, peak: 199M

vm_info: OpenJDK 64-Bit Server VM (17.0.8.1+7-b1059.3) for windows-amd64 JRE (17.0.8.1+7-b1059.3), built on 2023-09-11 by "builduser" with MS VC++ 16.10 / 16.11 (VS2019)

END.
