#
# There is insufficient memory for the Java Runtime Environment to continue.
# Native memory allocation (malloc) failed to allocate 732000 bytes for Chunk::new
# Possible reasons:
#   The system is out of physical RAM or swap space
#   The process is running with CompressedOops enabled, and the Java Heap may be blocking the growth of the native heap
# Possible solutions:
#   Reduce memory load on the system
#   Increase physical memory or swap space
#   Check if swap backing store is full
#   Decrease Java heap size (-Xmx/-Xms)
#   Decrease number of Java threads
#   Decrease Java thread stack sizes (-Xss)
#   Set larger code cache with -XX:ReservedCodeCacheSize=
#   JVM is running with Unscaled Compressed Oops mode in which the Java heap is
#     placed in the first 4GB address space. The Java Heap base address is the
#     maximum limit for the native heap growth. Please use -XX:HeapBaseMinAddress
#     to set the Java Heap base and to place the Java Heap above 4GB virtual address.
# This output file may be truncated or incomplete.
#
#  Out of Memory Error (arena.cpp:189), pid=13480, tid=25132
#
# JRE version: OpenJDK Runtime Environment JBR-17.0.8.1+7-1059.3-nomod (17.0.8.1+7) (build 17.0.8.1+7-b1059.3)
# Java VM: OpenJDK 64-Bit Server VM JBR-17.0.8.1+7-1059.3-nomod (17.0.8.1+7-b1059.3, mixed mode, tiered, compressed oops, compressed class ptrs, g1 gc, windows-amd64)
# No core dump will be written. Minidumps are not enabled by default on client versions of Windows
#

---------------  S U M M A R Y ------------

Command Line: --module-path=C:\Users\DELL£\.m2\repository\org\openjfx\javafx-base\17\javafx-base-17-win.jar;C:\Users\DELL£\.m2\repository\org\openjfx\javafx-base\17\javafx-base-17.jar;C:\Users\DELL£\.m2\repository\org\openjfx\javafx-controls\17\javafx-controls-17-win.jar;C:\Users\DELL£\.m2\repository\org\openjfx\javafx-controls\17\javafx-controls-17.jar;C:\Users\DELL£\.m2\repository\org\openjfx\javafx-fxml\17\javafx-fxml-17-win.jar;C:\Users\DELL£\.m2\repository\org\openjfx\javafx-fxml\17\javafx-fxml-17.jar;C:\Users\DELL£\.m2\repository\org\openjfx\javafx-graphics\17\javafx-graphics-17-win.jar;C:\Users\DELL£\.m2\repository\org\openjfx\javafx-graphics\17\javafx-graphics-17.jar;C:\Users\DELL£\.m2\repository\org\openjfx\javafx-swing\17\javafx-swing-17-win.jar;C:\Users\DELL£\.m2\repository\org\openjfx\javafx-swing\17\javafx-swing-17.jar --add-modules=javafx.base,javafx.base,javafx.controls,javafx.controls,javafx.fxml,javafx.fxml,javafx.graphics,javafx.graphics,javafx.swing,javafx.swing tn.esprit.test.MainFX

Host: 11th Gen Intel(R) Core(TM) i5-1135G7 @ 2.40GHz, 8 cores, 7G,  Windows 10 , 64 bit Build 19041 (10.0.19041.3636)
Time: Sun Mar  3 21:19:55 2024 Paris, Madrid elapsed time: 16.426728 seconds (0d 0h 0m 16s)

---------------  T H R E A D  ---------------

Current thread (0x0000020b2454e6d0):  JavaThread "C2 CompilerThread0" daemon [_thread_in_native, id=25132, stack(0x0000001354300000,0x0000001354400000)]


Current CompileTask:
C2:  16426 4303       4       javafx.scene.CssStyleHelper::resolveRef (134 bytes)

Stack: [0x0000001354300000,0x0000001354400000]
Native frames: (J=compiled Java code, j=interpreted, Vv=VM code, C=native code)
V  [jvm.dll+0x6852da]


---------------  P R O C E S S  ---------------

Threads class SMR info:
_java_thread_list=0x0000020b3363db10, length=20, elements={
0x0000020b084f69f0, 0x0000020b244f8330, 0x0000020b244f8e30, 0x0000020b24548ba0,
0x0000020b24549560, 0x0000020b2454bf30, 0x0000020b2454cf00, 0x0000020b2454e6d0,
0x0000020b24550400, 0x0000020b2456dae0, 0x0000020b246c0150, 0x0000020b246bfc40,
0x0000020b246bc9a0, 0x0000020b246bdde0, 0x0000020b246be2f0, 0x0000020b246bd3c0,
0x0000020b246be800, 0x0000020b246bed10, 0x0000020b246bd8d0, 0x0000020b246bf730
}

Java Threads: ( => current thread )
  0x0000020b084f69f0 JavaThread "main" [_thread_blocked, id=24516, stack(0x0000001353600000,0x0000001353700000)]
  0x0000020b244f8330 JavaThread "Reference Handler" daemon [_thread_blocked, id=24312, stack(0x0000001353d00000,0x0000001353e00000)]
  0x0000020b244f8e30 JavaThread "Finalizer" daemon [_thread_blocked, id=28520, stack(0x0000001353e00000,0x0000001353f00000)]
  0x0000020b24548ba0 JavaThread "Signal Dispatcher" daemon [_thread_blocked, id=26848, stack(0x0000001353f00000,0x0000001354000000)]
  0x0000020b24549560 JavaThread "Attach Listener" daemon [_thread_blocked, id=28880, stack(0x0000001354000000,0x0000001354100000)]
  0x0000020b2454bf30 JavaThread "Service Thread" daemon [_thread_blocked, id=6864, stack(0x0000001354100000,0x0000001354200000)]
  0x0000020b2454cf00 JavaThread "Monitor Deflation Thread" daemon [_thread_blocked, id=19992, stack(0x0000001354200000,0x0000001354300000)]
=>0x0000020b2454e6d0 JavaThread "C2 CompilerThread0" daemon [_thread_in_native, id=25132, stack(0x0000001354300000,0x0000001354400000)]
  0x0000020b24550400 JavaThread "C1 CompilerThread0" daemon [_thread_blocked, id=16500, stack(0x0000001354400000,0x0000001354500000)]
  0x0000020b2456dae0 JavaThread "Sweeper thread" daemon [_thread_blocked, id=25824, stack(0x0000001354500000,0x0000001354600000)]
  0x0000020b246c0150 JavaThread "Common-Cleaner" daemon [_thread_blocked, id=27356, stack(0x0000001354600000,0x0000001354700000)]
  0x0000020b246bfc40 JavaThread "Notification Thread" daemon [_thread_blocked, id=27032, stack(0x0000001354900000,0x0000001354a00000)]
  0x0000020b246bc9a0 JavaThread "QuantumRenderer-0" daemon [_thread_blocked, id=7352, stack(0x0000001354b00000,0x0000001354c00000)]
  0x0000020b246bdde0 JavaThread "InvokeLaterDispatcher" daemon [_thread_blocked, id=15892, stack(0x0000001354c00000,0x0000001354d00000)]
  0x0000020b246be2f0 JavaThread "JavaFX Application Thread" [_thread_blocked, id=23876, stack(0x0000001354d00000,0x0000001354e00000)]
  0x0000020b246bd3c0 JavaThread "JavaFX-Launcher" [_thread_blocked, id=8228, stack(0x0000001355200000,0x0000001355300000)]
  0x0000020b246be800 JavaThread "Thread-2" daemon [_thread_blocked, id=23888, stack(0x0000001355100000,0x0000001355200000)]
  0x0000020b246bed10 JavaThread "mysql-cj-abandoned-connection-cleanup" daemon [_thread_blocked, id=5540, stack(0x0000001355800000,0x0000001355900000)]
  0x0000020b246bd8d0 JavaThread "Prism Font Disposer" daemon [_thread_blocked, id=24896, stack(0x0000001355f00000,0x0000001356000000)]
  0x0000020b246bf730 JavaThread "Cleaner-0" daemon [_thread_blocked, id=14192, stack(0x0000001356000000,0x0000001356100000)]

Other Threads:
  0x0000020b244f5100 VMThread "VM Thread" [stack: 0x0000001353c00000,0x0000001353d00000] [id=4164]
  0x0000020b0856a7d0 WatcherThread [stack: 0x0000001354a00000,0x0000001354b00000] [id=13240]
  0x0000020b085515a0 GCTaskThread "GC Thread#0" [stack: 0x0000001353700000,0x0000001353800000] [id=23772]
  0x0000020b2dcdb7e0 GCTaskThread "GC Thread#1" [stack: 0x0000001355300000,0x0000001355400000] [id=23192]
  0x0000020b2dcadad0 GCTaskThread "GC Thread#2" [stack: 0x0000001355400000,0x0000001355500000] [id=19100]
  0x0000020b2de713a0 GCTaskThread "GC Thread#3" [stack: 0x0000001355500000,0x0000001355600000] [id=15960]
  0x0000020b2dd55850 GCTaskThread "GC Thread#4" [stack: 0x0000001355600000,0x0000001355700000] [id=708]
  0x0000020b2dd55f20 GCTaskThread "GC Thread#5" [stack: 0x0000001355700000,0x0000001355800000] [id=11316]
  0x0000020b2e8e2a00 GCTaskThread "GC Thread#6" [stack: 0x0000001355900000,0x0000001355a00000] [id=9636]
  0x0000020b2e7ad8d0 GCTaskThread "GC Thread#7" [stack: 0x0000001355a00000,0x0000001355b00000] [id=27268]
  0x0000020b08561cf0 ConcurrentGCThread "G1 Main Marker" [stack: 0x0000001353800000,0x0000001353900000] [id=18784]
  0x0000020b08562700 ConcurrentGCThread "G1 Conc#0" [stack: 0x0000001353900000,0x0000001353a00000] [id=26184]
  0x0000020b2e76ad80 ConcurrentGCThread "G1 Conc#1" [stack: 0x0000001355b00000,0x0000001355c00000] [id=17392]
  0x0000020b2420e010 ConcurrentGCThread "G1 Refine#0" [stack: 0x0000001353a00000,0x0000001353b00000] [id=23284]
  0x0000020b2420ea40 ConcurrentGCThread "G1 Service" [stack: 0x0000001353b00000,0x0000001353c00000] [id=19400]

Threads with active compile tasks:
C2 CompilerThread0    16529 4303       4       javafx.scene.CssStyleHelper::resolveRef (134 bytes)

VM state: at safepoint (normal execution)

VM Mutex/Monitor currently owned by a thread:  ([mutex/lock_event])
[0x0000020b084f25b0] Threads_lock - owner thread: 0x0000020b244f5100
[0x0000020b084f2910] Heap_lock - owner thread: 0x0000020b246be2f0

Heap address: 0x0000000084000000, size: 1984 MB, Compressed Oops mode: 32-bit

CDS archive(s) not mapped
Compressed class space mapped at: 0x0000000100000000-0x0000000140000000, reserved size: 1073741824
Narrow klass base: 0x0000000000000000, Narrow klass shift: 3, Narrow klass range: 0x140000000

GC Precious Log:
 CPUs: 8 total, 8 available
 Memory: 7934M
 Large Page Support: Disabled
 NUMA Support: Disabled
 Compressed Oops: Enabled (32-bit)
 Heap Region Size: 1M
 Heap Min Capacity: 8M
 Heap Initial Capacity: 124M
 Heap Max Capacity: 1984M
 Pre-touch: Disabled
 Parallel Workers: 8
 Concurrent Workers: 2
 Concurrent Refinement Workers: 8
 Periodic GC: Disabled

Heap:
 garbage-first heap   total 75776K, used 43359K [0x0000000084000000, 0x0000000100000000)
  region size 1024K, 1 young (1024K), 1 survivors (1024K)
 Metaspace       used 32075K, committed 32320K, reserved 1114112K
  class space    used 4111K, committed 4224K, reserved 1048576K

Heap Regions: E=young(eden), S=young(survivor), O=old, HS=humongous(starts), HC=humongous(continues), CS=collection set, F=free, OA=open archive, CA=closed archive, TAMS=top-at-mark-start (previous, next)
|   0|0x0000000084000000, 0x0000000084100000, 0x0000000084100000|100%| O|  |TAMS 0x0000000084100000, 0x0000000084100000| Untracked 
|   1|0x0000000084100000, 0x0000000084200000, 0x0000000084200000|100%| O|  |TAMS 0x0000000084200000, 0x0000000084200000| Untracked 
|   2|0x0000000084200000, 0x0000000084300000, 0x0000000084300000|100%|HS|  |TAMS 0x0000000084300000, 0x0000000084300000| Complete 
|   3|0x0000000084300000, 0x0000000084400000, 0x0000000084400000|100%|HC|  |TAMS 0x0000000084400000, 0x0000000084400000| Complete 
|   4|0x0000000084400000, 0x0000000084500000, 0x0000000084500000|100%|HC|  |TAMS 0x0000000084500000, 0x0000000084500000| Complete 
|   5|0x0000000084500000, 0x0000000084600000, 0x0000000084600000|100%|HC|  |TAMS 0x0000000084600000, 0x0000000084600000| Complete 
|   6|0x0000000084600000, 0x0000000084700000, 0x0000000084700000|100%|HC|  |TAMS 0x0000000084700000, 0x0000000084700000| Complete 
|   7|0x0000000084700000, 0x0000000084800000, 0x0000000084800000|100%| O|  |TAMS 0x0000000084800000, 0x0000000084800000| Untracked 
|   8|0x0000000084800000, 0x0000000084900000, 0x0000000084900000|100%| O|  |TAMS 0x0000000084900000, 0x0000000084900000| Untracked 
|   9|0x0000000084900000, 0x00000000849dca00, 0x0000000084a00000| 86%| O|  |TAMS 0x00000000849dca00, 0x00000000849dca00| Untracked 
|  10|0x0000000084a00000, 0x0000000084b00000, 0x0000000084b00000|100%|HS|  |TAMS 0x0000000084b00000, 0x0000000084b00000| Complete 
|  11|0x0000000084b00000, 0x0000000084c00000, 0x0000000084c00000|100%|HC|  |TAMS 0x0000000084c00000, 0x0000000084c00000| Complete 
|  12|0x0000000084c00000, 0x0000000084d00000, 0x0000000084d00000|100%| O|  |TAMS 0x0000000084d00000, 0x0000000084d00000| Untracked 
|  13|0x0000000084d00000, 0x0000000084e00000, 0x0000000084e00000|100%| O|  |TAMS 0x0000000084e00000, 0x0000000084e00000| Untracked 
|  14|0x0000000084e00000, 0x0000000084f00000, 0x0000000084f00000|100%| O|  |TAMS 0x0000000084f00000, 0x0000000084f00000| Untracked 
|  15|0x0000000084f00000, 0x0000000085000000, 0x0000000085000000|100%| O|  |TAMS 0x0000000085000000, 0x0000000085000000| Untracked 
|  16|0x0000000085000000, 0x0000000085100000, 0x0000000085100000|100%|HS|  |TAMS 0x0000000085000000, 0x0000000085100000| Complete 
|  17|0x0000000085100000, 0x0000000085200000, 0x0000000085200000|100%|HC|  |TAMS 0x0000000085100000, 0x0000000085200000| Complete 
|  18|0x0000000085200000, 0x0000000085300000, 0x0000000085300000|100%| O|  |TAMS 0x0000000085300000, 0x0000000085300000| Untracked 
|  19|0x0000000085300000, 0x0000000085400000, 0x0000000085400000|100%| O|  |TAMS 0x0000000085400000, 0x0000000085400000| Untracked 
|  20|0x0000000085400000, 0x0000000085500000, 0x0000000085500000|100%|HS|  |TAMS 0x0000000085500000, 0x0000000085500000| Complete 
|  21|0x0000000085500000, 0x0000000085600000, 0x0000000085600000|100%|HC|  |TAMS 0x0000000085600000, 0x0000000085600000| Complete 
|  22|0x0000000085600000, 0x0000000085700000, 0x0000000085700000|100%|HS|  |TAMS 0x0000000085700000, 0x0000000085700000| Complete 
|  23|0x0000000085700000, 0x0000000085800000, 0x0000000085800000|100%|HC|  |TAMS 0x0000000085800000, 0x0000000085800000| Complete 
|  24|0x0000000085800000, 0x0000000085900000, 0x0000000085900000|100%| O|  |TAMS 0x0000000085900000, 0x0000000085900000| Untracked 
|  25|0x0000000085900000, 0x00000000859b8200, 0x0000000085a00000| 71%| O|  |TAMS 0x00000000859b8200, 0x00000000859b8200| Untracked 
|  26|0x0000000085a00000, 0x0000000085b00000, 0x0000000085b00000|100%|HS|  |TAMS 0x0000000085b00000, 0x0000000085b00000| Complete 
|  27|0x0000000085b00000, 0x0000000085c00000, 0x0000000085c00000|100%|HC|  |TAMS 0x0000000085c00000, 0x0000000085c00000| Complete 
|  28|0x0000000085c00000, 0x0000000085c00000, 0x0000000085d00000|  0%| F|  |TAMS 0x0000000085c00000, 0x0000000085c00000| Untracked 
|  29|0x0000000085d00000, 0x0000000085e00000, 0x0000000085e00000|100%| O|  |TAMS 0x0000000085e00000, 0x0000000085e00000| Untracked 
|  30|0x0000000085e00000, 0x0000000085f00000, 0x0000000085f00000|100%| O|  |TAMS 0x0000000085f00000, 0x0000000085f00000| Untracked 
|  31|0x0000000085f00000, 0x0000000086000000, 0x0000000086000000|100%| O|  |TAMS 0x0000000086000000, 0x0000000086000000| Untracked 
|  32|0x0000000086000000, 0x0000000086100000, 0x0000000086100000|100%|HS|  |TAMS 0x0000000086100000, 0x0000000086100000| Complete 
|  33|0x0000000086100000, 0x0000000086200000, 0x0000000086200000|100%|HC|  |TAMS 0x0000000086200000, 0x0000000086200000| Complete 
|  34|0x0000000086200000, 0x0000000086300000, 0x0000000086300000|100%|HC|  |TAMS 0x0000000086300000, 0x0000000086300000| Complete 
|  35|0x0000000086300000, 0x0000000086400000, 0x0000000086400000|100%|HC|  |TAMS 0x0000000086400000, 0x0000000086400000| Complete 
|  36|0x0000000086400000, 0x0000000086500000, 0x0000000086500000|100%|HC|  |TAMS 0x0000000086500000, 0x0000000086500000| Complete 
|  37|0x0000000086500000, 0x0000000086600000, 0x0000000086600000|100%|HC|  |TAMS 0x0000000086600000, 0x0000000086600000| Complete 
|  38|0x0000000086600000, 0x0000000086700000, 0x0000000086700000|100%|HS|  |TAMS 0x0000000086700000, 0x0000000086700000| Complete 
|  39|0x0000000086700000, 0x0000000086800000, 0x0000000086800000|100%|HC|  |TAMS 0x0000000086800000, 0x0000000086800000| Complete 
|  40|0x0000000086800000, 0x0000000086900000, 0x0000000086900000|100%|HS|  |TAMS 0x0000000086800000, 0x0000000086900000| Complete 
|  41|0x0000000086900000, 0x0000000086a00000, 0x0000000086a00000|100%|HC|  |TAMS 0x0000000086900000, 0x0000000086a00000| Complete 
|  42|0x0000000086a00000, 0x0000000086b00000, 0x0000000086b00000|100%|HC|  |TAMS 0x0000000086a00000, 0x0000000086b00000| Complete 
|  43|0x0000000086b00000, 0x0000000086b00000, 0x0000000086c00000|  0%| F|  |TAMS 0x0000000086b00000, 0x0000000086b00000| Untracked 
|  44|0x0000000086c00000, 0x0000000086c00000, 0x0000000086d00000|  0%| F|  |TAMS 0x0000000086c00000, 0x0000000086c00000| Untracked 
|  45|0x0000000086d00000, 0x0000000086d00000, 0x0000000086e00000|  0%| F|  |TAMS 0x0000000086d00000, 0x0000000086d00000| Untracked 
|  46|0x0000000086e00000, 0x0000000086e00000, 0x0000000086f00000|  0%| F|  |TAMS 0x0000000086e00000, 0x0000000086e00000| Untracked 
|  47|0x0000000086f00000, 0x0000000086f00000, 0x0000000087000000|  0%| F|  |TAMS 0x0000000086f00000, 0x0000000086f00000| Untracked 
|  48|0x0000000087000000, 0x0000000087000000, 0x0000000087100000|  0%| F|  |TAMS 0x0000000087000000, 0x0000000087000000| Untracked 
|  49|0x0000000087100000, 0x0000000087100000, 0x0000000087200000|  0%| F|  |TAMS 0x0000000087100000, 0x0000000087100000| Untracked 
|  50|0x0000000087200000, 0x0000000087200000, 0x0000000087300000|  0%| F|  |TAMS 0x0000000087200000, 0x0000000087200000| Untracked 
|  51|0x0000000087300000, 0x0000000087300000, 0x0000000087400000|  0%| F|  |TAMS 0x0000000087300000, 0x0000000087300000| Untracked 
|  52|0x0000000087400000, 0x0000000087400000, 0x0000000087500000|  0%| F|  |TAMS 0x0000000087400000, 0x0000000087400000| Untracked 
|  53|0x0000000087500000, 0x0000000087500000, 0x0000000087600000|  0%| F|  |TAMS 0x0000000087500000, 0x0000000087500000| Untracked 
|  54|0x0000000087600000, 0x0000000087600000, 0x0000000087700000|  0%| F|  |TAMS 0x0000000087600000, 0x0000000087600000| Untracked 
|  55|0x0000000087700000, 0x0000000087700000, 0x0000000087800000|  0%| F|  |TAMS 0x0000000087700000, 0x0000000087700000| Untracked 
|  56|0x0000000087800000, 0x0000000087800000, 0x0000000087900000|  0%| F|  |TAMS 0x0000000087800000, 0x0000000087800000| Untracked 
|  57|0x0000000087900000, 0x0000000087900000, 0x0000000087a00000|  0%| F|  |TAMS 0x0000000087900000, 0x0000000087900000| Untracked 
|  58|0x0000000087a00000, 0x0000000087a00000, 0x0000000087b00000|  0%| F|  |TAMS 0x0000000087a00000, 0x0000000087a00000| Untracked 
|  59|0x0000000087b00000, 0x0000000087b00000, 0x0000000087c00000|  0%| F|  |TAMS 0x0000000087b00000, 0x0000000087b00000| Untracked 
|  60|0x0000000087c00000, 0x0000000087c00000, 0x0000000087d00000|  0%| F|  |TAMS 0x0000000087c00000, 0x0000000087c00000| Untracked 
|  61|0x0000000087d00000, 0x0000000087d00000, 0x0000000087e00000|  0%| F|  |TAMS 0x0000000087d00000, 0x0000000087d00000| Untracked 
|  62|0x0000000087e00000, 0x0000000087e00000, 0x0000000087f00000|  0%| F|  |TAMS 0x0000000087e00000, 0x0000000087e00000| Untracked 
|  63|0x0000000087f00000, 0x0000000087f00000, 0x0000000088000000|  0%| F|  |TAMS 0x0000000087f00000, 0x0000000087f00000| Untracked 
|  64|0x0000000088000000, 0x0000000088000000, 0x0000000088100000|  0%| F|  |TAMS 0x0000000088000000, 0x0000000088000000| Untracked 
|  65|0x0000000088100000, 0x0000000088100000, 0x0000000088200000|  0%| F|  |TAMS 0x0000000088100000, 0x0000000088100000| Untracked 
|  66|0x0000000088200000, 0x0000000088200000, 0x0000000088300000|  0%| F|  |TAMS 0x0000000088200000, 0x0000000088200000| Untracked 
|  67|0x0000000088300000, 0x0000000088300000, 0x0000000088400000|  0%| F|  |TAMS 0x0000000088300000, 0x0000000088300000| Untracked 
|  88|0x0000000089800000, 0x0000000089800000, 0x0000000089900000|  0%| F|  |TAMS 0x0000000089800000, 0x0000000089800000| Untracked 
|  89|0x0000000089900000, 0x0000000089900000, 0x0000000089a00000|  0%| F|  |TAMS 0x0000000089900000, 0x0000000089900000| Untracked 
|  90|0x0000000089a00000, 0x0000000089a00000, 0x0000000089b00000|  0%| F|  |TAMS 0x0000000089a00000, 0x0000000089a00000| Untracked 
|  91|0x0000000089b00000, 0x0000000089bc3110, 0x0000000089c00000| 76%| S|CS|TAMS 0x0000000089b00000, 0x0000000089b00000| Complete 
|  92|0x0000000089c00000, 0x0000000089c00000, 0x0000000089d00000|  0%| F|  |TAMS 0x0000000089c00000, 0x0000000089c00000| Untracked 
| 123|0x000000008bb00000, 0x000000008bb00000, 0x000000008bc00000|  0%| F|  |TAMS 0x000000008bb00000, 0x000000008bb00000| Untracked 

Card table byte_map: [0x0000020b1d2d0000,0x0000020b1d6b0000] _byte_map_base: 0x0000020b1ceb0000

Marking Bits (Prev, Next): (CMBitMap*) 0x0000020b08551c00, (CMBitMap*) 0x0000020b08551bc0
 Prev Bits: [0x0000020b1f990000, 0x0000020b21890000)
 Next Bits: [0x0000020b1da90000, 0x0000020b1f990000)

Polling page: 0x0000020b08380000

Metaspace:

Usage:
  Non-class:     27.31 MB used.
      Class:      4.02 MB used.
       Both:     31.32 MB used.

Virtual space:
  Non-class space:       64.00 MB reserved,      27.44 MB ( 43%) committed,  1 nodes.
      Class space:        1.00 GB reserved,       4.12 MB ( <1%) committed,  1 nodes.
             Both:        1.06 GB reserved,      31.56 MB (  3%) committed. 

Chunk freelists:
   Non-Class:  4.34 MB
       Class:  11.85 MB
        Both:  16.19 MB

MaxMetaspaceSize: unlimited
CompressedClassSpaceSize: 1.00 GB
Initial GC threshold: 21.00 MB
Current GC threshold: 52.62 MB
CDS: off
MetaspaceReclaimPolicy: balanced
 - commit_granule_bytes: 65536.
 - commit_granule_words: 8192.
 - virtual_space_node_default_size: 8388608.
 - enlarge_chunks_in_place: 1.
 - new_chunks_are_fully_committed: 0.
 - uncommit_free_chunks: 1.
 - use_allocation_guard: 0.
 - handle_deallocations: 1.


Internal statistics:

num_allocs_failed_limit: 3.
num_arena_births: 274.
num_arena_deaths: 0.
num_vsnodes_births: 2.
num_vsnodes_deaths: 0.
num_space_committed: 505.
num_space_uncommitted: 0.
num_chunks_returned_to_freelist: 3.
num_chunks_taken_from_freelist: 1110.
num_chunk_merges: 3.
num_chunk_splits: 771.
num_chunks_enlarged: 599.
num_inconsistent_stats: 0.

CodeHeap 'non-profiled nmethods': size=120000Kb used=1941Kb max_used=1941Kb free=118058Kb
 bounds [0x0000020b14f60000, 0x0000020b151d0000, 0x0000020b1c490000]
CodeHeap 'profiled nmethods': size=120000Kb used=8957Kb max_used=8957Kb free=111042Kb
 bounds [0x0000020b0d490000, 0x0000020b0dd50000, 0x0000020b149c0000]
CodeHeap 'non-nmethods': size=5760Kb used=1488Kb max_used=1534Kb free=4271Kb
 bounds [0x0000020b149c0000, 0x0000020b14c30000, 0x0000020b14f60000]
 total_blobs=5182 nmethods=4326 adapters=766
 compilation: enabled
              stopped_count=0, restarted_count=0
 full_count=0

Compilation events (20 events):
Event: 16.400 Thread 0x0000020b24550400 4328       3       javafx.fxml.FXMLLoader$Element::getProperties (22 bytes)
Event: 16.400 Thread 0x0000020b24550400 nmethod 4328 0x0000020b0dd41a90 code [0x0000020b0dd41ca0, 0x0000020b0dd42588]
Event: 16.400 Thread 0x0000020b24550400 4330       3       com.sun.javafx.reflect.Trampoline::ensureInvocableMethod (53 bytes)
Event: 16.401 Thread 0x0000020b24550400 nmethod 4330 0x0000020b0dd42790 code [0x0000020b0dd429a0, 0x0000020b0dd430f8]
Event: 16.401 Thread 0x0000020b24550400 4329       3       com.ctc.wstx.util.TextBuilder::getAllValues (32 bytes)
Event: 16.401 Thread 0x0000020b24550400 nmethod 4329 0x0000020b0dd43390 code [0x0000020b0dd43540, 0x0000020b0dd43788]
Event: 16.401 Thread 0x0000020b24550400 4322       3       javafx.fxml.FXMLLoader$Element::isBindingExpression (25 bytes)
Event: 16.402 Thread 0x0000020b24550400 nmethod 4322 0x0000020b0dd43890 code [0x0000020b0dd43a80, 0x0000020b0dd43f78]
Event: 16.402 Thread 0x0000020b24550400 4327       3       com.sun.javafx.reflect.ReflectUtil::checkPackageAccess (14 bytes)
Event: 16.402 Thread 0x0000020b24550400 nmethod 4327 0x0000020b0dd44190 code [0x0000020b0dd44340, 0x0000020b0dd44588]
Event: 16.402 Thread 0x0000020b24550400 4323       3       javafx.fxml.FXMLLoader$Element::isBidirectionalBindingExpression (8 bytes)
Event: 16.407 Thread 0x0000020b24550400 nmethod 4323 0x0000020b0dd44690 code [0x0000020b0dd44840, 0x0000020b0dd44a08]
Event: 16.407 Thread 0x0000020b24550400 4324       3       javafx.fxml.FXMLLoader$Element::processValue (126 bytes)
Event: 16.409 Thread 0x0000020b24550400 nmethod 4324 0x0000020b0dd44b10 code [0x0000020b0dd44f20, 0x0000020b0dd47538]
Event: 16.409 Thread 0x0000020b24550400 4325   !   3       javafx.fxml.FXMLLoader$Element::resolvePrefixedValue (446 bytes)
Event: 16.412 Thread 0x0000020b24550400 nmethod 4325 0x0000020b0dd47e90 code [0x0000020b0dd48740, 0x0000020b0dd4c5b8]
Event: 16.412 Thread 0x0000020b24550400 4326       3       javafx.fxml.FXMLLoader$Element::applyProperty (30 bytes)
Event: 16.413 Thread 0x0000020b24550400 nmethod 4326 0x0000020b0dd4df90 code [0x0000020b0dd4e1c0, 0x0000020b0dd4ed08]
Event: 16.413 Thread 0x0000020b24550400 4331       3       javafx.fxml.FXMLLoader$3::getAttributePrefix (21 bytes)
Event: 16.413 Thread 0x0000020b24550400 nmethod 4331 0x0000020b0dd4ef90 code [0x0000020b0dd4f160, 0x0000020b0dd4f508]

GC Heap History (20 events):
Event: 2.286 GC heap after
{Heap after GC invocations=4 (full 0):
 garbage-first heap   total 55296K, used 19464K [0x0000000084000000, 0x0000000100000000)
  region size 1024K, 4 young (4096K), 4 survivors (4096K)
 Metaspace       used 27746K, committed 27968K, reserved 1114112K
  class space    used 3601K, committed 3712K, reserved 1048576K
}
Event: 9.590 GC heap before
{Heap before GC invocations=4 (full 0):
 garbage-first heap   total 55296K, used 38920K [0x0000000084000000, 0x0000000100000000)
  region size 1024K, 17 young (17408K), 4 survivors (4096K)
 Metaspace       used 31119K, committed 31360K, reserved 1114112K
  class space    used 4055K, committed 4160K, reserved 1048576K
}
Event: 9.599 GC heap after
{Heap after GC invocations=5 (full 0):
 garbage-first heap   total 55296K, used 23434K [0x0000000084000000, 0x0000000100000000)
  region size 1024K, 2 young (2048K), 2 survivors (2048K)
 Metaspace       used 31119K, committed 31360K, reserved 1114112K
  class space    used 4055K, committed 4160K, reserved 1048576K
}
Event: 11.621 GC heap before
{Heap before GC invocations=5 (full 0):
 garbage-first heap   total 55296K, used 26506K [0x0000000084000000, 0x0000000100000000)
  region size 1024K, 4 young (4096K), 2 survivors (2048K)
 Metaspace       used 31255K, committed 31552K, reserved 1114112K
  class space    used 4069K, committed 4160K, reserved 1048576K
}
Event: 11.623 GC heap after
{Heap after GC invocations=6 (full 0):
 garbage-first heap   total 55296K, used 25750K [0x0000000084000000, 0x0000000100000000)
  region size 1024K, 1 young (1024K), 1 survivors (1024K)
 Metaspace       used 31255K, committed 31552K, reserved 1114112K
  class space    used 4069K, committed 4160K, reserved 1048576K
}
Event: 11.670 GC heap before
{Heap before GC invocations=7 (full 0):
 garbage-first heap   total 55296K, used 28822K [0x0000000084000000, 0x0000000100000000)
  region size 1024K, 2 young (2048K), 1 survivors (1024K)
 Metaspace       used 31266K, committed 31552K, reserved 1114112K
  class space    used 4071K, committed 4160K, reserved 1048576K
}
Event: 11.671 GC heap after
{Heap after GC invocations=8 (full 0):
 garbage-first heap   total 55296K, used 28658K [0x0000000084000000, 0x0000000100000000)
  region size 1024K, 1 young (1024K), 1 survivors (1024K)
 Metaspace       used 31266K, committed 31552K, reserved 1114112K
  class space    used 4071K, committed 4160K, reserved 1048576K
}
Event: 11.703 GC heap before
{Heap before GC invocations=9 (full 0):
 garbage-first heap   total 58368K, used 32754K [0x0000000084000000, 0x0000000100000000)
  region size 1024K, 2 young (2048K), 1 survivors (1024K)
 Metaspace       used 31349K, committed 31552K, reserved 1114112K
  class space    used 4080K, committed 4160K, reserved 1048576K
}
Event: 11.704 GC heap after
{Heap after GC invocations=10 (full 0):
 garbage-first heap   total 58368K, used 29625K [0x0000000084000000, 0x0000000100000000)
  region size 1024K, 1 young (1024K), 1 survivors (1024K)
 Metaspace       used 31349K, committed 31552K, reserved 1114112K
  class space    used 4080K, committed 4160K, reserved 1048576K
}
Event: 12.004 GC heap before
{Heap before GC invocations=11 (full 0):
 garbage-first heap   total 58368K, used 35769K [0x0000000084000000, 0x0000000100000000)
  region size 1024K, 6 young (6144K), 1 survivors (1024K)
 Metaspace       used 31639K, committed 31936K, reserved 1114112K
  class space    used 4097K, committed 4224K, reserved 1048576K
}
Event: 12.008 GC heap after
{Heap after GC invocations=12 (full 0):
 garbage-first heap   total 58368K, used 33364K [0x0000000084000000, 0x0000000100000000)
  region size 1024K, 2 young (2048K), 2 survivors (2048K)
 Metaspace       used 31639K, committed 31936K, reserved 1114112K
  class space    used 4097K, committed 4224K, reserved 1048576K
}
Event: 12.075 GC heap before
{Heap before GC invocations=13 (full 0):
 garbage-first heap   total 61440K, used 35412K [0x0000000084000000, 0x0000000100000000)
  region size 1024K, 3 young (3072K), 2 survivors (2048K)
 Metaspace       used 31726K, committed 32000K, reserved 1114112K
  class space    used 4101K, committed 4224K, reserved 1048576K
}
Event: 12.078 GC heap after
{Heap after GC invocations=14 (full 0):
 garbage-first heap   total 61440K, used 35896K [0x0000000084000000, 0x0000000100000000)
  region size 1024K, 1 young (1024K), 1 survivors (1024K)
 Metaspace       used 31726K, committed 32000K, reserved 1114112K
  class space    used 4101K, committed 4224K, reserved 1048576K
}
Event: 13.589 GC heap before
{Heap before GC invocations=15 (full 0):
 garbage-first heap   total 63488K, used 36920K [0x0000000084000000, 0x0000000100000000)
  region size 1024K, 3 young (3072K), 1 survivors (1024K)
 Metaspace       used 31854K, committed 32128K, reserved 1114112K
  class space    used 4110K, committed 4224K, reserved 1048576K
}
Event: 13.592 GC heap after
{Heap after GC invocations=16 (full 0):
 garbage-first heap   total 63488K, used 35903K [0x0000000084000000, 0x0000000100000000)
  region size 1024K, 1 young (1024K), 1 survivors (1024K)
 Metaspace       used 31854K, committed 32128K, reserved 1114112K
  class space    used 4110K, committed 4224K, reserved 1048576K
}
Event: 15.590 GC heap before
{Heap before GC invocations=17 (full 0):
 garbage-first heap   total 66560K, used 39999K [0x0000000084000000, 0x0000000100000000)
  region size 1024K, 4 young (4096K), 1 survivors (1024K)
 Metaspace       used 32020K, committed 32256K, reserved 1114112K
  class space    used 4110K, committed 4224K, reserved 1048576K
}
Event: 15.593 GC heap after
{Heap after GC invocations=18 (full 0):
 garbage-first heap   total 66560K, used 38318K [0x0000000084000000, 0x0000000100000000)
  region size 1024K, 1 young (1024K), 1 survivors (1024K)
 Metaspace       used 32020K, committed 32256K, reserved 1114112K
  class space    used 4110K, committed 4224K, reserved 1048576K
}
Event: 16.383 GC heap before
{Heap before GC invocations=19 (full 0):
 garbage-first heap   total 70656K, used 40366K [0x0000000084000000, 0x0000000100000000)
  region size 1024K, 2 young (2048K), 1 survivors (1024K)
 Metaspace       used 32054K, committed 32320K, reserved 1114112K
  class space    used 4110K, committed 4224K, reserved 1048576K
}
Event: 16.386 GC heap after
{Heap after GC invocations=20 (full 0):
 garbage-first heap   total 70656K, used 38223K [0x0000000084000000, 0x0000000100000000)
  region size 1024K, 1 young (1024K), 1 survivors (1024K)
 Metaspace       used 32054K, committed 32320K, reserved 1114112K
  class space    used 4110K, committed 4224K, reserved 1048576K
}
Event: 16.423 GC heap before
{Heap before GC invocations=21 (full 0):
 garbage-first heap   total 75776K, used 43343K [0x0000000084000000, 0x0000000100000000)
  region size 1024K, 2 young (2048K), 1 survivors (1024K)
 Metaspace       used 32075K, committed 32320K, reserved 1114112K
  class space    used 4111K, committed 4224K, reserved 1048576K
}

Dll operation events (2 events):
Event: 0.006 Loaded shared library C:\Users\DELL£\.jdks\jbr-17.0.8.1\bin\java.dll
Event: 0.031 Loaded shared library C:\Users\DELL£\.jdks\jbr-17.0.8.1\bin\jsvml.dll

Deoptimization events (20 events):
Event: 14.520 Thread 0x0000020b246bc9a0 DEOPT PACKING pc=0x0000020b0dc9aec4 sp=0x0000001354bfdeb0
Event: 14.520 Thread 0x0000020b246bc9a0 DEOPT UNPACKING pc=0x0000020b14a1ace3 sp=0x0000001354bfd308 mode 0
Event: 14.520 Thread 0x0000020b246bc9a0 DEOPT PACKING pc=0x0000020b0dc818c2 sp=0x0000001354bfdfe0
Event: 14.520 Thread 0x0000020b246bc9a0 DEOPT UNPACKING pc=0x0000020b14a1ace3 sp=0x0000001354bfd418 mode 0
Event: 14.520 Thread 0x0000020b246bc9a0 DEOPT PACKING pc=0x0000020b0dc9aec4 sp=0x0000001354bfddd0
Event: 14.520 Thread 0x0000020b246bc9a0 DEOPT UNPACKING pc=0x0000020b14a1ace3 sp=0x0000001354bfd228 mode 0
Event: 14.522 Thread 0x0000020b246bc9a0 DEOPT PACKING pc=0x0000020b0dc9aec4 sp=0x0000001354bfdeb0
Event: 14.522 Thread 0x0000020b246bc9a0 DEOPT UNPACKING pc=0x0000020b14a1ace3 sp=0x0000001354bfd308 mode 0
Event: 14.522 Thread 0x0000020b246bc9a0 DEOPT PACKING pc=0x0000020b0dc9aec4 sp=0x0000001354bfdeb0
Event: 14.522 Thread 0x0000020b246bc9a0 DEOPT UNPACKING pc=0x0000020b14a1ace3 sp=0x0000001354bfd308 mode 0
Event: 14.522 Thread 0x0000020b246bc9a0 DEOPT PACKING pc=0x0000020b0dc9aec4 sp=0x0000001354bfdeb0
Event: 14.522 Thread 0x0000020b246bc9a0 DEOPT UNPACKING pc=0x0000020b14a1ace3 sp=0x0000001354bfd308 mode 0
Event: 14.522 Thread 0x0000020b246bc9a0 DEOPT PACKING pc=0x0000020b0dc9aec4 sp=0x0000001354bfdeb0
Event: 14.522 Thread 0x0000020b246bc9a0 DEOPT UNPACKING pc=0x0000020b14a1ace3 sp=0x0000001354bfd308 mode 0
Event: 16.420 Thread 0x0000020b246be2f0 DEOPT PACKING pc=0x0000020b0db533c6 sp=0x0000001354dfbc70
Event: 16.420 Thread 0x0000020b246be2f0 DEOPT UNPACKING pc=0x0000020b14a1ace3 sp=0x0000001354dfb110 mode 0
Event: 16.422 Thread 0x0000020b246be2f0 Uncommon trap: trap_request=0xffffff45 fr.pc=0x0000020b150e2edc relative=0x00000000000005bc
Event: 16.422 Thread 0x0000020b246be2f0 Uncommon trap: reason=unstable_if action=reinterpret pc=0x0000020b150e2edc method=com.sun.javafx.image.impl.ByteGrayAlpha$ToByteGrayAlphaPreConv.doConvert([BII[BIIII)V @ 31 c2
Event: 16.422 Thread 0x0000020b246be2f0 DEOPT PACKING pc=0x0000020b150e2edc sp=0x0000001354dfbc40
Event: 16.422 Thread 0x0000020b246be2f0 DEOPT UNPACKING pc=0x0000020b14a1a1a3 sp=0x0000001354dfbc10 mode 2

Classes unloaded (0 events):
No events

Classes redefined (0 events):
No events

Internal exceptions (20 events):
Event: 1.962 Thread 0x0000020b246be2f0 Exception <a 'java/lang/NoSuchMethodError'{0x00000000864d5810}: 'int java.lang.invoke.DirectMethodHandle$Holder.invokeStaticInit(java.lang.Object, java.lang.Object)'> (0x00000000864d5810) 
thrown [s\src\hotspot\share\interpreter\linkResolver.cpp, line 771]
Event: 2.004 Thread 0x0000020b246be2f0 Exception <a 'java/lang/NoSuchMethodError'{0x00000000861ac8e8}: 'void java.lang.invoke.DirectMethodHandle$Holder.invokeSpecial(java.lang.Object, java.lang.Object, java.lang.Object, java.lang.Object, java.lang.Object, java.lang.Object)'> (0x00000000861ac8e8) 
thrown [s\src\hotspot\share\interpreter\linkResolver.cpp, line 771]
Event: 2.018 Thread 0x0000020b246be2f0 Implicit null exception at 0x0000020b14f9d8d8 to 0x0000020b14f9d96a
Event: 2.023 Thread 0x0000020b246be2f0 Exception <a 'java/lang/NoSuchMethodError'{0x00000000860a6090}: 'java.lang.Object java.lang.invoke.DirectMethodHandle$Holder.invokeInterface(java.lang.Object, java.lang.Object, java.lang.Object)'> (0x00000000860a6090) 
thrown [s\src\hotspot\share\interpreter\linkResolver.cpp, line 771]
Event: 2.024 Thread 0x0000020b246be2f0 Exception <a 'java/lang/IncompatibleClassChangeError'{0x00000000860a9a00}: Found class java.lang.Object, but interface was expected> (0x00000000860a9a00) 
thrown [s\src\hotspot\share\interpreter\linkResolver.cpp, line 838]
Event: 2.245 Thread 0x0000020b246be2f0 Exception <a 'java/lang/NoSuchMethodError'{0x000000008587bb88}: 'void java.lang.invoke.DirectMethodHandle$Holder.invokeSpecialIFC(java.lang.Object, java.lang.Object, java.lang.Object, java.lang.Object)'> (0x000000008587bb88) 
thrown [s\src\hotspot\share\interpreter\linkResolver.cpp, line 771]
Event: 2.252 Thread 0x0000020b246be2f0 Exception <a 'java/lang/ClassNotFoundException'{0x00000000858abe20}: com/sun/javafx/scene/control/skin/resources/controls> (0x00000000858abe20) 
thrown [s\src\hotspot\share\prims\jni.cpp, line 536]
Event: 2.253 Thread 0x0000020b246be2f0 Exception <a 'java/lang/ClassNotFoundException'{0x00000000858b9db8}: com/sun/javafx/scene/control/skin/resources/controls_fr> (0x00000000858b9db8) 
thrown [s\src\hotspot\share\prims\jni.cpp, line 536]
Event: 2.254 Thread 0x0000020b246be2f0 Exception <a 'java/lang/ClassNotFoundException'{0x00000000858c7ae8}: com/sun/javafx/scene/control/skin/resources/controls_fr_FR> (0x00000000858c7ae8) 
thrown [s\src\hotspot\share\prims\jni.cpp, line 536]
Event: 2.292 Thread 0x0000020b246be2f0 Exception <a 'java/lang/NoSuchMethodError'{0x000000008bb39ce0}: 'int java.lang.invoke.DirectMethodHandle$Holder.invokeSpecial(java.lang.Object, java.lang.Object, int)'> (0x000000008bb39ce0) 
thrown [s\src\hotspot\share\interpreter\linkResolver.cpp, line 771]
Event: 2.435 Thread 0x0000020b246be2f0 Exception <a 'java/lang/NoSuchMethodError'{0x00000000899df6f8}: 'java.lang.Object java.lang.invoke.DirectMethodHandle$Holder.newInvokeSpecial(java.lang.Object, java.lang.Object, int)'> (0x00000000899df6f8) 
thrown [s\src\hotspot\share\interpreter\linkResolver.cpp, line 771]
Event: 2.460 Thread 0x0000020b246be2f0 Exception <a 'java/lang/NoSuchMethodError'{0x00000000899fba98}: 'long java.lang.invoke.DirectMethodHandle$Holder.invokeStatic(java.lang.Object, java.lang.Object, java.lang.Object)'> (0x00000000899fba98) 
thrown [s\src\hotspot\share\interpreter\linkResolver.cpp, line 771]
Event: 2.461 Thread 0x0000020b246be2f0 Exception <a 'java/lang/NoSuchMethodError'{0x00000000899ff240}: 'long java.lang.invoke.DirectMethodHandle$Holder.invokeStaticInit(java.lang.Object, java.lang.Object, java.lang.Object)'> (0x00000000899ff240) 
thrown [s\src\hotspot\share\interpreter\linkResolver.cpp, line 771]
Event: 2.466 Thread 0x0000020b246be2f0 Exception <a 'java/lang/NoSuchMethodError'{0x0000000089845a28}: 'java.lang.Object java.lang.invoke.DirectMethodHandle$Holder.newInvokeSpecial(java.lang.Object, java.lang.Object, long)'> (0x0000000089845a28) 
thrown [s\src\hotspot\share\interpreter\linkResolver.cpp, line 771]
Event: 2.467 Thread 0x0000020b246be2f0 Exception <a 'java/lang/NoSuchMethodError'{0x0000000089849598}: 'java.lang.Object java.lang.invoke.Invokers$Holder.linkToTargetMethod(java.lang.Object, long, java.lang.Object)'> (0x0000000089849598) 
thrown [s\src\hotspot\share\interpreter\linkResolver.cpp, line 771]
Event: 2.727 Thread 0x0000020b246bc9a0 Exception <a 'java/lang/NoSuchMethodError'{0x0000000086cb0fe0}: 'java.lang.Object java.lang.invoke.DirectMethodHandle$Holder.invokeStaticInit(java.lang.Object, int)'> (0x0000000086cb0fe0) 
thrown [s\src\hotspot\share\interpreter\linkResolver.cpp, line 771]
Event: 6.886 Thread 0x0000020b246be2f0 Implicit null exception at 0x0000020b150cb2a9 to 0x0000020b150cb448
Event: 6.904 Thread 0x0000020b246be2f0 Implicit null exception at 0x0000020b1507fe09 to 0x0000020b15080660
Event: 11.932 Thread 0x0000020b246be2f0 Exception <a 'java/io/FileNotFoundException'{0x0000000089cdb220}> (0x0000000089cdb220) 
thrown [s\src\hotspot\share\prims\jni.cpp, line 517]
Event: 11.937 Thread 0x0000020b246be2f0 Implicit null exception at 0x0000020b150be96a to 0x0000020b150be9c4

VM Operations (20 events):
Event: 13.592 Executing VM operation: G1TryInitiateConcMark done
Event: 13.608 Executing VM operation: G1PauseRemark
Event: 13.610 Executing VM operation: G1PauseRemark done
Event: 13.618 Executing VM operation: G1PauseCleanup
Event: 13.618 Executing VM operation: G1PauseCleanup done
Event: 14.618 Executing VM operation: Cleanup
Event: 14.619 Executing VM operation: Cleanup done
Event: 15.589 Executing VM operation: G1TryInitiateConcMark
Event: 15.593 Executing VM operation: G1TryInitiateConcMark done
Event: 15.609 Executing VM operation: G1PauseRemark
Event: 15.612 Executing VM operation: G1PauseRemark done
Event: 15.618 Executing VM operation: G1PauseCleanup
Event: 15.619 Executing VM operation: G1PauseCleanup done
Event: 16.383 Executing VM operation: G1TryInitiateConcMark
Event: 16.386 Executing VM operation: G1TryInitiateConcMark done
Event: 16.402 Executing VM operation: G1PauseRemark
Event: 16.407 Executing VM operation: G1PauseRemark done
Event: 16.414 Executing VM operation: G1PauseCleanup
Event: 16.414 Executing VM operation: G1PauseCleanup done
Event: 16.422 Executing VM operation: G1TryInitiateConcMark

Events (20 events):
Event: 11.590 loading class java/util/IdentityHashMap$IdentityHashMapIterator done
Event: 11.590 loading class java/util/IdentityHashMap$KeyIterator done
Event: 11.600 loading class java/awt/AWTException
Event: 11.600 loading class java/awt/AWTException done
Event: 11.626 Thread 0x0000020b247aaec0 Thread added: 0x0000020b247aaec0
Event: 11.731 loading class java/lang/Button
Event: 11.731 loading class java/lang/Button done
Event: 11.732 loading class java/lang/Font
Event: 11.732 loading class java/lang/Font done
Event: 11.734 loading class java/lang/Text
Event: 11.734 loading class java/lang/Text done
Event: 11.739 loading class java/lang/TextField
Event: 11.739 loading class java/lang/TextField done
Event: 11.743 loading class java/lang/Label
Event: 11.743 loading class java/lang/Label done
Event: 12.880 Thread 0x0000020b247aaec0 Thread exited: 0x0000020b247aaec0
Event: 14.216 Thread 0x0000020b247aaec0 Thread added: 0x0000020b247aaec0
Event: 15.188 Thread 0x0000020b247aaec0 Thread exited: 0x0000020b247aaec0
Event: 16.380 loading class java/lang/AnchorPane
Event: 16.380 loading class java/lang/AnchorPane done


Dynamic libraries:
0x00007ff6427c0000 - 0x00007ff6427ca000 	C:\Users\DELL£\.jdks\jbr-17.0.8.1\bin\java.exe
0x00007ffd67fb0000 - 0x00007ffd681a8000 	C:\Windows\SYSTEM32\ntdll.dll
0x00007ffd67330000 - 0x00007ffd673ed000 	C:\Windows\System32\KERNEL32.DLL
0x00007ffd65a10000 - 0x00007ffd65d06000 	C:\Windows\System32\KERNELBASE.dll
0x00007ffd65670000 - 0x00007ffd65770000 	C:\Windows\System32\ucrtbase.dll
0x00007ffd61470000 - 0x00007ffd6148b000 	C:\Users\DELL£\.jdks\jbr-17.0.8.1\bin\VCRUNTIME140.dll
0x00007ffd60d30000 - 0x00007ffd60d47000 	C:\Users\DELL£\.jdks\jbr-17.0.8.1\bin\jli.dll
0x00007ffd67190000 - 0x00007ffd6732e000 	C:\Windows\System32\USER32.dll
0x00007ffd4d320000 - 0x00007ffd4d5ba000 	C:\Windows\WinSxS\amd64_microsoft.windows.common-controls_6595b64144ccf1df_6.0.19041.3636_none_60b6a03d71f818d5\COMCTL32.dll
0x00007ffd65770000 - 0x00007ffd65792000 	C:\Windows\System32\win32u.dll
0x00007ffd65fc0000 - 0x00007ffd6605e000 	C:\Windows\System32\msvcrt.dll
0x00007ffd66590000 - 0x00007ffd665bb000 	C:\Windows\System32\GDI32.dll
0x00007ffd658f0000 - 0x00007ffd65a07000 	C:\Windows\System32\gdi32full.dll
0x00007ffd65850000 - 0x00007ffd658ed000 	C:\Windows\System32\msvcp_win.dll
0x00007ffd67dd0000 - 0x00007ffd67e02000 	C:\Windows\System32\IMM32.DLL
0x00007ffd60d20000 - 0x00007ffd60d2c000 	C:\Users\DELL£\.jdks\jbr-17.0.8.1\bin\vcruntime140_1.dll
0x00007ffd60c90000 - 0x00007ffd60d1d000 	C:\Users\DELL£\.jdks\jbr-17.0.8.1\bin\msvcp140.dll
0x00007ffd0bdd0000 - 0x00007ffd0ca53000 	C:\Users\DELL£\.jdks\jbr-17.0.8.1\bin\server\jvm.dll
0x00007ffd66420000 - 0x00007ffd664d3000 	C:\Windows\System32\ADVAPI32.dll
0x00007ffd67640000 - 0x00007ffd676df000 	C:\Windows\System32\sechost.dll
0x00007ffd67e10000 - 0x00007ffd67f36000 	C:\Windows\System32\RPCRT4.dll
0x00007ffd65640000 - 0x00007ffd65667000 	C:\Windows\System32\bcrypt.dll
0x00007ffd56580000 - 0x00007ffd565a7000 	C:\Windows\SYSTEM32\WINMM.dll
0x00007ffd586a0000 - 0x00007ffd586aa000 	C:\Windows\SYSTEM32\VERSION.dll
0x00007ffd457a0000 - 0x00007ffd457a9000 	C:\Windows\SYSTEM32\WSOCK32.dll
0x00007ffd64b90000 - 0x00007ffd64bdb000 	C:\Windows\SYSTEM32\POWRPROF.dll
0x00007ffd678f0000 - 0x00007ffd6795b000 	C:\Windows\System32\WS2_32.dll
0x00007ffd64a50000 - 0x00007ffd64a62000 	C:\Windows\SYSTEM32\UMPDC.dll
0x00007ffd63e80000 - 0x00007ffd63e92000 	C:\Windows\SYSTEM32\kernel.appcore.dll
0x00007ffd60700000 - 0x00007ffd6070a000 	C:\Users\DELL£\.jdks\jbr-17.0.8.1\bin\jimage.dll
0x00007ffd631c0000 - 0x00007ffd633a4000 	C:\Windows\SYSTEM32\DBGHELP.DLL
0x00007ffd4bcd0000 - 0x00007ffd4bd04000 	C:\Windows\SYSTEM32\dbgcore.DLL
0x00007ffd65dd0000 - 0x00007ffd65e52000 	C:\Windows\System32\bcryptPrimitives.dll
0x00007ffd5ed40000 - 0x00007ffd5ed65000 	C:\Users\DELL£\.jdks\jbr-17.0.8.1\bin\java.dll
0x00007ffd606d0000 - 0x00007ffd606e8000 	C:\Users\DELL£\.jdks\jbr-17.0.8.1\bin\zip.dll
0x00007ffd48650000 - 0x00007ffd48727000 	C:\Users\DELL£\.jdks\jbr-17.0.8.1\bin\jsvml.dll
0x00007ffd66a40000 - 0x00007ffd67185000 	C:\Windows\System32\SHELL32.dll
0x00007ffd636d0000 - 0x00007ffd63e6c000 	C:\Windows\SYSTEM32\windows.storage.dll
0x00007ffd660c0000 - 0x00007ffd66414000 	C:\Windows\System32\combase.dll
0x00007ffd65070000 - 0x00007ffd6509e000 	C:\Windows\SYSTEM32\Wldp.dll
0x00007ffd676e0000 - 0x00007ffd677ad000 	C:\Windows\System32\OLEAUT32.dll
0x00007ffd67b70000 - 0x00007ffd67c1d000 	C:\Windows\System32\SHCORE.dll
0x00007ffd677b0000 - 0x00007ffd67805000 	C:\Windows\System32\shlwapi.dll
0x00007ffd65570000 - 0x00007ffd65595000 	C:\Windows\SYSTEM32\profapi.dll
0x00007ffd5ed20000 - 0x00007ffd5ed39000 	C:\Users\DELL£\.jdks\jbr-17.0.8.1\bin\net.dll
0x00007ffd600b0000 - 0x00007ffd601ba000 	C:\Windows\SYSTEM32\WINHTTP.dll
0x00007ffd64dd0000 - 0x00007ffd64e3a000 	C:\Windows\system32\mswsock.dll
0x00007ffd5e890000 - 0x00007ffd5e8a6000 	C:\Users\DELL£\.jdks\jbr-17.0.8.1\bin\nio.dll
0x0000020b085c0000 - 0x0000020b085c3000 	C:\Users\DELL£\.openjfx\cache\17\api-ms-win-core-console-l1-1-0.dll
0x0000020b24a00000 - 0x0000020b24a03000 	C:\Users\DELL£\.openjfx\cache\17\api-ms-win-core-console-l1-2-0.dll
0x0000020b24a10000 - 0x0000020b24a13000 	C:\Users\DELL£\.openjfx\cache\17\api-ms-win-core-datetime-l1-1-0.dll
0x0000020b24a20000 - 0x0000020b24a23000 	C:\Users\DELL£\.openjfx\cache\17\api-ms-win-core-debug-l1-1-0.dll
0x0000020b24a30000 - 0x0000020b24a33000 	C:\Users\DELL£\.openjfx\cache\17\api-ms-win-core-errorhandling-l1-1-0.dll
0x0000020b24a40000 - 0x0000020b24a44000 	C:\Users\DELL£\.openjfx\cache\17\api-ms-win-core-file-l1-1-0.dll
0x0000020b24a50000 - 0x0000020b24a53000 	C:\Users\DELL£\.openjfx\cache\17\api-ms-win-core-file-l1-2-0.dll
0x0000020b24a60000 - 0x0000020b24a63000 	C:\Users\DELL£\.openjfx\cache\17\api-ms-win-core-file-l2-1-0.dll
0x0000020b24a70000 - 0x0000020b24a73000 	C:\Users\DELL£\.openjfx\cache\17\api-ms-win-core-handle-l1-1-0.dll
0x0000020b24a80000 - 0x0000020b24a83000 	C:\Users\DELL£\.openjfx\cache\17\api-ms-win-core-heap-l1-1-0.dll
0x0000020b24a90000 - 0x0000020b24a93000 	C:\Users\DELL£\.openjfx\cache\17\api-ms-win-core-interlocked-l1-1-0.dll
0x0000020b24aa0000 - 0x0000020b24aa3000 	C:\Users\DELL£\.openjfx\cache\17\api-ms-win-core-libraryloader-l1-1-0.dll
0x0000020b24ab0000 - 0x0000020b24ab3000 	C:\Users\DELL£\.openjfx\cache\17\api-ms-win-core-localization-l1-2-0.dll
0x0000020b24ac0000 - 0x0000020b24ac3000 	C:\Users\DELL£\.openjfx\cache\17\api-ms-win-core-memory-l1-1-0.dll
0x0000020b24ad0000 - 0x0000020b24ad3000 	C:\Users\DELL£\.openjfx\cache\17\api-ms-win-core-namedpipe-l1-1-0.dll
0x0000020b24ae0000 - 0x0000020b24ae3000 	C:\Users\DELL£\.openjfx\cache\17\api-ms-win-core-processenvironment-l1-1-0.dll
0x0000020b24af0000 - 0x0000020b24af3000 	C:\Users\DELL£\.openjfx\cache\17\api-ms-win-core-processthreads-l1-1-0.dll
0x0000020b24b00000 - 0x0000020b24b03000 	C:\Users\DELL£\.openjfx\cache\17\api-ms-win-core-processthreads-l1-1-1.dll
0x0000020b24b10000 - 0x0000020b24b13000 	C:\Users\DELL£\.openjfx\cache\17\api-ms-win-core-profile-l1-1-0.dll
0x0000020b24b20000 - 0x0000020b24b23000 	C:\Users\DELL£\.openjfx\cache\17\api-ms-win-core-rtlsupport-l1-1-0.dll
0x0000020b24b30000 - 0x0000020b24b33000 	C:\Users\DELL£\.openjfx\cache\17\api-ms-win-core-string-l1-1-0.dll
0x0000020b24b40000 - 0x0000020b24b43000 	C:\Users\DELL£\.openjfx\cache\17\api-ms-win-core-synch-l1-1-0.dll
0x0000020b24b50000 - 0x0000020b24b53000 	C:\Users\DELL£\.openjfx\cache\17\api-ms-win-core-synch-l1-2-0.dll
0x0000020b24b60000 - 0x0000020b24b63000 	C:\Users\DELL£\.openjfx\cache\17\api-ms-win-core-sysinfo-l1-1-0.dll
0x0000020b24b70000 - 0x0000020b24b73000 	C:\Users\DELL£\.openjfx\cache\17\api-ms-win-core-timezone-l1-1-0.dll
0x0000020b24b80000 - 0x0000020b24b83000 	C:\Users\DELL£\.openjfx\cache\17\api-ms-win-core-util-l1-1-0.dll
0x0000020b24b90000 - 0x0000020b24b93000 	C:\Users\DELL£\.openjfx\cache\17\api-ms-win-crt-conio-l1-1-0.dll
0x0000020b24ba0000 - 0x0000020b24ba4000 	C:\Users\DELL£\.openjfx\cache\17\api-ms-win-crt-convert-l1-1-0.dll
0x0000020b24bb0000 - 0x0000020b24bb3000 	C:\Users\DELL£\.openjfx\cache\17\api-ms-win-crt-environment-l1-1-0.dll
0x0000020b24bc0000 - 0x0000020b24bc3000 	C:\Users\DELL£\.openjfx\cache\17\api-ms-win-crt-filesystem-l1-1-0.dll
0x0000020b24bd0000 - 0x0000020b24bd3000 	C:\Users\DELL£\.openjfx\cache\17\api-ms-win-crt-heap-l1-1-0.dll
0x0000020b24be0000 - 0x0000020b24be3000 	C:\Users\DELL£\.openjfx\cache\17\api-ms-win-crt-locale-l1-1-0.dll
0x0000020b24bf0000 - 0x0000020b24bf5000 	C:\Users\DELL£\.openjfx\cache\17\api-ms-win-crt-math-l1-1-0.dll
0x0000020b24c00000 - 0x0000020b24c05000 	C:\Users\DELL£\.openjfx\cache\17\api-ms-win-crt-multibyte-l1-1-0.dll
0x0000020b24c10000 - 0x0000020b24c20000 	C:\Users\DELL£\.openjfx\cache\17\api-ms-win-crt-private-l1-1-0.dll
0x0000020b24c20000 - 0x0000020b24c23000 	C:\Users\DELL£\.openjfx\cache\17\api-ms-win-crt-process-l1-1-0.dll
0x0000020b24c30000 - 0x0000020b24c34000 	C:\Users\DELL£\.openjfx\cache\17\api-ms-win-crt-runtime-l1-1-0.dll
0x0000020b24c40000 - 0x0000020b24c44000 	C:\Users\DELL£\.openjfx\cache\17\api-ms-win-crt-stdio-l1-1-0.dll
0x0000020b24c50000 - 0x0000020b24c54000 	C:\Users\DELL£\.openjfx\cache\17\api-ms-win-crt-string-l1-1-0.dll
0x0000020b24c60000 - 0x0000020b24c63000 	C:\Users\DELL£\.openjfx\cache\17\api-ms-win-crt-time-l1-1-0.dll
0x0000020b24c70000 - 0x0000020b24c73000 	C:\Users\DELL£\.openjfx\cache\17\api-ms-win-crt-utility-l1-1-0.dll
0x00007ffd22a40000 - 0x00007ffd22b3c000 	C:\Users\DELL£\.openjfx\cache\17\ucrtbase.dll
0x00007ffd53680000 - 0x00007ffd5369a000 	C:\Users\DELL£\.openjfx\cache\17\vcruntime140.dll
0x00007ffd51d90000 - 0x00007ffd51d9c000 	C:\Users\DELL£\.openjfx\cache\17\vcruntime140_1.dll
0x00007ffd28c70000 - 0x00007ffd28cfd000 	C:\Users\DELL£\.openjfx\cache\17\msvcp140.dll
0x00007ffd51d60000 - 0x00007ffd51d8a000 	C:\Users\DELL£\.openjfx\cache\17\prism_d3d.dll
0x00007ffd452f0000 - 0x00007ffd454bd000 	C:\Windows\system32\d3d9.dll
0x00007ffd62d60000 - 0x00007ffd62d8f000 	C:\Windows\SYSTEM32\dwmapi.dll
0x00007ffd62980000 - 0x00007ffd62a1e000 	C:\Windows\system32\uxtheme.dll
0x00007ffd12640000 - 0x00007ffd12878000 	C:\Windows\System32\DriverStore\FileRepository\iigd_dch.inf_amd64_3fd734cf72127ac9\igdumdim64.dll
0x00007ffd67c20000 - 0x00007ffd67d4b000 	C:\Windows\System32\ole32.dll
0x00007ffcdcfb0000 - 0x00007ffcde320000 	C:\Windows\System32\DriverStore\FileRepository\iigd_dch.inf_amd64_3fd734cf72127ac9\igd9dxva64.dll
0x00007ffd665c0000 - 0x00007ffd66a2e000 	C:\Windows\System32\SETUPAPI.dll
0x00007ffd65d10000 - 0x00007ffd65d5e000 	C:\Windows\System32\cfgmgr32.dll
0x00007ffd038d0000 - 0x00007ffd055f1000 	C:\Windows\System32\DriverStore\FileRepository\iigd_dch.inf_amd64_3fd734cf72127ac9\media_bin_64.dll
0x00007ffd55920000 - 0x00007ffd55d58000 	C:\Windows\System32\DriverStore\FileRepository\iigd_dch.inf_amd64_3fd734cf72127ac9\igdgmm64.dll
0x00007ffd2c520000 - 0x00007ffd2c562000 	C:\Users\DELL£\.openjfx\cache\17\glass.dll
0x00007ffd67810000 - 0x00007ffd678ea000 	C:\Windows\System32\COMDLG32.dll
0x00007ffd67410000 - 0x00007ffd67524000 	C:\Windows\System32\MSCTF.dll
0x00007ffd08cc0000 - 0x00007ffd08ce7000 	C:\Windows\System32\DriverStore\FileRepository\iigd_dch.inf_amd64_3fd734cf72127ac9\igdinfo64.dll
0x00007ffd4d9a0000 - 0x00007ffd5184d000 	C:\Windows\System32\DriverStore\FileRepository\iigd_dch.inf_amd64_3fd734cf72127ac9\igc64.dll
0x00007ffd58620000 - 0x00007ffd5865b000 	C:\Windows\SYSTEM32\dxcore.dll
0x00007ffd64ab0000 - 0x00007ffd64b7b000 	C:\Windows\SYSTEM32\DNSAPI.dll
0x00007ffd64a70000 - 0x00007ffd64aab000 	C:\Windows\SYSTEM32\IPHLPAPI.DLL
0x00007ffd66a30000 - 0x00007ffd66a38000 	C:\Windows\System32\NSI.dll
0x00007ffd5a470000 - 0x00007ffd5a47a000 	C:\Windows\System32\rasadhlp.dll
0x00007ffd58540000 - 0x00007ffd585c0000 	C:\Windows\System32\fwpuclnt.dll
0x00007ffd485b0000 - 0x00007ffd485c4000 	C:\Users\DELL£\.openjfx\cache\17\javafx_font.dll
0x00007ffd52380000 - 0x00007ffd525ff000 	C:\Windows\SYSTEM32\dwrite.dll
0x00007ffd664e0000 - 0x00007ffd66589000 	C:\Windows\System32\clbcatq.dll
0x00007ffd5aac0000 - 0x00007ffd5ac74000 	C:\Windows\SYSTEM32\WindowsCodecs.dll
0x00007ffd4bfe0000 - 0x00007ffd4c01e000 	C:\Windows\system32\dataexchange.dll
0x00007ffd61d80000 - 0x00007ffd61f63000 	C:\Windows\system32\dcomp.dll
0x00007ffd61b10000 - 0x00007ffd61d73000 	C:\Windows\system32\d3d11.dll
0x00007ffd63ef0000 - 0x00007ffd63fe3000 	C:\Windows\system32\dxgi.dll
0x00007ffd5ae80000 - 0x00007ffd5b083000 	C:\Windows\system32\twinapi.appcore.dll
0x00007ffd5b8d0000 - 0x00007ffd5b904000 	C:\Program Files\Common Files\Microsoft Shared\Ink\rtscom.dll
0x00007ffd55e90000 - 0x00007ffd55f89000 	C:\Windows\SYSTEM32\textinputframework.dll
0x00007ffd62650000 - 0x00007ffd62742000 	C:\Windows\System32\CoreMessaging.dll
0x00007ffd61f70000 - 0x00007ffd622cb000 	C:\Windows\System32\CoreUIComponents.dll

dbghelp: loaded successfully - version: 4.0.5 - missing functions: none
symbol engine: initialized successfully - sym options: 0x614 - pdb path: .;C:\Users\DELL£\.jdks\jbr-17.0.8.1\bin;C:\Windows\SYSTEM32;C:\Windows\WinSxS\amd64_microsoft.windows.common-controls_6595b64144ccf1df_6.0.19041.3636_none_60b6a03d71f818d5;C:\Users\DELL£\.jdks\jbr-17.0.8.1\bin\server;C:\Users\DELL£\.openjfx\cache\17;C:\Windows\System32\DriverStore\FileRepository\iigd_dch.inf_amd64_3fd734cf72127ac9;C:\Program Files\Common Files\Microsoft Shared\Ink

VM Arguments:
jvm_args: --module-path=C:\Users\DELL£\.m2\repository\org\openjfx\javafx-base\17\javafx-base-17-win.jar;C:\Users\DELL£\.m2\repository\org\openjfx\javafx-base\17\javafx-base-17.jar;C:\Users\DELL£\.m2\repository\org\openjfx\javafx-controls\17\javafx-controls-17-win.jar;C:\Users\DELL£\.m2\repository\org\openjfx\javafx-controls\17\javafx-controls-17.jar;C:\Users\DELL£\.m2\repository\org\openjfx\javafx-fxml\17\javafx-fxml-17-win.jar;C:\Users\DELL£\.m2\repository\org\openjfx\javafx-fxml\17\javafx-fxml-17.jar;C:\Users\DELL£\.m2\repository\org\openjfx\javafx-graphics\17\javafx-graphics-17-win.jar;C:\Users\DELL£\.m2\repository\org\openjfx\javafx-graphics\17\javafx-graphics-17.jar;C:\Users\DELL£\.m2\repository\org\openjfx\javafx-swing\17\javafx-swing-17-win.jar;C:\Users\DELL£\.m2\repository\org\openjfx\javafx-swing\17\javafx-swing-17.jar --add-modules=javafx.base,javafx.base,javafx.controls,javafx.controls,javafx.fxml,javafx.fxml,javafx.graphics,javafx.graphics,javafx.swing,javafx.swing 
java_command: tn.esprit.test.MainFX
java_class_path (initial): D:\ProjetPDEV3A8-Smart-City-Codemasters\target\classes;C:\Users\DELL£\.m2\repository\com\beust\jcommander\1.48\jcommander-1.48.jar;C:\Users\DELL£\.m2\repository\com\fasterxml\jackson\core\jackson-annotations\2.14.0\jackson-annotations-2.14.0.jar;C:\Users\DELL£\.m2\repository\com\fasterxml\jackson\core\jackson-core\2.14.0\jackson-core-2.14.0.jar;C:\Users\DELL£\.m2\repository\com\fasterxml\jackson\core\jackson-databind\2.14.0\jackson-databind-2.14.0.jar;C:\Users\DELL£\.m2\repository\com\fasterxml\jackson\dataformat\jackson-dataformat-xml\2.14.0\jackson-dataformat-xml-2.14.0.jar;C:\Users\DELL£\.m2\repository\com\fasterxml\jackson\datatype\jackson-datatype-jsr310\2.14.0\jackson-datatype-jsr310-2.14.0.jar;C:\Users\DELL£\.m2\repository\com\fasterxml\woodstox\woodstox-core\6.4.0\woodstox-core-6.4.0.jar;C:\Users\DELL£\.m2\repository\com\github\jai-imageio\jai-imageio-core\1.3.1\jai-imageio-core-1.3.1.jar;C:\Users\DELL£\.m2\repository\com\github\kenglxn\qrgen\core\2.6.0\core-2.6.0.jar;C:\Users\DELL£\.m2\repository\com\github\kenglxn\qrgen\javase\2.6.0\javase-2.6.0.jar;C:\Users\DELL£\.m2\repository\com\google\code\gson\gson\2.8.6\gson-2.8.6.jar;C:\Users\DELL£\.m2\repository\com\google\protobuf\protobuf-java\3.21.9\protobuf-java-3.21.9.jar;C:\Users\DELL£\.m2\repository\com\google\zxing\core\3.4.1\core-3.4.1.jar;C:\Users\DELL£\.m2\repository\com\google\zxing\javase\3.3.0\javase-3.3.0.jar;C:\Users\DELL£\.m2\repository\com\itextpdf\itextpdf\5.5.13.3\itextpdf-5.5.13.3.jar;C:\Users\DELL£\.m2\repository\com\mysql\mysql-connector-j\8.0.33\mysql-connector-j-8.0.33.jar;C:\Users\DELL£\.m2\repository\com\stripe\stripe-java\20.63.0\stripe-java-20.63.0.jar;C:\Users\DELL£\.m2\repository\com\twilio\sdk\twilio\10.1.0\twilio-10.1.0.jar;C:\Users\DELL£\.m2\repository\commons-codec\commons-codec\1.15\commons-codec-1.15.jar;C:\Users\DELL£\.m2\repository\commons-io\commons-io\2.7\commons-io-2.7.jar;C:\Users\DELL£\.m2\repository\commons-logging\commons-logging\1.2\common
Launcher Type: SUN_STANDARD

[Global flags]
     intx CICompilerCount                          = 4                                         {product} {ergonomic}
     uint ConcGCThreads                            = 2                                         {product} {ergonomic}
     uint G1ConcRefinementThreads                  = 8                                         {product} {ergonomic}
   size_t G1HeapRegionSize                         = 1048576                                   {product} {ergonomic}
    uintx GCDrainStackTargetSize                   = 64                                        {product} {ergonomic}
   size_t InitialHeapSize                          = 130023424                                 {product} {ergonomic}
   size_t MarkStackSize                            = 4194304                                   {product} {ergonomic}
   size_t MaxHeapSize                              = 2080374784                                {product} {ergonomic}
   size_t MaxNewSize                               = 1247805440                                {product} {ergonomic}
   size_t MinHeapDeltaBytes                        = 1048576                                   {product} {ergonomic}
   size_t MinHeapSize                              = 8388608                                   {product} {ergonomic}
    uintx NonNMethodCodeHeapSize                   = 5839372                                {pd product} {ergonomic}
    uintx NonProfiledCodeHeapSize                  = 122909434                              {pd product} {ergonomic}
    uintx ProfiledCodeHeapSize                     = 122909434                              {pd product} {ergonomic}
    uintx ReservedCodeCacheSize                    = 251658240                              {pd product} {ergonomic}
     bool SegmentedCodeCache                       = true                                      {product} {ergonomic}
   size_t SoftMaxHeapSize                          = 2080374784                             {manageable} {ergonomic}
     bool UseCompressedClassPointers               = true                           {product lp64_product} {ergonomic}
     bool UseCompressedOops                        = true                           {product lp64_product} {ergonomic}
     bool UseG1GC                                  = true                                      {product} {ergonomic}
     bool UseLargePagesIndividualAllocation        = false                                  {pd product} {ergonomic}

Logging:
Log output configuration:
 #0: stdout all=warning uptime,level,tags
 #1: stderr all=off uptime,level,tags

Environment Variables:
PATH=C:\oraclexe\app\oracle\product\11.2.0\server\bin;;C:\Users\DELL£\.jdks\jbr-17.0.8.1\bin;C:\oraclexe\app\oracle\product\11.2.0\server\bin;C:\oraclexe\app\oracle\product\10.2.0\server\bin;C:\Program Files (x86)\Common Files\Intel\Shared Libraries\redist\intel64\compiler;C:\Windows\system32;C:\Windows;C:\Windows\System32\Wbem;C:\Windows\System32\WindowsPowerShell\v1.0\;C:\Windows\System32\OpenSSH\;C:\Program Files (x86)\dotnet\;C:\Program Files (x86)\Microchip\MPLAB C32 Suite\bin;C:\xampp\php;C:\xampp\php;C:\Strawberry\c\bin;C:\Strawberry\perl\site\bin;C:\Strawberry\perl\bin;C:\oraclexe\app\oracle\product\11.2.0\server\bin;C:\intantclient12_2;C:\oraclexe\app\oracle\admin\XE;C:\oraclexe;C:\Program Files\Git\cmd;C:\ProgramData\ComposerSetup\bin;C:\Users\DELL£\scoop\shims;C:\Users\DELL£\AppData\Local\Microsoft\WindowsApps;C:\Program Files\CodeBlocks\MinGW;C:\Users\DELL£\AppData\Local\Programs\Microsoft VS Code\bin;C:\Users\DELL£\AppData\Local\GitHubDesktop\bin;C:\Users\DELL£\composer;C:\Users\DELL£\AppData\Roaming\Composer\vendor\bin
USERNAME=DELL£
OS=Windows_NT
PROCESSOR_IDENTIFIER=Intel64 Family 6 Model 140 Stepping 1, GenuineIntel
TMP=C:\Users\DELL~1\AppData\Local\Temp
TEMP=C:\Users\DELL~1\AppData\Local\Temp


JNI global refs:
JNI global refs: 34, weak refs: 3

JNI global refs memory usage: 843, weak refs: 841

OOME stack traces (most recent first):
Classloader memory used:
Loader jdk.internal.loader.ClassLoaders$AppClassLoader                                 : 2195K
Loader bootstrap                                                                       : 1761K
Loader jdk.internal.loader.ClassLoaders$PlatformClassLoader                            : 44387B
Loader jdk.internal.reflect.DelegatingClassLoader                                      : 8321B
Loader com.sun.javafx.reflect.MethodUtil                                               : 546B


---------------  S Y S T E M  ---------------

OS:
 Windows 10 , 64 bit Build 19041 (10.0.19041.3636)
OS uptime: 9 days 17:54 hours

CPU: total 8 (initial active 8) (4 cores per cpu, 2 threads per core) family 6 model 140 stepping 1 microcode 0xb4, cx8, cmov, fxsr, ht, mmx, 3dnowpref, sse, sse2, sse3, ssse3, sse4.1, sse4.2, popcnt, lzcnt, tsc, tscinvbit, avx, avx2, aes, erms, clmul, bmi1, bmi2, adx, avx512f, avx512dq, avx512cd, avx512bw, avx512vl, sha, fma, vzeroupper, avx512_vpopcntdq, avx512_vpclmulqdq, avx512_vaes, avx512_vnni, clflush, clflushopt, clwb, avx512_vbmi2, avx512_vbmi
Processor Information for all 8 processors :
  Max Mhz: 1382, Current Mhz: 1382, Mhz Limit: 1382

Memory: 4k page, system-wide physical 7934M (570M free)
TotalPageFile size 24312M (AvailPageFile size 4M)
current process WorkingSet (physical memory assigned to process): 294M, peak: 301M
current process commit charge ("private bytes"): 342M, peak: 361M

vm_info: OpenJDK 64-Bit Server VM (17.0.8.1+7-b1059.3) for windows-amd64 JRE (17.0.8.1+7-b1059.3), built on 2023-09-11 by "builduser" with MS VC++ 16.10 / 16.11 (VS2019)

END.
