#
# There is insufficient memory for the Java Runtime Environment to continue.
# Native memory allocation (malloc) failed to allocate 253136 bytes for Chunk::new
# Possible reasons:
#   The system is out of physical RAM or swap space
#   The process is running with CompressedOops enabled, and the Java Heap may be blocking the growth of the native heap
# Possible solutions:
#   Reduce memory load on the system
#   Increase physical memory or swap space
#   Check if swap backing store is full
#   Decrease Java heap size (-Xmx/-Xms)
#   Decrease number of Java threads
#   Decrease Java thread stack sizes (-Xss)
#   Set larger code cache with -XX:ReservedCodeCacheSize=
#   JVM is running with Unscaled Compressed Oops mode in which the Java heap is
#     placed in the first 4GB address space. The Java Heap base address is the
#     maximum limit for the native heap growth. Please use -XX:HeapBaseMinAddress
#     to set the Java Heap base and to place the Java Heap above 4GB virtual address.
# This output file may be truncated or incomplete.
#
#  Out of Memory Error (arena.cpp:189), pid=18380, tid=25672
#
# JRE version: OpenJDK Runtime Environment JBR-17.0.8.1+7-1059.3-nomod (17.0.8.1+7) (build 17.0.8.1+7-b1059.3)
# Java VM: OpenJDK 64-Bit Server VM JBR-17.0.8.1+7-1059.3-nomod (17.0.8.1+7-b1059.3, mixed mode, tiered, compressed oops, compressed class ptrs, g1 gc, windows-amd64)
# No core dump will be written. Minidumps are not enabled by default on client versions of Windows
#

---------------  S U M M A R Y ------------

Command Line: -Dmaven.multiModuleProjectDirectory=D:\version_final_projet\ProjetPDEV3A8-Smart-City-Codemasters -Djansi.passthrough=true -Dmaven.home=C:\Program Files\JetBrains\IntelliJ IDEA 2023.2.1\plugins\maven\lib\maven3 -Dclassworlds.conf=C:\Program Files\JetBrains\IntelliJ IDEA 2023.2.1\plugins\maven\lib\maven3\bin\m2.conf -Dmaven.ext.class.path=C:\Program Files\JetBrains\IntelliJ IDEA 2023.2.1\plugins\maven\lib\maven-event-listener.jar -javaagent:C:\Program Files\JetBrains\IntelliJ IDEA 2023.2.1\lib\idea_rt.jar=60322:C:\Program Files\JetBrains\IntelliJ IDEA 2023.2.1\bin -Dfile.encoding=UTF-8 org.codehaus.classworlds.Launcher -Didea.version=2023.2.1 org.openjfx:javafx-maven-plugin:0.0.8:run

Host: 12th Gen Intel(R) Core(TM) i7-12700H, 20 cores, 7G,  Windows 10 , 64 bit Build 19041 (10.0.19041.3636)
Time: Wed May 15 21:50:57 2024 Europe centrale elapsed time: 0.338286 seconds (0d 0h 0m 0s)

---------------  T H R E A D  ---------------

Current thread (0x000001b12d1ccfb0):  JavaThread "C2 CompilerThread1" daemon [_thread_in_native, id=25672, stack(0x0000000a88700000,0x0000000a88800000)]


Current CompileTask:
C2:    338  983   !   4       java.util.concurrent.ConcurrentHashMap::putVal (432 bytes)

Stack: [0x0000000a88700000,0x0000000a88800000]
Native frames: (J=compiled Java code, j=interpreted, Vv=VM code, C=native code)
V  [jvm.dll+0x6852da]


---------------  P R O C E S S  ---------------

Threads class SMR info:
_java_thread_list=0x000001b12d91a330, length=17, elements={
0x000001b10dc8e5a0, 0x000001b12d034260, 0x000001b12d034ee0, 0x000001b128b4d930,
0x000001b128b4e2f0, 0x000001b12d053010, 0x000001b12d0538e0, 0x000001b12d0564f0,
0x000001b12d056fa0, 0x000001b12d0599b0, 0x000001b12d167ca0, 0x000001b12d1ac290,
0x000001b12d21e160, 0x000001b12d1ccfb0, 0x000001b12d2b4d70, 0x000001b12d31e810,
0x000001b12d6f7820
}

Java Threads: ( => current thread )
  0x000001b10dc8e5a0 JavaThread "main" [_thread_in_vm, id=20384, stack(0x0000000a87400000,0x0000000a87500000)]
  0x000001b12d034260 JavaThread "Reference Handler" daemon [_thread_blocked, id=18912, stack(0x0000000a87b00000,0x0000000a87c00000)]
  0x000001b12d034ee0 JavaThread "Finalizer" daemon [_thread_blocked, id=38280, stack(0x0000000a87c00000,0x0000000a87d00000)]
  0x000001b128b4d930 JavaThread "Signal Dispatcher" daemon [_thread_blocked, id=21652, stack(0x0000000a87d00000,0x0000000a87e00000)]
  0x000001b128b4e2f0 JavaThread "Attach Listener" daemon [_thread_blocked, id=11844, stack(0x0000000a87e00000,0x0000000a87f00000)]
  0x000001b12d053010 JavaThread "Service Thread" daemon [_thread_blocked, id=37008, stack(0x0000000a87f00000,0x0000000a88000000)]
  0x000001b12d0538e0 JavaThread "Monitor Deflation Thread" daemon [_thread_blocked, id=10500, stack(0x0000000a88000000,0x0000000a88100000)]
  0x000001b12d0564f0 JavaThread "C2 CompilerThread0" daemon [_thread_blocked, id=32808, stack(0x0000000a88100000,0x0000000a88200000)]
  0x000001b12d056fa0 JavaThread "C1 CompilerThread0" daemon [_thread_blocked, id=10680, stack(0x0000000a88200000,0x0000000a88300000)]
  0x000001b12d0599b0 JavaThread "Sweeper thread" daemon [_thread_blocked, id=25400, stack(0x0000000a88300000,0x0000000a88400000)]
  0x000001b12d167ca0 JavaThread "Common-Cleaner" daemon [_thread_blocked, id=38108, stack(0x0000000a88400000,0x0000000a88500000)]
  0x000001b12d1ac290 JavaThread "C1 CompilerThread1" daemon [_thread_blocked, id=2252, stack(0x0000000a88500000,0x0000000a88600000)]
  0x000001b12d21e160 JavaThread "C1 CompilerThread2" daemon [_thread_blocked, id=2304, stack(0x0000000a88600000,0x0000000a88700000)]
=>0x000001b12d1ccfb0 JavaThread "C2 CompilerThread1" daemon [_thread_in_native, id=25672, stack(0x0000000a88700000,0x0000000a88800000)]
  0x000001b12d2b4d70 JavaThread "Monitor Ctrl-Break" daemon [_thread_in_native, id=28680, stack(0x0000000a88800000,0x0000000a88900000)]
  0x000001b12d31e810 JavaThread "Notification Thread" daemon [_thread_blocked, id=27360, stack(0x0000000a88900000,0x0000000a88a00000)]
  0x000001b12d6f7820 JavaThread "C1 CompilerThread3" daemon [_thread_blocked, id=11292, stack(0x0000000a88b00000,0x0000000a88c00000)]

Other Threads:
  0x000001b12d020cd0 VMThread "VM Thread" [stack: 0x0000000a87a00000,0x0000000a87b00000] [id=28588]
  0x000001b10dd31770 WatcherThread [stack: 0x0000000a88a00000,0x0000000a88b00000] [id=4340]
  0x000001b10dce7d40 GCTaskThread "GC Thread#0" [stack: 0x0000000a87500000,0x0000000a87600000] [id=16056]
  0x000001b10dcfa2e0 ConcurrentGCThread "G1 Main Marker" [stack: 0x0000000a87600000,0x0000000a87700000] [id=11572]
  0x000001b10dcfacf0 ConcurrentGCThread "G1 Conc#0" [stack: 0x0000000a87700000,0x0000000a87800000] [id=8036]
  0x000001b128996130 ConcurrentGCThread "G1 Refine#0" [stack: 0x0000000a87800000,0x0000000a87900000] [id=17004]
  0x000001b128996a70 ConcurrentGCThread "G1 Service" [stack: 0x0000000a87900000,0x0000000a87a00000] [id=30360]

Threads with active compile tasks:
C2 CompilerThread1      342  983   !   4       java.util.concurrent.ConcurrentHashMap::putVal (432 bytes)

VM state: not at safepoint (normal execution)

VM Mutex/Monitor currently owned by a thread:  ([mutex/lock_event])
[0x000001b10dc86730] Metaspace_lock - owner thread: 0x000001b10dc8e5a0

Heap address: 0x0000000084e00000, size: 1970 MB, Compressed Oops mode: 32-bit

CDS archive(s) not mapped
Compressed class space mapped at: 0x0000000100000000-0x0000000140000000, reserved size: 1073741824
Narrow klass base: 0x0000000000000000, Narrow klass shift: 3, Narrow klass range: 0x140000000

GC Precious Log:
 CPUs: 20 total, 20 available
 Memory: 7876M
 Large Page Support: Disabled
 NUMA Support: Disabled
 Compressed Oops: Enabled (32-bit)
 Heap Region Size: 1M
 Heap Min Capacity: 8M
 Heap Initial Capacity: 124M
 Heap Max Capacity: 1970M
 Pre-touch: Disabled
 Parallel Workers: 15
 Concurrent Workers: 4
 Concurrent Refinement Workers: 15
 Periodic GC: Disabled

Heap:
 garbage-first heap   total 126976K, used 15360K [0x0000000084e00000, 0x0000000100000000)
  region size 1024K, 17 young (17408K), 0 survivors (0K)
 Metaspace       used 13483K, committed 13632K, reserved 1114112K
  class space    used 1337K, committed 1408K, reserved 1048576K

Heap Regions: E=young(eden), S=young(survivor), O=old, HS=humongous(starts), HC=humongous(continues), CS=collection set, F=free, OA=open archive, CA=closed archive, TAMS=top-at-mark-start (previous, next)
|   0|0x0000000084e00000, 0x0000000084e00000, 0x0000000084f00000|  0%| F|  |TAMS 0x0000000084e00000, 0x0000000084e00000| Untracked 
|   1|0x0000000084f00000, 0x0000000084f00000, 0x0000000085000000|  0%| F|  |TAMS 0x0000000084f00000, 0x0000000084f00000| Untracked 
|   2|0x0000000085000000, 0x0000000085000000, 0x0000000085100000|  0%| F|  |TAMS 0x0000000085000000, 0x0000000085000000| Untracked 
|   3|0x0000000085100000, 0x0000000085100000, 0x0000000085200000|  0%| F|  |TAMS 0x0000000085100000, 0x0000000085100000| Untracked 
|   4|0x0000000085200000, 0x0000000085200000, 0x0000000085300000|  0%| F|  |TAMS 0x0000000085200000, 0x0000000085200000| Untracked 
|   5|0x0000000085300000, 0x0000000085300000, 0x0000000085400000|  0%| F|  |TAMS 0x0000000085300000, 0x0000000085300000| Untracked 
|   6|0x0000000085400000, 0x0000000085400000, 0x0000000085500000|  0%| F|  |TAMS 0x0000000085400000, 0x0000000085400000| Untracked 
|   7|0x0000000085500000, 0x0000000085500000, 0x0000000085600000|  0%| F|  |TAMS 0x0000000085500000, 0x0000000085500000| Untracked 
|   8|0x0000000085600000, 0x0000000085600000, 0x0000000085700000|  0%| F|  |TAMS 0x0000000085600000, 0x0000000085600000| Untracked 
|   9|0x0000000085700000, 0x0000000085700000, 0x0000000085800000|  0%| F|  |TAMS 0x0000000085700000, 0x0000000085700000| Untracked 
|  10|0x0000000085800000, 0x0000000085800000, 0x0000000085900000|  0%| F|  |TAMS 0x0000000085800000, 0x0000000085800000| Untracked 
|  11|0x0000000085900000, 0x0000000085900000, 0x0000000085a00000|  0%| F|  |TAMS 0x0000000085900000, 0x0000000085900000| Untracked 
|  12|0x0000000085a00000, 0x0000000085a00000, 0x0000000085b00000|  0%| F|  |TAMS 0x0000000085a00000, 0x0000000085a00000| Untracked 
|  13|0x0000000085b00000, 0x0000000085b00000, 0x0000000085c00000|  0%| F|  |TAMS 0x0000000085b00000, 0x0000000085b00000| Untracked 
|  14|0x0000000085c00000, 0x0000000085c00000, 0x0000000085d00000|  0%| F|  |TAMS 0x0000000085c00000, 0x0000000085c00000| Untracked 
|  15|0x0000000085d00000, 0x0000000085d00000, 0x0000000085e00000|  0%| F|  |TAMS 0x0000000085d00000, 0x0000000085d00000| Untracked 
|  16|0x0000000085e00000, 0x0000000085e00000, 0x0000000085f00000|  0%| F|  |TAMS 0x0000000085e00000, 0x0000000085e00000| Untracked 
|  17|0x0000000085f00000, 0x0000000085f00000, 0x0000000086000000|  0%| F|  |TAMS 0x0000000085f00000, 0x0000000085f00000| Untracked 
|  18|0x0000000086000000, 0x0000000086000000, 0x0000000086100000|  0%| F|  |TAMS 0x0000000086000000, 0x0000000086000000| Untracked 
|  19|0x0000000086100000, 0x0000000086100000, 0x0000000086200000|  0%| F|  |TAMS 0x0000000086100000, 0x0000000086100000| Untracked 
|  20|0x0000000086200000, 0x0000000086200000, 0x0000000086300000|  0%| F|  |TAMS 0x0000000086200000, 0x0000000086200000| Untracked 
|  21|0x0000000086300000, 0x0000000086300000, 0x0000000086400000|  0%| F|  |TAMS 0x0000000086300000, 0x0000000086300000| Untracked 
|  22|0x0000000086400000, 0x0000000086400000, 0x0000000086500000|  0%| F|  |TAMS 0x0000000086400000, 0x0000000086400000| Untracked 
|  23|0x0000000086500000, 0x0000000086500000, 0x0000000086600000|  0%| F|  |TAMS 0x0000000086500000, 0x0000000086500000| Untracked 
|  24|0x0000000086600000, 0x0000000086600000, 0x0000000086700000|  0%| F|  |TAMS 0x0000000086600000, 0x0000000086600000| Untracked 
|  25|0x0000000086700000, 0x0000000086700000, 0x0000000086800000|  0%| F|  |TAMS 0x0000000086700000, 0x0000000086700000| Untracked 
|  26|0x0000000086800000, 0x0000000086800000, 0x0000000086900000|  0%| F|  |TAMS 0x0000000086800000, 0x0000000086800000| Untracked 
|  27|0x0000000086900000, 0x0000000086900000, 0x0000000086a00000|  0%| F|  |TAMS 0x0000000086900000, 0x0000000086900000| Untracked 
|  28|0x0000000086a00000, 0x0000000086a00000, 0x0000000086b00000|  0%| F|  |TAMS 0x0000000086a00000, 0x0000000086a00000| Untracked 
|  29|0x0000000086b00000, 0x0000000086b00000, 0x0000000086c00000|  0%| F|  |TAMS 0x0000000086b00000, 0x0000000086b00000| Untracked 
|  30|0x0000000086c00000, 0x0000000086c00000, 0x0000000086d00000|  0%| F|  |TAMS 0x0000000086c00000, 0x0000000086c00000| Untracked 
|  31|0x0000000086d00000, 0x0000000086d00000, 0x0000000086e00000|  0%| F|  |TAMS 0x0000000086d00000, 0x0000000086d00000| Untracked 
|  32|0x0000000086e00000, 0x0000000086e00000, 0x0000000086f00000|  0%| F|  |TAMS 0x0000000086e00000, 0x0000000086e00000| Untracked 
|  33|0x0000000086f00000, 0x0000000086f00000, 0x0000000087000000|  0%| F|  |TAMS 0x0000000086f00000, 0x0000000086f00000| Untracked 
|  34|0x0000000087000000, 0x0000000087000000, 0x0000000087100000|  0%| F|  |TAMS 0x0000000087000000, 0x0000000087000000| Untracked 
|  35|0x0000000087100000, 0x0000000087100000, 0x0000000087200000|  0%| F|  |TAMS 0x0000000087100000, 0x0000000087100000| Untracked 
|  36|0x0000000087200000, 0x0000000087200000, 0x0000000087300000|  0%| F|  |TAMS 0x0000000087200000, 0x0000000087200000| Untracked 
|  37|0x0000000087300000, 0x0000000087300000, 0x0000000087400000|  0%| F|  |TAMS 0x0000000087300000, 0x0000000087300000| Untracked 
|  38|0x0000000087400000, 0x0000000087400000, 0x0000000087500000|  0%| F|  |TAMS 0x0000000087400000, 0x0000000087400000| Untracked 
|  39|0x0000000087500000, 0x0000000087500000, 0x0000000087600000|  0%| F|  |TAMS 0x0000000087500000, 0x0000000087500000| Untracked 
|  40|0x0000000087600000, 0x0000000087600000, 0x0000000087700000|  0%| F|  |TAMS 0x0000000087600000, 0x0000000087600000| Untracked 
|  41|0x0000000087700000, 0x0000000087700000, 0x0000000087800000|  0%| F|  |TAMS 0x0000000087700000, 0x0000000087700000| Untracked 
|  42|0x0000000087800000, 0x0000000087800000, 0x0000000087900000|  0%| F|  |TAMS 0x0000000087800000, 0x0000000087800000| Untracked 
|  43|0x0000000087900000, 0x0000000087900000, 0x0000000087a00000|  0%| F|  |TAMS 0x0000000087900000, 0x0000000087900000| Untracked 
|  44|0x0000000087a00000, 0x0000000087a00000, 0x0000000087b00000|  0%| F|  |TAMS 0x0000000087a00000, 0x0000000087a00000| Untracked 
|  45|0x0000000087b00000, 0x0000000087b00000, 0x0000000087c00000|  0%| F|  |TAMS 0x0000000087b00000, 0x0000000087b00000| Untracked 
|  46|0x0000000087c00000, 0x0000000087c00000, 0x0000000087d00000|  0%| F|  |TAMS 0x0000000087c00000, 0x0000000087c00000| Untracked 
|  47|0x0000000087d00000, 0x0000000087d00000, 0x0000000087e00000|  0%| F|  |TAMS 0x0000000087d00000, 0x0000000087d00000| Untracked 
|  48|0x0000000087e00000, 0x0000000087e00000, 0x0000000087f00000|  0%| F|  |TAMS 0x0000000087e00000, 0x0000000087e00000| Untracked 
|  49|0x0000000087f00000, 0x0000000087f00000, 0x0000000088000000|  0%| F|  |TAMS 0x0000000087f00000, 0x0000000087f00000| Untracked 
|  50|0x0000000088000000, 0x0000000088000000, 0x0000000088100000|  0%| F|  |TAMS 0x0000000088000000, 0x0000000088000000| Untracked 
|  51|0x0000000088100000, 0x0000000088100000, 0x0000000088200000|  0%| F|  |TAMS 0x0000000088100000, 0x0000000088100000| Untracked 
|  52|0x0000000088200000, 0x0000000088200000, 0x0000000088300000|  0%| F|  |TAMS 0x0000000088200000, 0x0000000088200000| Untracked 
|  53|0x0000000088300000, 0x0000000088300000, 0x0000000088400000|  0%| F|  |TAMS 0x0000000088300000, 0x0000000088300000| Untracked 
|  54|0x0000000088400000, 0x0000000088400000, 0x0000000088500000|  0%| F|  |TAMS 0x0000000088400000, 0x0000000088400000| Untracked 
|  55|0x0000000088500000, 0x0000000088500000, 0x0000000088600000|  0%| F|  |TAMS 0x0000000088500000, 0x0000000088500000| Untracked 
|  56|0x0000000088600000, 0x0000000088600000, 0x0000000088700000|  0%| F|  |TAMS 0x0000000088600000, 0x0000000088600000| Untracked 
|  57|0x0000000088700000, 0x0000000088700000, 0x0000000088800000|  0%| F|  |TAMS 0x0000000088700000, 0x0000000088700000| Untracked 
|  58|0x0000000088800000, 0x0000000088800000, 0x0000000088900000|  0%| F|  |TAMS 0x0000000088800000, 0x0000000088800000| Untracked 
|  59|0x0000000088900000, 0x0000000088900000, 0x0000000088a00000|  0%| F|  |TAMS 0x0000000088900000, 0x0000000088900000| Untracked 
|  60|0x0000000088a00000, 0x0000000088a00000, 0x0000000088b00000|  0%| F|  |TAMS 0x0000000088a00000, 0x0000000088a00000| Untracked 
|  61|0x0000000088b00000, 0x0000000088b00000, 0x0000000088c00000|  0%| F|  |TAMS 0x0000000088b00000, 0x0000000088b00000| Untracked 
|  62|0x0000000088c00000, 0x0000000088c00000, 0x0000000088d00000|  0%| F|  |TAMS 0x0000000088c00000, 0x0000000088c00000| Untracked 
|  63|0x0000000088d00000, 0x0000000088d00000, 0x0000000088e00000|  0%| F|  |TAMS 0x0000000088d00000, 0x0000000088d00000| Untracked 
|  64|0x0000000088e00000, 0x0000000088e00000, 0x0000000088f00000|  0%| F|  |TAMS 0x0000000088e00000, 0x0000000088e00000| Untracked 
|  65|0x0000000088f00000, 0x0000000088f00000, 0x0000000089000000|  0%| F|  |TAMS 0x0000000088f00000, 0x0000000088f00000| Untracked 
|  66|0x0000000089000000, 0x0000000089000000, 0x0000000089100000|  0%| F|  |TAMS 0x0000000089000000, 0x0000000089000000| Untracked 
|  67|0x0000000089100000, 0x0000000089100000, 0x0000000089200000|  0%| F|  |TAMS 0x0000000089100000, 0x0000000089100000| Untracked 
|  68|0x0000000089200000, 0x0000000089200000, 0x0000000089300000|  0%| F|  |TAMS 0x0000000089200000, 0x0000000089200000| Untracked 
|  69|0x0000000089300000, 0x0000000089300000, 0x0000000089400000|  0%| F|  |TAMS 0x0000000089300000, 0x0000000089300000| Untracked 
|  70|0x0000000089400000, 0x0000000089400000, 0x0000000089500000|  0%| F|  |TAMS 0x0000000089400000, 0x0000000089400000| Untracked 
|  71|0x0000000089500000, 0x0000000089500000, 0x0000000089600000|  0%| F|  |TAMS 0x0000000089500000, 0x0000000089500000| Untracked 
|  72|0x0000000089600000, 0x0000000089600000, 0x0000000089700000|  0%| F|  |TAMS 0x0000000089600000, 0x0000000089600000| Untracked 
|  73|0x0000000089700000, 0x0000000089700000, 0x0000000089800000|  0%| F|  |TAMS 0x0000000089700000, 0x0000000089700000| Untracked 
|  74|0x0000000089800000, 0x0000000089800000, 0x0000000089900000|  0%| F|  |TAMS 0x0000000089800000, 0x0000000089800000| Untracked 
|  75|0x0000000089900000, 0x0000000089900000, 0x0000000089a00000|  0%| F|  |TAMS 0x0000000089900000, 0x0000000089900000| Untracked 
|  76|0x0000000089a00000, 0x0000000089a00000, 0x0000000089b00000|  0%| F|  |TAMS 0x0000000089a00000, 0x0000000089a00000| Untracked 
|  77|0x0000000089b00000, 0x0000000089b00000, 0x0000000089c00000|  0%| F|  |TAMS 0x0000000089b00000, 0x0000000089b00000| Untracked 
|  78|0x0000000089c00000, 0x0000000089c00000, 0x0000000089d00000|  0%| F|  |TAMS 0x0000000089c00000, 0x0000000089c00000| Untracked 
|  79|0x0000000089d00000, 0x0000000089d00000, 0x0000000089e00000|  0%| F|  |TAMS 0x0000000089d00000, 0x0000000089d00000| Untracked 
|  80|0x0000000089e00000, 0x0000000089e00000, 0x0000000089f00000|  0%| F|  |TAMS 0x0000000089e00000, 0x0000000089e00000| Untracked 
|  81|0x0000000089f00000, 0x0000000089f00000, 0x000000008a000000|  0%| F|  |TAMS 0x0000000089f00000, 0x0000000089f00000| Untracked 
|  82|0x000000008a000000, 0x000000008a000000, 0x000000008a100000|  0%| F|  |TAMS 0x000000008a000000, 0x000000008a000000| Untracked 
|  83|0x000000008a100000, 0x000000008a100000, 0x000000008a200000|  0%| F|  |TAMS 0x000000008a100000, 0x000000008a100000| Untracked 
|  84|0x000000008a200000, 0x000000008a200000, 0x000000008a300000|  0%| F|  |TAMS 0x000000008a200000, 0x000000008a200000| Untracked 
|  85|0x000000008a300000, 0x000000008a300000, 0x000000008a400000|  0%| F|  |TAMS 0x000000008a300000, 0x000000008a300000| Untracked 
|  86|0x000000008a400000, 0x000000008a400000, 0x000000008a500000|  0%| F|  |TAMS 0x000000008a400000, 0x000000008a400000| Untracked 
|  87|0x000000008a500000, 0x000000008a500000, 0x000000008a600000|  0%| F|  |TAMS 0x000000008a500000, 0x000000008a500000| Untracked 
|  88|0x000000008a600000, 0x000000008a600000, 0x000000008a700000|  0%| F|  |TAMS 0x000000008a600000, 0x000000008a600000| Untracked 
|  89|0x000000008a700000, 0x000000008a700000, 0x000000008a800000|  0%| F|  |TAMS 0x000000008a700000, 0x000000008a700000| Untracked 
|  90|0x000000008a800000, 0x000000008a800000, 0x000000008a900000|  0%| F|  |TAMS 0x000000008a800000, 0x000000008a800000| Untracked 
|  91|0x000000008a900000, 0x000000008a900000, 0x000000008aa00000|  0%| F|  |TAMS 0x000000008a900000, 0x000000008a900000| Untracked 
|  92|0x000000008aa00000, 0x000000008aa00000, 0x000000008ab00000|  0%| F|  |TAMS 0x000000008aa00000, 0x000000008aa00000| Untracked 
|  93|0x000000008ab00000, 0x000000008ab00000, 0x000000008ac00000|  0%| F|  |TAMS 0x000000008ab00000, 0x000000008ab00000| Untracked 
|  94|0x000000008ac00000, 0x000000008ac00000, 0x000000008ad00000|  0%| F|  |TAMS 0x000000008ac00000, 0x000000008ac00000| Untracked 
|  95|0x000000008ad00000, 0x000000008ad00000, 0x000000008ae00000|  0%| F|  |TAMS 0x000000008ad00000, 0x000000008ad00000| Untracked 
|  96|0x000000008ae00000, 0x000000008ae00000, 0x000000008af00000|  0%| F|  |TAMS 0x000000008ae00000, 0x000000008ae00000| Untracked 
|  97|0x000000008af00000, 0x000000008af00000, 0x000000008b000000|  0%| F|  |TAMS 0x000000008af00000, 0x000000008af00000| Untracked 
|  98|0x000000008b000000, 0x000000008b000000, 0x000000008b100000|  0%| F|  |TAMS 0x000000008b000000, 0x000000008b000000| Untracked 
|  99|0x000000008b100000, 0x000000008b100000, 0x000000008b200000|  0%| F|  |TAMS 0x000000008b100000, 0x000000008b100000| Untracked 
| 100|0x000000008b200000, 0x000000008b200000, 0x000000008b300000|  0%| F|  |TAMS 0x000000008b200000, 0x000000008b200000| Untracked 
| 101|0x000000008b300000, 0x000000008b300000, 0x000000008b400000|  0%| F|  |TAMS 0x000000008b300000, 0x000000008b300000| Untracked 
| 102|0x000000008b400000, 0x000000008b400000, 0x000000008b500000|  0%| F|  |TAMS 0x000000008b400000, 0x000000008b400000| Untracked 
| 103|0x000000008b500000, 0x000000008b500000, 0x000000008b600000|  0%| F|  |TAMS 0x000000008b500000, 0x000000008b500000| Untracked 
| 104|0x000000008b600000, 0x000000008b600000, 0x000000008b700000|  0%| F|  |TAMS 0x000000008b600000, 0x000000008b600000| Untracked 
| 105|0x000000008b700000, 0x000000008b700000, 0x000000008b800000|  0%| F|  |TAMS 0x000000008b700000, 0x000000008b700000| Untracked 
| 106|0x000000008b800000, 0x000000008b800000, 0x000000008b900000|  0%| F|  |TAMS 0x000000008b800000, 0x000000008b800000| Untracked 
| 107|0x000000008b900000, 0x000000008b9f15e8, 0x000000008ba00000| 94%| E|  |TAMS 0x000000008b900000, 0x000000008b900000| Complete 
| 108|0x000000008ba00000, 0x000000008bb00000, 0x000000008bb00000|100%| E|CS|TAMS 0x000000008ba00000, 0x000000008ba00000| Complete 
| 109|0x000000008bb00000, 0x000000008bc00000, 0x000000008bc00000|100%| E|  |TAMS 0x000000008bb00000, 0x000000008bb00000| Complete 
| 110|0x000000008bc00000, 0x000000008bd00000, 0x000000008bd00000|100%| E|CS|TAMS 0x000000008bc00000, 0x000000008bc00000| Complete 
| 111|0x000000008bd00000, 0x000000008be00000, 0x000000008be00000|100%| E|CS|TAMS 0x000000008bd00000, 0x000000008bd00000| Complete 
| 112|0x000000008be00000, 0x000000008bf00000, 0x000000008bf00000|100%| E|CS|TAMS 0x000000008be00000, 0x000000008be00000| Complete 
| 113|0x000000008bf00000, 0x000000008c000000, 0x000000008c000000|100%| E|CS|TAMS 0x000000008bf00000, 0x000000008bf00000| Complete 
| 114|0x000000008c000000, 0x000000008c100000, 0x000000008c100000|100%| E|CS|TAMS 0x000000008c000000, 0x000000008c000000| Complete 
| 115|0x000000008c100000, 0x000000008c200000, 0x000000008c200000|100%| E|CS|TAMS 0x000000008c100000, 0x000000008c100000| Complete 
| 116|0x000000008c200000, 0x000000008c300000, 0x000000008c300000|100%| E|CS|TAMS 0x000000008c200000, 0x000000008c200000| Complete 
| 117|0x000000008c300000, 0x000000008c400000, 0x000000008c400000|100%| E|CS|TAMS 0x000000008c300000, 0x000000008c300000| Complete 
| 118|0x000000008c400000, 0x000000008c500000, 0x000000008c500000|100%| E|CS|TAMS 0x000000008c400000, 0x000000008c400000| Complete 
| 119|0x000000008c500000, 0x000000008c600000, 0x000000008c600000|100%| E|CS|TAMS 0x000000008c500000, 0x000000008c500000| Complete 
| 120|0x000000008c600000, 0x000000008c700000, 0x000000008c700000|100%| E|CS|TAMS 0x000000008c600000, 0x000000008c600000| Complete 
| 121|0x000000008c700000, 0x000000008c800000, 0x000000008c800000|100%| E|CS|TAMS 0x000000008c700000, 0x000000008c700000| Complete 
| 122|0x000000008c800000, 0x000000008c900000, 0x000000008c900000|100%| E|CS|TAMS 0x000000008c800000, 0x000000008c800000| Complete 
| 123|0x000000008c900000, 0x000000008ca00000, 0x000000008ca00000|100%| E|CS|TAMS 0x000000008c900000, 0x000000008c900000| Complete 

Card table byte_map: [0x000001b1212e0000,0x000001b1216c0000] _byte_map_base: 0x000001b120eb9000

Marking Bits (Prev, Next): (CMBitMap*) 0x000001b10dce8360, (CMBitMap*) 0x000001b10dce83a0
 Prev Bits: [0x000001b121aa0000, 0x000001b123968000)
 Next Bits: [0x000001b123970000, 0x000001b125838000)

Polling page: 0x000001b10b810000

Metaspace:

Usage:
  Non-class:     11.86 MB used.
      Class:      1.31 MB used.
       Both:     13.17 MB used.

Virtual space:
  Non-class space:       64.00 MB reserved,      11.94 MB ( 19%) committed,  1 nodes.
      Class space:        1.00 GB reserved,       1.38 MB ( <1%) committed,  1 nodes.
             Both:        1.06 GB reserved,      13.31 MB (  1%) committed. 

Chunk freelists:
   Non-Class:  3.80 MB
       Class:  14.51 MB
        Both:  18.30 MB

MaxMetaspaceSize: unlimited
CompressedClassSpaceSize: 1.00 GB
Initial GC threshold: 21.00 MB
Current GC threshold: 21.00 MB
CDS: off
MetaspaceReclaimPolicy: balanced
 - commit_granule_bytes: 65536.
 - commit_granule_words: 8192.
 - virtual_space_node_default_size: 8388608.
 - enlarge_chunks_in_place: 1.
 - new_chunks_are_fully_committed: 0.
 - uncommit_free_chunks: 1.
 - use_allocation_guard: 0.
 - handle_deallocations: 1.


Internal statistics:

num_allocs_failed_limit: 0.
num_arena_births: 36.
num_arena_deaths: 0.
num_vsnodes_births: 2.
num_vsnodes_deaths: 0.
num_space_committed: 213.
num_space_uncommitted: 0.
num_chunks_returned_to_freelist: 0.
num_chunks_taken_from_freelist: 201.
num_chunk_merges: 0.
num_chunk_splits: 121.
num_chunks_enlarged: 89.
num_inconsistent_stats: 0.

CodeHeap 'non-profiled nmethods': size=119168Kb used=299Kb max_used=299Kb free=118869Kb
 bounds [0x000001b119000000, 0x000001b119270000, 0x000001b120460000]
CodeHeap 'profiled nmethods': size=119104Kb used=1958Kb max_used=1958Kb free=117146Kb
 bounds [0x000001b111460000, 0x000001b1116d0000, 0x000001b1188b0000]
CodeHeap 'non-nmethods': size=7488Kb used=2846Kb max_used=2878Kb free=4642Kb
 bounds [0x000001b1188b0000, 0x000001b118b80000, 0x000001b119000000]
 total_blobs=1451 nmethods=1000 adapters=361
 compilation: enabled
              stopped_count=0, restarted_count=0
 full_count=0

Compilation events (20 events):
Event: 0.331 Thread 0x000001b12d6f7820  978       1       jdk.internal.org.objectweb.asm.MethodWriter::hasAsmInstructions (5 bytes)
Event: 0.331 Thread 0x000001b12d21e160  979       3       jdk.internal.org.objectweb.asm.Handler::getExceptionTableSize (10 bytes)
Event: 0.331 Thread 0x000001b12d6f7820 nmethod 978 0x000001b119049410 code [0x000001b1190495a0, 0x000001b119049678]
Event: 0.331 Thread 0x000001b12d21e160 nmethod 979 0x000001b111640110 code [0x000001b1116402c0, 0x000001b1116404b8]
Event: 0.331 Thread 0x000001b12d056fa0 nmethod 977 0x000001b111640610 code [0x000001b111640860, 0x000001b111641208]
Event: 0.331 Thread 0x000001b12d056fa0  980   !   3       java.lang.invoke.MemberName$Factory::resolve (159 bytes)
Event: 0.332 Thread 0x000001b12d056fa0 nmethod 980 0x000001b111641490 code [0x000001b1116416c0, 0x000001b111641d88]
Event: 0.333 Thread 0x000001b12d1ccfb0  983   !   4       java.util.concurrent.ConcurrentHashMap::putVal (432 bytes)
Event: 0.336 Thread 0x000001b12d21e160  984       3       java.lang.Number::<init> (5 bytes)
Event: 0.337 Thread 0x000001b12d21e160 nmethod 984 0x000001b111642090 code [0x000001b111642220, 0x000001b111642378]
Event: 0.337 Thread 0x000001b12d056fa0  985       3       java.lang.invoke.MethodHandles$Lookup::<init> (84 bytes)
Event: 0.337 Thread 0x000001b12d056fa0 nmethod 985 0x000001b111642410 code [0x000001b1116425c0, 0x000001b1116427f8]
Event: 0.337 Thread 0x000001b12d056fa0  988       3       java.lang.invoke.MethodHandle::<init> (37 bytes)
Event: 0.337 Thread 0x000001b12d6f7820  989       3       java.lang.invoke.LambdaForm::prepare (112 bytes)
Event: 0.337 Thread 0x000001b12d056fa0 nmethod 988 0x000001b111642890 code [0x000001b111642aa0, 0x000001b111643018]
Event: 0.337 Thread 0x000001b12d1ac290  990       3       jdk.internal.org.objectweb.asm.AnnotationWriter::putAnnotations (67 bytes)
Event: 0.337 Thread 0x000001b12d056fa0  991       3       jdk.internal.org.objectweb.asm.ByteVector::<init> (13 bytes)
Event: 0.337 Thread 0x000001b12d056fa0 nmethod 991 0x000001b111643290 code [0x000001b111643440, 0x000001b111643698]
Event: 0.337 Thread 0x000001b12d6f7820 nmethod 989 0x000001b111643790 code [0x000001b1116439c0, 0x000001b1116441f8]
Event: 0.337 Thread 0x000001b12d6f7820  992       3       jdk.internal.org.objectweb.asm.ByteVector::putByteArray (49 bytes)

GC Heap History (0 events):
No events

Dll operation events (4 events):
Event: 0.003 Loaded shared library C:\Users\Ferdaws\.jdks\jbr-17.0.8.1\bin\java.dll
Event: 0.018 Loaded shared library C:\Users\Ferdaws\.jdks\jbr-17.0.8.1\bin\jsvml.dll
Event: 0.073 Loaded shared library C:\Users\Ferdaws\.jdks\jbr-17.0.8.1\bin\zip.dll
Event: 0.172 Loaded shared library C:\Users\Ferdaws\.jdks\jbr-17.0.8.1\bin\verify.dll

Deoptimization events (20 events):
Event: 0.199 Thread 0x000001b10dc8e5a0 DEOPT PACKING pc=0x000001b11900d688 sp=0x0000000a874fe540
Event: 0.199 Thread 0x000001b10dc8e5a0 DEOPT UNPACKING pc=0x000001b1189069a3 sp=0x0000000a874fe4f0 mode 2
Event: 0.201 Thread 0x000001b10dc8e5a0 DEOPT PACKING pc=0x000001b1114d3ce5 sp=0x0000000a874fd090
Event: 0.201 Thread 0x000001b10dc8e5a0 DEOPT UNPACKING pc=0x000001b118907143 sp=0x0000000a874fc4e0 mode 0
Event: 0.203 Thread 0x000001b10dc8e5a0 Uncommon trap: trap_request=0xffffffde fr.pc=0x000001b11900d688 relative=0x0000000000000428
Event: 0.203 Thread 0x000001b10dc8e5a0 Uncommon trap: reason=class_check action=maybe_recompile pc=0x000001b11900d688 method=java.util.HashMap.putVal(ILjava/lang/Object;Ljava/lang/Object;ZZ)Ljava/lang/Object; @ 253 c2
Event: 0.203 Thread 0x000001b10dc8e5a0 DEOPT PACKING pc=0x000001b11900d688 sp=0x0000000a874fe6e0
Event: 0.203 Thread 0x000001b10dc8e5a0 DEOPT UNPACKING pc=0x000001b1189069a3 sp=0x0000000a874fe690 mode 2
Event: 0.239 Thread 0x000001b10dc8e5a0 Uncommon trap: trap_request=0xffffff45 fr.pc=0x000001b119023014 relative=0x0000000000000094
Event: 0.239 Thread 0x000001b10dc8e5a0 Uncommon trap: reason=unstable_if action=reinterpret pc=0x000001b119023014 method=jdk.internal.misc.Unsafe.getLongUnaligned(Ljava/lang/Object;J)J @ 7 c2
Event: 0.239 Thread 0x000001b10dc8e5a0 DEOPT PACKING pc=0x000001b119023014 sp=0x0000000a874fc820
Event: 0.239 Thread 0x000001b10dc8e5a0 DEOPT UNPACKING pc=0x000001b1189069a3 sp=0x0000000a874fc7d0 mode 2
Event: 0.258 Thread 0x000001b10dc8e5a0 Uncommon trap: trap_request=0xffffff45 fr.pc=0x000001b119015da4 relative=0x0000000000000404
Event: 0.258 Thread 0x000001b10dc8e5a0 Uncommon trap: reason=unstable_if action=reinterpret pc=0x000001b119015da4 method=java.lang.StringLatin1.canEncode(I)Z @ 4 c2
Event: 0.258 Thread 0x000001b10dc8e5a0 DEOPT PACKING pc=0x000001b119015da4 sp=0x0000000a874fdec0
Event: 0.258 Thread 0x000001b10dc8e5a0 DEOPT UNPACKING pc=0x000001b1189069a3 sp=0x0000000a874fdde8 mode 2
Event: 0.258 Thread 0x000001b10dc8e5a0 Uncommon trap: trap_request=0xffffff45 fr.pc=0x000001b119016b90 relative=0x00000000000003f0
Event: 0.258 Thread 0x000001b10dc8e5a0 Uncommon trap: reason=unstable_if action=reinterpret pc=0x000001b119016b90 method=java.lang.AbstractStringBuilder.isLatin1()Z @ 10 c2
Event: 0.258 Thread 0x000001b10dc8e5a0 DEOPT PACKING pc=0x000001b119016b90 sp=0x0000000a874fded0
Event: 0.258 Thread 0x000001b10dc8e5a0 DEOPT UNPACKING pc=0x000001b1189069a3 sp=0x0000000a874fde50 mode 2

Classes unloaded (0 events):
No events

Classes redefined (0 events):
No events

Internal exceptions (13 events):
Event: 0.095 Thread 0x000001b12d2b4d70 Exception <a 'java/lang/NoSuchMethodError'{0x000000008c7049c0}: 'java.lang.Object java.lang.invoke.DirectMethodHandle$Holder.invokeStaticInit(java.lang.Object)'> (0x000000008c7049c0) 
thrown [s\src\hotspot\share\interpreter\linkResolver.cpp, line 771]
Event: 0.098 Thread 0x000001b12d2b4d70 Exception <a 'java/lang/NoSuchMethodError'{0x000000008c711a78}: 'void java.lang.invoke.DirectMethodHandle$Holder.invokeStatic(java.lang.Object, java.lang.Object)'> (0x000000008c711a78) 
thrown [s\src\hotspot\share\interpreter\linkResolver.cpp, line 771]
Event: 0.104 Thread 0x000001b10dc8e5a0 Exception <a 'java/lang/NoSuchMethodError'{0x000000008c7d83c0}: 'int java.lang.invoke.DirectMethodHandle$Holder.invokeSpecial(java.lang.Object, java.lang.Object, java.lang.Object)'> (0x000000008c7d83c0) 
thrown [s\src\hotspot\share\interpreter\linkResolver.cpp, line 771]
Event: 0.135 Thread 0x000001b10dc8e5a0 Exception <a 'java/lang/NullPointerException'{0x000000008c43d828}> (0x000000008c43d828) 
thrown [s\src\hotspot\share\interpreter\linkResolver.cpp, line 1362]
Event: 0.172 Thread 0x000001b10dc8e5a0 Exception <a 'sun/nio/fs/WindowsException'{0x000000008c4ff9f0}> (0x000000008c4ff9f0) 
thrown [s\src\hotspot\share\prims\jni.cpp, line 517]
Event: 0.172 Thread 0x000001b10dc8e5a0 Exception <a 'sun/nio/fs/WindowsException'{0x000000008c300388}> (0x000000008c300388) 
thrown [s\src\hotspot\share\prims\jni.cpp, line 517]
Event: 0.172 Thread 0x000001b10dc8e5a0 Exception <a 'sun/nio/fs/WindowsException'{0x000000008c300ad0}> (0x000000008c300ad0) 
thrown [s\src\hotspot\share\prims\jni.cpp, line 517]
Event: 0.181 Thread 0x000001b10dc8e5a0 Exception <a 'java/lang/NoSuchMethodError'{0x000000008c37e858}: 'void java.lang.invoke.DirectMethodHandle$Holder.invokeStatic(java.lang.Object, java.lang.Object, java.lang.Object)'> (0x000000008c37e858) 
thrown [s\src\hotspot\share\interpreter\linkResolver.cpp, line 771]
Event: 0.186 Thread 0x000001b10dc8e5a0 Exception <a 'java/lang/NoSuchMethodError'{0x000000008c3dc010}: 'int java.lang.invoke.DirectMethodHandle$Holder.invokeStatic(java.lang.Object, java.lang.Object, int)'> (0x000000008c3dc010) 
thrown [s\src\hotspot\share\interpreter\linkResolver.cpp, line 771]
Event: 0.215 Thread 0x000001b10dc8e5a0 Exception <a 'java/lang/NoSuchMethodError'{0x000000008c158a90}: 'java.lang.Object java.lang.invoke.DirectMethodHandle$Holder.invokeSpecialIFC(java.lang.Object, java.lang.Object, java.lang.Object, java.lang.Object)'> (0x000000008c158a90) 
thrown [s\src\hotspot\share\interpreter\linkResolver.cpp, line 771]
Event: 0.315 Thread 0x000001b10dc8e5a0 Exception <a 'java/lang/NoSuchMethodError'{0x000000008bb4fd00}: 'void java.lang.invoke.DirectMethodHandle$Holder.invokeSpecial(java.lang.Object, java.lang.Object, java.lang.Object)'> (0x000000008bb4fd00) 
thrown [s\src\hotspot\share\interpreter\linkResolver.cpp, line 771]
Event: 0.330 Thread 0x000001b10dc8e5a0 Exception <a 'java/lang/NoSuchMethodError'{0x000000008baadf20}: 'java.lang.Object java.lang.invoke.DirectMethodHandle$Holder.invokeInterface(java.lang.Object, java.lang.Object)'> (0x000000008baadf20) 
thrown [s\src\hotspot\share\interpreter\linkResolver.cpp, line 771]
Event: 0.337 Thread 0x000001b10dc8e5a0 Exception <a 'java/lang/NoSuchMethodError'{0x000000008b9589d0}: 'java.lang.Object java.lang.invoke.Invokers$Holder.invokeExact_MT(java.lang.Object, java.lang.Object, java.lang.Object, java.lang.Object, java.lang.Object, java.lang.Object)'> (0x000000008b9589d0) 
thrown [s\src\hotspot\share\interpreter\linkResolver.cpp, line 771]

VM Operations (8 events):
Event: 0.065 Executing VM operation: HandshakeAllThreads
Event: 0.065 Executing VM operation: HandshakeAllThreads done
Event: 0.093 Executing VM operation: HandshakeAllThreads
Event: 0.093 Executing VM operation: HandshakeAllThreads done
Event: 0.134 Executing VM operation: HandshakeAllThreads
Event: 0.134 Executing VM operation: HandshakeAllThreads done
Event: 0.139 Executing VM operation: HandshakeAllThreads
Event: 0.139 Executing VM operation: HandshakeAllThreads done

Events (20 events):
Event: 0.330 loading class sun/reflect/generics/tree/Signature done
Event: 0.330 loading class sun/reflect/generics/tree/ClassSignature done
Event: 0.330 loading class sun/reflect/annotation/TypeAnnotation$TypeAnnotationTarget
Event: 0.330 loading class sun/reflect/annotation/TypeAnnotation$TypeAnnotationTarget done
Event: 0.330 loading class sun/reflect/annotation/TypeAnnotation$LocationInfo
Event: 0.330 loading class sun/reflect/annotation/TypeAnnotation$LocationInfo done
Event: 0.330 loading class sun/reflect/annotation/TypeAnnotation$LocationInfo$Location
Event: 0.330 loading class sun/reflect/annotation/TypeAnnotation$LocationInfo$Location done
Event: 0.330 loading class sun/reflect/annotation/AnnotatedTypeFactory
Event: 0.330 loading class sun/reflect/annotation/AnnotatedTypeFactory done
Event: 0.330 loading class sun/reflect/annotation/AnnotatedTypeFactory$AnnotatedTypeBaseImpl
Event: 0.330 loading class java/lang/reflect/AnnotatedType
Event: 0.330 loading class java/lang/reflect/AnnotatedType done
Event: 0.330 loading class sun/reflect/annotation/AnnotatedTypeFactory$AnnotatedTypeBaseImpl done
Event: 0.330 loading class java/util/stream/Streams$ConcatSpliterator$OfRef
Event: 0.330 loading class java/util/stream/Streams$ConcatSpliterator
Event: 0.330 loading class java/util/stream/Streams$ConcatSpliterator done
Event: 0.330 loading class java/util/stream/Streams$ConcatSpliterator$OfRef done
Event: 0.330 loading class java/util/stream/Streams$2
Event: 0.330 loading class java/util/stream/Streams$2 done


Dynamic libraries:
0x00007ff631360000 - 0x00007ff63136a000 	C:\Users\Ferdaws\.jdks\jbr-17.0.8.1\bin\java.exe
0x00007ffc78150000 - 0x00007ffc78348000 	C:\WINDOWS\SYSTEM32\ntdll.dll
0x00007ffc77460000 - 0x00007ffc7751d000 	C:\WINDOWS\System32\KERNEL32.DLL
0x00007ffc75a50000 - 0x00007ffc75d46000 	C:\WINDOWS\System32\KERNELBASE.dll
0x00007ffc75d50000 - 0x00007ffc75e50000 	C:\WINDOWS\System32\ucrtbase.dll
0x00007ffc63570000 - 0x00007ffc6358b000 	C:\Users\Ferdaws\.jdks\jbr-17.0.8.1\bin\VCRUNTIME140.dll
0x00007ffc63540000 - 0x00007ffc63557000 	C:\Users\Ferdaws\.jdks\jbr-17.0.8.1\bin\jli.dll
0x00007ffc77c50000 - 0x00007ffc77def000 	C:\WINDOWS\System32\USER32.dll
0x00007ffc5aea0000 - 0x00007ffc5b13a000 	C:\WINDOWS\WinSxS\amd64_microsoft.windows.common-controls_6595b64144ccf1df_6.0.19041.4355_none_60b8b9eb71f62e16\COMCTL32.dll
0x00007ffc75fa0000 - 0x00007ffc75fc2000 	C:\WINDOWS\System32\win32u.dll
0x00007ffc78000000 - 0x00007ffc7809e000 	C:\WINDOWS\System32\msvcrt.dll
0x00007ffc775f0000 - 0x00007ffc7761b000 	C:\WINDOWS\System32\GDI32.dll
0x00007ffc75930000 - 0x00007ffc75a47000 	C:\WINDOWS\System32\gdi32full.dll
0x00007ffc75e50000 - 0x00007ffc75eed000 	C:\WINDOWS\System32\msvcp_win.dll
0x00007ffc76740000 - 0x00007ffc76772000 	C:\WINDOWS\System32\IMM32.DLL
0x00007ffc6b160000 - 0x00007ffc6b16c000 	C:\Users\Ferdaws\.jdks\jbr-17.0.8.1\bin\vcruntime140_1.dll
0x00007ffc451e0000 - 0x00007ffc4526d000 	C:\Users\Ferdaws\.jdks\jbr-17.0.8.1\bin\msvcp140.dll
0x00007ffc2b900000 - 0x00007ffc2c583000 	C:\Users\Ferdaws\.jdks\jbr-17.0.8.1\bin\server\jvm.dll
0x00007ffc77650000 - 0x00007ffc77700000 	C:\WINDOWS\System32\ADVAPI32.dll
0x00007ffc77df0000 - 0x00007ffc77e90000 	C:\WINDOWS\System32\sechost.dll
0x00007ffc76ef0000 - 0x00007ffc77013000 	C:\WINDOWS\System32\RPCRT4.dll
0x00007ffc75870000 - 0x00007ffc75897000 	C:\WINDOWS\System32\bcrypt.dll
0x00007ffc56360000 - 0x00007ffc56369000 	C:\WINDOWS\SYSTEM32\WSOCK32.dll
0x00007ffc780a0000 - 0x00007ffc7810b000 	C:\WINDOWS\System32\WS2_32.dll
0x00007ffc6a640000 - 0x00007ffc6a64a000 	C:\WINDOWS\SYSTEM32\VERSION.dll
0x00007ffc74d30000 - 0x00007ffc74d7b000 	C:\WINDOWS\SYSTEM32\POWRPROF.dll
0x00007ffc68f40000 - 0x00007ffc68f67000 	C:\WINDOWS\SYSTEM32\WINMM.dll
0x00007ffc74bf0000 - 0x00007ffc74c02000 	C:\WINDOWS\SYSTEM32\UMPDC.dll
0x00007ffc74010000 - 0x00007ffc74022000 	C:\WINDOWS\SYSTEM32\kernel.appcore.dll
0x00007ffc639f0000 - 0x00007ffc639fa000 	C:\Users\Ferdaws\.jdks\jbr-17.0.8.1\bin\jimage.dll
0x00007ffc73420000 - 0x00007ffc73604000 	C:\WINDOWS\SYSTEM32\DBGHELP.DLL
0x00007ffc63b70000 - 0x00007ffc63ba4000 	C:\WINDOWS\SYSTEM32\dbgcore.DLL
0x00007ffc758a0000 - 0x00007ffc75922000 	C:\WINDOWS\System32\bcryptPrimitives.dll
0x00007ffc6c6e0000 - 0x00007ffc6c6ee000 	C:\Users\Ferdaws\.jdks\jbr-17.0.8.1\bin\instrument.dll
0x00007ffc61920000 - 0x00007ffc61945000 	C:\Users\Ferdaws\.jdks\jbr-17.0.8.1\bin\java.dll
0x00007ffc61fd0000 - 0x00007ffc61fe8000 	C:\Users\Ferdaws\.jdks\jbr-17.0.8.1\bin\zip.dll
0x00007ffc3e830000 - 0x00007ffc3e907000 	C:\Users\Ferdaws\.jdks\jbr-17.0.8.1\bin\jsvml.dll
0x00007ffc76780000 - 0x00007ffc76eed000 	C:\WINDOWS\System32\SHELL32.dll
0x00007ffc73860000 - 0x00007ffc73ffd000 	C:\WINDOWS\SYSTEM32\windows.storage.dll
0x00007ffc777b0000 - 0x00007ffc77b03000 	C:\WINDOWS\System32\combase.dll
0x00007ffc75220000 - 0x00007ffc7524e000 	C:\WINDOWS\SYSTEM32\Wldp.dll
0x00007ffc77520000 - 0x00007ffc775ed000 	C:\WINDOWS\System32\OLEAUT32.dll
0x00007ffc77700000 - 0x00007ffc777ad000 	C:\WINDOWS\System32\SHCORE.dll
0x00007ffc77f40000 - 0x00007ffc77f95000 	C:\WINDOWS\System32\shlwapi.dll
0x00007ffc75730000 - 0x00007ffc75754000 	C:\WINDOWS\SYSTEM32\profapi.dll
0x00007ffc5a880000 - 0x00007ffc5a899000 	C:\Users\Ferdaws\.jdks\jbr-17.0.8.1\bin\net.dll
0x00007ffc6d6f0000 - 0x00007ffc6d7fa000 	C:\WINDOWS\SYSTEM32\WINHTTP.dll
0x00007ffc74f80000 - 0x00007ffc74fea000 	C:\WINDOWS\system32\mswsock.dll
0x00007ffc5a740000 - 0x00007ffc5a756000 	C:\Users\Ferdaws\.jdks\jbr-17.0.8.1\bin\nio.dll
0x00007ffc5c070000 - 0x00007ffc5c08a000 	C:\Program Files\JetBrains\IntelliJ IDEA 2023.2.1\bin\breakgen64.dll
0x0000000069ac0000 - 0x0000000069ae4000 	C:\Users\Ferdaws\AppData\Local\Temp\jansi-2.4.0-b55cae383ac2e180-jansi.dll
0x00007ffc62920000 - 0x00007ffc62930000 	C:\Users\Ferdaws\.jdks\jbr-17.0.8.1\bin\verify.dll

dbghelp: loaded successfully - version: 4.0.5 - missing functions: none
symbol engine: initialized successfully - sym options: 0x614 - pdb path: .;C:\Users\Ferdaws\.jdks\jbr-17.0.8.1\bin;C:\WINDOWS\SYSTEM32;C:\WINDOWS\WinSxS\amd64_microsoft.windows.common-controls_6595b64144ccf1df_6.0.19041.4355_none_60b8b9eb71f62e16;C:\Users\Ferdaws\.jdks\jbr-17.0.8.1\bin\server;C:\Program Files\JetBrains\IntelliJ IDEA 2023.2.1\bin;C:\Users\Ferdaws\AppData\Local\Temp

VM Arguments:
jvm_args: -Dmaven.multiModuleProjectDirectory=D:\version_final_projet\ProjetPDEV3A8-Smart-City-Codemasters -Djansi.passthrough=true -Dmaven.home=C:\Program Files\JetBrains\IntelliJ IDEA 2023.2.1\plugins\maven\lib\maven3 -Dclassworlds.conf=C:\Program Files\JetBrains\IntelliJ IDEA 2023.2.1\plugins\maven\lib\maven3\bin\m2.conf -Dmaven.ext.class.path=C:\Program Files\JetBrains\IntelliJ IDEA 2023.2.1\plugins\maven\lib\maven-event-listener.jar -javaagent:C:\Program Files\JetBrains\IntelliJ IDEA 2023.2.1\lib\idea_rt.jar=60322:C:\Program Files\JetBrains\IntelliJ IDEA 2023.2.1\bin -Dfile.encoding=UTF-8 
java_command: org.codehaus.classworlds.Launcher -Didea.version=2023.2.1 org.openjfx:javafx-maven-plugin:0.0.8:run
java_class_path (initial): C:\Program Files\JetBrains\IntelliJ IDEA 2023.2.1\plugins\maven\lib\maven3\boot\plexus-classworlds-2.7.0.jar;C:\Program Files\JetBrains\IntelliJ IDEA 2023.2.1\plugins\maven\lib\maven3\boot\plexus-classworlds.license
Launcher Type: SUN_STANDARD

[Global flags]
     intx CICompilerCount                          = 12                                        {product} {ergonomic}
     uint ConcGCThreads                            = 4                                         {product} {ergonomic}
     uint G1ConcRefinementThreads                  = 15                                        {product} {ergonomic}
   size_t G1HeapRegionSize                         = 1048576                                   {product} {ergonomic}
    uintx GCDrainStackTargetSize                   = 64                                        {product} {ergonomic}
   size_t InitialHeapSize                          = 130023424                                 {product} {ergonomic}
   size_t MarkStackSize                            = 4194304                                   {product} {ergonomic}
   size_t MaxHeapSize                              = 2065694720                                {product} {ergonomic}
   size_t MaxNewSize                               = 1239416832                                {product} {ergonomic}
   size_t MinHeapDeltaBytes                        = 1048576                                   {product} {ergonomic}
   size_t MinHeapSize                              = 8388608                                   {product} {ergonomic}
    uintx NonNMethodCodeHeapSize                   = 7602480                                {pd product} {ergonomic}
    uintx NonProfiledCodeHeapSize                  = 122027880                              {pd product} {ergonomic}
    uintx ProfiledCodeHeapSize                     = 122027880                              {pd product} {ergonomic}
    uintx ReservedCodeCacheSize                    = 251658240                              {pd product} {ergonomic}
     bool SegmentedCodeCache                       = true                                      {product} {ergonomic}
   size_t SoftMaxHeapSize                          = 2065694720                             {manageable} {ergonomic}
     bool UseCompressedClassPointers               = true                           {product lp64_product} {ergonomic}
     bool UseCompressedOops                        = true                           {product lp64_product} {ergonomic}
     bool UseG1GC                                  = true                                      {product} {ergonomic}
     bool UseLargePagesIndividualAllocation        = false                                  {pd product} {ergonomic}

Logging:
Log output configuration:
 #0: stdout all=warning uptime,level,tags
 #1: stderr all=off uptime,level,tags

Environment Variables:
PATH=C:\oraclexe\app\oracle\product\11.2.0\server\bin;C:\Users\Ferdaws\.jdks\jbr-17.0.9\bin;C:\WINDOWS\system32;C:\WINDOWS;C:\WINDOWS\System32\Wbem;C:\WINDOWS\System32\WindowsPowerShell\v1.0\;C:\WINDOWS\System32\OpenSSH\;D:\Git\cmd;C:\xampp\php;C:\Program Files (x86)\CodeBlocks\MinGW\bin;C:\Program Files (x86)\GnuWin32\bin;C:\composer;C:\Program Files\Pandoc\;C:\Users\Ferdaws\scoop\shims;C:\Users\Ferdaws\AppData\Local\Microsoft\WindowsApps;C:\Users\Ferdaws\AppData\Local\Programs\Microsoft VS Code\bin;C:\Users\Ferdaws\AppData\Roaming\Composer\vendor\bin;C:\Users\Ferdaws\AppData\Local\GitHubDesktop\bin
USERNAME=Ferdaws
OS=Windows_NT
PROCESSOR_IDENTIFIER=Intel64 Family 6 Model 154 Stepping 3, GenuineIntel
TMP=C:\Users\Ferdaws\AppData\Local\Temp
TEMP=C:\Users\Ferdaws\AppData\Local\Temp


JNI global refs:
JNI global refs: 22, weak refs: 0

JNI global refs memory usage: 843, weak refs: 841

OOME stack traces (most recent first):
Classloader memory used:
